31-01-2026 08:00:11 [INFO]: --- ğŸš€ Starting Multi-Page QA Check ---
31-01-2026 08:00:11 [INFO]: >>> ğŸ› ï¸ Launching Chrome (Full HD Mode)...
31-01-2026 08:00:32 [INFO]: 
>>> ğŸ”„ Checking Target: Prod_Check (https://my.rishonlezion.muni.il/arnona/)
31-01-2026 08:00:32 [INFO]: >>> â³ Step Started: Prod_Check__Nav...
31-01-2026 08:00:36 [INFO]: >>> âœ… Step Passed: Prod_Check__Nav
31-01-2026 08:00:36 [INFO]: >>> â³ Step Started: Prod_Check__Login...
31-01-2026 08:00:36 [INFO]: >>> ğŸ”’ Detected 'Privacy/Red' Login Screen. Handling it...
31-01-2026 08:00:49 [INFO]: >>> ğŸ”‘ Regular Login required for Prod_Check. Logging in...
31-01-2026 08:00:54 [INFO]: >>> âœ… Step Passed: Prod_Check__Login
31-01-2026 08:00:54 [INFO]: >>> â³ Step Started: Prod_Check__Verify_Data...
31-01-2026 08:01:03 [INFO]: >>> âœ… SUCCESS: Found '7570727' on Prod_Check.
31-01-2026 08:01:03 [INFO]: >>> âœ… Step Passed: Prod_Check__Verify_Data
31-01-2026 08:01:03 [INFO]: 
>>> ğŸ”„ Checking Target: Test_Check (https://mytest.rishonlezion.muni.il/arnona/)
31-01-2026 08:01:03 [INFO]: >>> â³ Step Started: Test_Check__Nav...
31-01-2026 08:01:12 [INFO]: >>> âœ… Step Passed: Test_Check__Nav
31-01-2026 08:01:12 [INFO]: >>> â³ Step Started: Test_Check__Login...
31-01-2026 08:01:12 [INFO]: >>> ğŸ”’ Detected 'Privacy/Red' Login Screen. Handling it...
31-01-2026 08:01:26 [INFO]: >>> ğŸ”‘ Regular Login required for Test_Check. Logging in...
31-01-2026 08:01:44 [INFO]: >>> âœ… Step Passed: Test_Check__Login
31-01-2026 08:01:44 [INFO]: >>> â³ Step Started: Test_Check__Verify_Data...
31-01-2026 08:02:14 [INFO]: >>> ğŸ“§ Alert sent to 4 recipients via Courier API.
31-01-2026 08:02:14 [ERROR]: >>> ğŸš© RED FLAG at step: [Test_Check__Verify_Data]
31-01-2026 08:02:14 [ERROR]: >>> âŒ Error Details: Data validation failed: System shows 'No Data'
31-01-2026 08:02:14 [INFO]: >>> ğŸ–¼ï¸ Screenshot saved: C:\Rizone\Projects\nitur\logs\screenshots\FAIL_Test_Check__Verify_Data__2026-01-31_06-02-14.png
31-01-2026 08:02:14 [WARN]: >>> âš ï¸ Moving to next target due to: Data validation failed: System shows 'No Data'
31-01-2026 08:02:17 [INFO]: >>> ğŸ Finished all checks.
31-01-2026 11:00:04 [INFO]: --- ğŸš€ Starting Multi-Page QA Check ---
31-01-2026 11:00:04 [INFO]: >>> ğŸ› ï¸ Launching Chrome (Full HD Mode)...
31-01-2026 11:00:22 [INFO]: 
>>> ğŸ”„ Checking Target: Prod_Check (https://my.rishonlezion.muni.il/arnona/)
31-01-2026 11:00:22 [INFO]: >>> â³ Step Started: Prod_Check__Nav...
31-01-2026 11:00:27 [INFO]: >>> âœ… Step Passed: Prod_Check__Nav
31-01-2026 11:00:27 [INFO]: >>> â³ Step Started: Prod_Check__Login...
31-01-2026 11:00:27 [INFO]: >>> ğŸ”’ Detected 'Privacy/Red' Login Screen. Handling it...
31-01-2026 11:00:40 [INFO]: >>> ğŸ”‘ Regular Login required for Prod_Check. Logging in...
31-01-2026 11:00:42 [INFO]: >>> âœ… Step Passed: Prod_Check__Login
31-01-2026 11:00:42 [INFO]: >>> â³ Step Started: Prod_Check__Verify_Data...
31-01-2026 11:01:25 [INFO]: >>> âœ… SUCCESS: Found '7570727' on Prod_Check.
31-01-2026 11:01:25 [INFO]: >>> âœ… Step Passed: Prod_Check__Verify_Data
31-01-2026 11:01:25 [INFO]: 
>>> ğŸ”„ Checking Target: Test_Check (https://mytest.rishonlezion.muni.il/arnona/)
31-01-2026 11:01:25 [INFO]: >>> â³ Step Started: Test_Check__Nav...
31-01-2026 11:01:28 [INFO]: >>> âœ… Step Passed: Test_Check__Nav
31-01-2026 11:01:28 [INFO]: >>> â³ Step Started: Test_Check__Login...
31-01-2026 11:01:28 [INFO]: >>> ğŸ”’ Detected 'Privacy/Red' Login Screen. Handling it...
31-01-2026 11:01:42 [INFO]: >>> ğŸ”‘ Regular Login required for Test_Check. Logging in...
31-01-2026 11:01:47 [INFO]: >>> âœ… Step Passed: Test_Check__Login
31-01-2026 11:01:47 [INFO]: >>> â³ Step Started: Test_Check__Verify_Data...
31-01-2026 11:04:57 [ERROR]: >>> ğŸš© RED FLAG at step: [Test_Check__Verify_Data]
31-01-2026 11:04:57 [ERROR]: >>> âŒ Error Details: Data validation failed: Timeout: Data did not load
31-01-2026 11:04:58 [INFO]: >>> ğŸ–¼ï¸ Screenshot saved: C:\Rizone\Projects\nitur\logs\screenshots\FAIL_Test_Check__Verify_Data__2026-01-31_09-04-57.png
31-01-2026 11:04:58 [WARN]: >>> âš ï¸ Moving to next target due to: Data validation failed: Timeout: Data did not load
31-01-2026 11:05:02 [INFO]: >>> ğŸ Finished all checks.
31-01-2026 14:00:04 [INFO]: --- ğŸš€ Starting Multi-Page QA Check ---
31-01-2026 14:00:04 [INFO]: >>> ğŸ› ï¸ Launching Chrome (Full HD Mode)...
31-01-2026 14:00:06 [INFO]: 
>>> ğŸ”„ Checking Target: Prod_Check (https://my.rishonlezion.muni.il/arnona/)
31-01-2026 14:00:06 [INFO]: >>> â³ Step Started: Prod_Check__Nav...
31-01-2026 14:00:11 [INFO]: >>> âœ… Step Passed: Prod_Check__Nav
31-01-2026 14:00:11 [INFO]: >>> â³ Step Started: Prod_Check__Login...
31-01-2026 14:00:11 [INFO]: >>> ğŸ”’ Detected 'Privacy/Red' Login Screen. Handling it...
31-01-2026 14:00:24 [INFO]: >>> ğŸ”‘ Regular Login required for Prod_Check. Logging in...
31-01-2026 14:00:29 [INFO]: >>> âœ… Step Passed: Prod_Check__Login
31-01-2026 14:00:29 [INFO]: >>> â³ Step Started: Prod_Check__Verify_Data...
31-01-2026 14:00:38 [INFO]: >>> âœ… SUCCESS: Found '7570727' on Prod_Check.
31-01-2026 14:00:38 [INFO]: >>> âœ… Step Passed: Prod_Check__Verify_Data
31-01-2026 14:00:38 [INFO]: 
>>> ğŸ”„ Checking Target: Test_Check (https://mytest.rishonlezion.muni.il/arnona/)
31-01-2026 14:00:38 [INFO]: >>> â³ Step Started: Test_Check__Nav...
31-01-2026 14:00:40 [INFO]: >>> âœ… Step Passed: Test_Check__Nav
31-01-2026 14:00:40 [INFO]: >>> â³ Step Started: Test_Check__Login...
31-01-2026 14:00:40 [INFO]: >>> ğŸ”’ Detected 'Privacy/Red' Login Screen. Handling it...
31-01-2026 14:00:54 [INFO]: >>> ğŸ”‘ Regular Login required for Test_Check. Logging in...
31-01-2026 14:01:20 [INFO]: >>> âœ… Step Passed: Test_Check__Login
31-01-2026 14:01:26 [INFO]: >>> â³ Step Started: Test_Check__Verify_Data...
31-01-2026 14:04:27 [ERROR]: >>> ğŸš© RED FLAG at step: [Test_Check__Verify_Data]
31-01-2026 14:04:27 [ERROR]: >>> âŒ Error Details: Data validation failed: Timeout: Data did not load
31-01-2026 14:04:28 [INFO]: >>> ğŸ–¼ï¸ Screenshot saved: C:\Rizone\Projects\nitur\logs\screenshots\FAIL_Test_Check__Verify_Data__2026-01-31_12-04-27.png
31-01-2026 14:04:28 [WARN]: >>> âš ï¸ Moving to next target due to: Data validation failed: Timeout: Data did not load
31-01-2026 14:04:32 [INFO]: >>> ğŸ Finished all checks.
31-01-2026 17:00:06 [INFO]: --- ğŸš€ Starting Multi-Page QA Check ---
31-01-2026 17:00:06 [INFO]: >>> ğŸ› ï¸ Launching Chrome (Full HD Mode)...
31-01-2026 17:00:09 [INFO]: 
>>> ğŸ”„ Checking Target: Prod_Check (https://my.rishonlezion.muni.il/arnona/)
31-01-2026 17:00:09 [INFO]: >>> â³ Step Started: Prod_Check__Nav...
31-01-2026 17:00:13 [INFO]: >>> âœ… Step Passed: Prod_Check__Nav
31-01-2026 17:00:13 [INFO]: >>> â³ Step Started: Prod_Check__Login...
31-01-2026 17:00:13 [INFO]: >>> ğŸ”’ Detected 'Privacy/Red' Login Screen. Handling it...
31-01-2026 17:00:27 [INFO]: >>> ğŸ”‘ Regular Login required for Prod_Check. Logging in...
31-01-2026 17:00:32 [INFO]: >>> âœ… Step Passed: Prod_Check__Login
31-01-2026 17:00:32 [INFO]: >>> â³ Step Started: Prod_Check__Verify_Data...
31-01-2026 17:00:39 [INFO]: >>> âœ… SUCCESS: Found '7570727' on Prod_Check.
31-01-2026 17:00:39 [INFO]: >>> âœ… Step Passed: Prod_Check__Verify_Data
31-01-2026 17:00:39 [INFO]: 
>>> ğŸ”„ Checking Target: Test_Check (https://mytest.rishonlezion.muni.il/arnona/)
31-01-2026 17:00:39 [INFO]: >>> â³ Step Started: Test_Check__Nav...
31-01-2026 17:00:43 [INFO]: >>> âœ… Step Passed: Test_Check__Nav
31-01-2026 17:00:43 [INFO]: >>> â³ Step Started: Test_Check__Login...
31-01-2026 17:00:43 [INFO]: >>> ğŸ”’ Detected 'Privacy/Red' Login Screen. Handling it...
31-01-2026 17:00:56 [INFO]: >>> ğŸ”‘ Regular Login required for Test_Check. Logging in...
31-01-2026 17:00:59 [INFO]: >>> âœ… Step Passed: Test_Check__Login
31-01-2026 17:00:59 [INFO]: >>> â³ Step Started: Test_Check__Verify_Data...
31-01-2026 17:01:38 [INFO]: >>> ğŸ“§ Alert sent to 4 recipients via Courier API.
31-01-2026 17:01:38 [ERROR]: >>> ğŸš© RED FLAG at step: [Test_Check__Verify_Data]
31-01-2026 17:01:38 [ERROR]: >>> âŒ Error Details: Data validation failed: System shows 'No Data'
31-01-2026 17:01:38 [INFO]: >>> ğŸ–¼ï¸ Screenshot saved: C:\Rizone\Projects\nitur\logs\screenshots\FAIL_Test_Check__Verify_Data__2026-01-31_15-01-38.png
31-01-2026 17:01:38 [WARN]: >>> âš ï¸ Moving to next target due to: Data validation failed: System shows 'No Data'
31-01-2026 17:01:43 [INFO]: >>> ğŸ Finished all checks.
31-01-2026 20:00:25 [INFO]: --- ğŸš€ Starting Multi-Page QA Check ---
31-01-2026 20:00:26 [INFO]: >>> ğŸ› ï¸ Launching Chrome (Full HD Mode)...
31-01-2026 20:02:12 [ERROR]: >>> ğŸ’¥ Fatal Script Error: Timed out after waiting 30000ms
31-01-2026 20:03:44 [INFO]: >>> ğŸ Finished all checks.
