27-01-2026 08:00:07 [INFO]: --- ğŸš€ Starting Multi-Page QA Check ---
27-01-2026 08:00:07 [INFO]: >>> ğŸ› ï¸ Launching Chrome (Full HD Mode)...
27-01-2026 08:00:29 [INFO]: 
>>> ğŸ”„ Checking Target: Prod_Check (https://my.rishonlezion.muni.il/arnona/)
27-01-2026 08:00:29 [INFO]: >>> â³ Step Started: Prod_Check__Nav...
27-01-2026 08:00:33 [INFO]: >>> âœ… Step Passed: Prod_Check__Nav
27-01-2026 08:00:33 [INFO]: >>> â³ Step Started: Prod_Check__Login...
27-01-2026 08:00:33 [INFO]: >>> ğŸ”’ Detected 'Privacy/Red' Login Screen. Handling it...
27-01-2026 08:00:43 [WARN]: >>> âš ï¸ Login popup might still be visible (timeout waiting for hidden)
27-01-2026 08:00:46 [INFO]: >>> ğŸ”‘ Regular Login required for Prod_Check. Logging in...
27-01-2026 08:00:52 [INFO]: >>> â³ Waiting for login redirect...
27-01-2026 08:00:53 [INFO]: >>> âœ… Step Passed: Prod_Check__Login
27-01-2026 08:00:53 [INFO]: >>> â³ Step Started: Prod_Check__Verify_Data...
27-01-2026 08:01:03 [INFO]: >>> ğŸ§ Scanning for VISIBLE data (Waiting up to 180s)...
27-01-2026 08:01:07 [INFO]: >>> âœ… SUCCESS: Found '7570727' on Prod_Check.
27-01-2026 08:01:07 [INFO]: >>> âœ… Step Passed: Prod_Check__Verify_Data
27-01-2026 08:01:07 [INFO]: 
>>> ğŸ”„ Checking Target: Test_Check (https://mytest.rishonlezion.muni.il/arnona/)
27-01-2026 08:01:07 [INFO]: >>> â³ Step Started: Test_Check__Nav...
27-01-2026 08:01:10 [INFO]: >>> âœ… Step Passed: Test_Check__Nav
27-01-2026 08:01:10 [INFO]: >>> â³ Step Started: Test_Check__Login...
27-01-2026 08:01:10 [INFO]: >>> ğŸ”’ Detected 'Privacy/Red' Login Screen. Handling it...
27-01-2026 08:01:21 [WARN]: >>> âš ï¸ Login popup might still be visible (timeout waiting for hidden)
27-01-2026 08:01:24 [INFO]: >>> ğŸ”‘ Regular Login required for Test_Check. Logging in...
27-01-2026 08:01:24 [INFO]: >>> â³ Waiting for login redirect...
27-01-2026 08:01:30 [INFO]: >>> âœ… Step Passed: Test_Check__Login
27-01-2026 08:01:30 [INFO]: >>> â³ Step Started: Test_Check__Verify_Data...
27-01-2026 08:01:40 [INFO]: >>> ğŸ§ Scanning for VISIBLE data (Waiting up to 180s)...
27-01-2026 08:01:50 [INFO]: >>> â³ Still checking... (10s passed)
27-01-2026 08:02:00 [INFO]: >>> â³ Still checking... (20s passed)
27-01-2026 08:02:04 [WARN]: >>> âš ï¸ Visually detected 'No Data' (Clean state). Refreshing once to verify...
27-01-2026 08:02:30 [WARN]: >>> ğŸš© Failure detected (Partial Data Load or Timeout after Refresh). Email SUPPRESSED.
27-01-2026 08:02:30 [ERROR]: >>> ğŸš© RED FLAG at step: [Test_Check__Verify_Data]
27-01-2026 08:02:30 [ERROR]: >>> âŒ Error Details: Data validation failed: Partial Data Load or Timeout after Refresh
27-01-2026 08:02:30 [INFO]: >>> ğŸ–¼ï¸ Screenshot saved: C:\Rizone\Projects\nitur\logs\screenshots\FAIL_Test_Check__Verify_Data__2026-01-27_06-02-30.png
27-01-2026 08:02:30 [WARN]: >>> âš ï¸ Moving to next target due to: Data validation failed: Partial Data Load or Timeout after Refresh
27-01-2026 08:02:34 [INFO]: >>> ğŸ Finished all checks.
27-01-2026 11:00:06 [INFO]: --- ğŸš€ Starting Multi-Page QA Check ---
27-01-2026 11:00:06 [INFO]: >>> ğŸ› ï¸ Launching Chrome (Full HD Mode)...
27-01-2026 11:00:15 [INFO]: 
>>> ğŸ”„ Checking Target: Prod_Check (https://my.rishonlezion.muni.il/arnona/)
27-01-2026 11:00:15 [INFO]: >>> â³ Step Started: Prod_Check__Nav...
27-01-2026 11:00:22 [INFO]: >>> âœ… Step Passed: Prod_Check__Nav
27-01-2026 11:00:22 [INFO]: >>> â³ Step Started: Prod_Check__Login...
27-01-2026 11:00:22 [INFO]: >>> ğŸ”’ Detected 'Privacy/Red' Login Screen. Handling it...
27-01-2026 11:00:33 [WARN]: >>> âš ï¸ Login popup might still be visible (timeout waiting for hidden)
27-01-2026 11:00:36 [INFO]: >>> ğŸ”‘ Regular Login required for Prod_Check. Logging in...
27-01-2026 11:00:36 [INFO]: >>> â³ Waiting for login redirect...
27-01-2026 11:00:38 [INFO]: >>> âœ… Step Passed: Prod_Check__Login
27-01-2026 11:00:38 [INFO]: >>> â³ Step Started: Prod_Check__Verify_Data...
27-01-2026 11:00:46 [INFO]: >>> ğŸ§ Scanning for VISIBLE data (Waiting up to 180s)...
27-01-2026 11:00:46 [INFO]: >>> âœ… SUCCESS: Found '7570727' on Prod_Check.
27-01-2026 11:00:46 [INFO]: >>> âœ… Step Passed: Prod_Check__Verify_Data
27-01-2026 11:00:46 [INFO]: 
>>> ğŸ”„ Checking Target: Test_Check (https://mytest.rishonlezion.muni.il/arnona/)
27-01-2026 11:00:46 [INFO]: >>> â³ Step Started: Test_Check__Nav...
27-01-2026 11:00:49 [INFO]: >>> âœ… Step Passed: Test_Check__Nav
27-01-2026 11:00:49 [INFO]: >>> â³ Step Started: Test_Check__Login...
27-01-2026 11:00:49 [INFO]: >>> ğŸ”’ Detected 'Privacy/Red' Login Screen. Handling it...
27-01-2026 11:00:59 [WARN]: >>> âš ï¸ Login popup might still be visible (timeout waiting for hidden)
27-01-2026 11:01:02 [INFO]: >>> ğŸ”‘ Regular Login required for Test_Check. Logging in...
27-01-2026 11:01:04 [INFO]: >>> â³ Waiting for login redirect...
27-01-2026 11:01:05 [INFO]: >>> âœ… Step Passed: Test_Check__Login
27-01-2026 11:01:05 [INFO]: >>> â³ Step Started: Test_Check__Verify_Data...
27-01-2026 11:01:14 [INFO]: >>> ğŸ§ Scanning for VISIBLE data (Waiting up to 180s)...
27-01-2026 11:01:24 [INFO]: >>> â³ Still checking... (10s passed)
27-01-2026 11:01:34 [INFO]: >>> â³ Still checking... (20s passed)
27-01-2026 11:01:44 [INFO]: >>> â³ Still checking... (30s passed)
27-01-2026 11:01:55 [INFO]: >>> â³ Still checking... (40s passed)
27-01-2026 11:02:05 [INFO]: >>> â³ Still checking... (51s passed)
27-01-2026 11:02:15 [INFO]: >>> â³ Still checking... (61s passed)
27-01-2026 11:02:25 [INFO]: >>> â³ Still checking... (71s passed)
27-01-2026 11:02:35 [INFO]: >>> â³ Still checking... (81s passed)
27-01-2026 11:02:46 [INFO]: >>> â³ Still checking... (91s passed)
27-01-2026 11:02:56 [INFO]: >>> â³ Still checking... (102s passed)
27-01-2026 11:03:06 [INFO]: >>> â³ Still checking... (112s passed)
27-01-2026 11:03:16 [INFO]: >>> â³ Still checking... (122s passed)
27-01-2026 11:03:27 [INFO]: >>> â³ Still checking... (132s passed)
27-01-2026 11:03:37 [INFO]: >>> â³ Still checking... (143s passed)
27-01-2026 11:03:47 [INFO]: >>> â³ Still checking... (153s passed)
27-01-2026 11:03:57 [INFO]: >>> â³ Still checking... (163s passed)
27-01-2026 11:04:08 [INFO]: >>> â³ Still checking... (173s passed)
27-01-2026 11:04:14 [WARN]: >>> ğŸš© Failure detected (Timeout: Data did not load (Blank Screen for 3 mins)). Email SUPPRESSED.
27-01-2026 11:04:14 [ERROR]: >>> ğŸš© RED FLAG at step: [Test_Check__Verify_Data]
27-01-2026 11:04:14 [ERROR]: >>> âŒ Error Details: Data validation failed: Timeout: Data did not load (Blank Screen for 3 mins)
27-01-2026 11:04:14 [INFO]: >>> ğŸ–¼ï¸ Screenshot saved: C:\Rizone\Projects\nitur\logs\screenshots\FAIL_Test_Check__Verify_Data__2026-01-27_09-04-14.png
27-01-2026 11:04:14 [WARN]: >>> âš ï¸ Moving to next target due to: Data validation failed: Timeout: Data did not load (Blank Screen for 3 mins)
27-01-2026 11:04:18 [INFO]: >>> ğŸ Finished all checks.
27-01-2026 14:00:05 [INFO]: --- ğŸš€ Starting Multi-Page QA Check ---
27-01-2026 14:00:05 [INFO]: >>> ğŸ› ï¸ Launching Chrome (Full HD Mode)...
27-01-2026 14:00:07 [INFO]: 
>>> ğŸ”„ Checking Target: Prod_Check (https://my.rishonlezion.muni.il/arnona/)
27-01-2026 14:00:07 [INFO]: >>> â³ Step Started: Prod_Check__Nav...
27-01-2026 14:00:09 [INFO]: >>> âœ… Step Passed: Prod_Check__Nav
27-01-2026 14:00:09 [INFO]: >>> â³ Step Started: Prod_Check__Login...
27-01-2026 14:00:12 [INFO]: >>> ğŸ”‘ Regular Login required for Prod_Check. Logging in...
27-01-2026 14:00:16 [INFO]: >>> â³ Waiting for login redirect...
27-01-2026 14:00:20 [INFO]: >>> âœ… Step Passed: Prod_Check__Login
27-01-2026 14:00:20 [INFO]: >>> â³ Step Started: Prod_Check__Verify_Data...
27-01-2026 14:00:26 [INFO]: >>> ğŸ§ Scanning for VISIBLE data (Waiting up to 180s)...
27-01-2026 14:00:26 [INFO]: >>> âœ… SUCCESS: Found '7570727' on Prod_Check.
27-01-2026 14:00:26 [INFO]: >>> âœ… Step Passed: Prod_Check__Verify_Data
27-01-2026 14:00:26 [INFO]: 
>>> ğŸ”„ Checking Target: Test_Check (https://mytest.rishonlezion.muni.il/arnona/)
27-01-2026 14:00:26 [INFO]: >>> â³ Step Started: Test_Check__Nav...
27-01-2026 14:00:29 [INFO]: >>> âœ… Step Passed: Test_Check__Nav
27-01-2026 14:00:29 [INFO]: >>> â³ Step Started: Test_Check__Login...
27-01-2026 14:00:29 [INFO]: >>> ğŸ”’ Detected 'Privacy/Red' Login Screen. Handling it...
27-01-2026 14:00:39 [WARN]: >>> âš ï¸ Login popup might still be visible (timeout waiting for hidden)
27-01-2026 14:00:42 [INFO]: >>> ğŸ”‘ Regular Login required for Test_Check. Logging in...
27-01-2026 14:00:45 [INFO]: >>> â³ Waiting for login redirect...
27-01-2026 14:00:52 [INFO]: >>> âœ… Step Passed: Test_Check__Login
27-01-2026 14:00:52 [INFO]: >>> â³ Step Started: Test_Check__Verify_Data...
27-01-2026 14:01:02 [INFO]: >>> ğŸ§ Scanning for VISIBLE data (Waiting up to 180s)...
27-01-2026 14:01:12 [INFO]: >>> â³ Still checking... (10s passed)
27-01-2026 14:01:22 [INFO]: >>> â³ Still checking... (20s passed)
27-01-2026 14:01:32 [INFO]: >>> â³ Still checking... (30s passed)
27-01-2026 14:01:43 [INFO]: >>> â³ Still checking... (40s passed)
27-01-2026 14:01:53 [INFO]: >>> â³ Still checking... (50s passed)
27-01-2026 14:02:03 [INFO]: >>> â³ Still checking... (61s passed)
27-01-2026 14:02:13 [INFO]: >>> â³ Still checking... (71s passed)
27-01-2026 14:02:24 [INFO]: >>> â³ Still checking... (81s passed)
27-01-2026 14:02:34 [INFO]: >>> â³ Still checking... (92s passed)
27-01-2026 14:02:44 [INFO]: >>> â³ Still checking... (102s passed)
27-01-2026 14:02:55 [INFO]: >>> â³ Still checking... (112s passed)
27-01-2026 14:03:05 [INFO]: >>> â³ Still checking... (122s passed)
27-01-2026 14:03:15 [INFO]: >>> â³ Still checking... (132s passed)
27-01-2026 14:03:25 [INFO]: >>> â³ Still checking... (143s passed)
27-01-2026 14:03:35 [INFO]: >>> â³ Still checking... (153s passed)
27-01-2026 14:03:46 [INFO]: >>> â³ Still checking... (163s passed)
27-01-2026 14:03:56 [INFO]: >>> â³ Still checking... (173s passed)
27-01-2026 14:04:03 [WARN]: >>> ğŸš© Failure detected (Timeout: Data did not load (Blank Screen for 3 mins)). Email SUPPRESSED.
27-01-2026 14:04:03 [ERROR]: >>> ğŸš© RED FLAG at step: [Test_Check__Verify_Data]
27-01-2026 14:04:03 [ERROR]: >>> âŒ Error Details: Data validation failed: Timeout: Data did not load (Blank Screen for 3 mins)
27-01-2026 14:04:03 [INFO]: >>> ğŸ–¼ï¸ Screenshot saved: C:\Rizone\Projects\nitur\logs\screenshots\FAIL_Test_Check__Verify_Data__2026-01-27_12-04-03.png
27-01-2026 14:04:03 [WARN]: >>> âš ï¸ Moving to next target due to: Data validation failed: Timeout: Data did not load (Blank Screen for 3 mins)
27-01-2026 14:04:08 [INFO]: >>> ğŸ Finished all checks.
27-01-2026 15:43:37 [INFO]: >>> ğŸ§¹ Zombies killed.
27-01-2026 15:43:37 [INFO]: --- ğŸš€ Starting Multi-Page QA Check ---
27-01-2026 15:43:37 [INFO]: >>> ğŸ› ï¸ Launching Chrome (Full HD Mode)...
27-01-2026 15:43:44 [INFO]: 
>>> ğŸ”„ Checking Target: Prod_Check (https://my.rishonlezion.muni.il/arnona/)
27-01-2026 15:43:44 [INFO]: >>> â³ Step Started: Prod_Check__Nav...
27-01-2026 15:43:48 [INFO]: >>> âœ… Step Passed: Prod_Check__Nav
27-01-2026 15:43:48 [INFO]: >>> â³ Step Started: Prod_Check__Login...
27-01-2026 15:43:48 [INFO]: >>> ğŸ”’ Detected 'Privacy/Red' Login Screen. Handling it...
27-01-2026 15:44:02 [INFO]: >>> ğŸ”‘ Regular Login required for Prod_Check. Logging in...
27-01-2026 15:44:05 [INFO]: >>> âœ… Step Passed: Prod_Check__Login
27-01-2026 15:44:05 [INFO]: >>> â³ Step Started: Prod_Check__Verify_Data...
27-01-2026 15:44:15 [INFO]: >>> âœ… SUCCESS: Found '7570727' on Prod_Check.
27-01-2026 15:44:15 [INFO]: >>> âœ… Step Passed: Prod_Check__Verify_Data
27-01-2026 15:44:15 [INFO]: 
>>> ğŸ”„ Checking Target: Test_Check (https://mytest.rishonlezion.muni.il/arnona/)
27-01-2026 15:44:15 [INFO]: >>> â³ Step Started: Test_Check__Nav...
27-01-2026 15:44:17 [INFO]: >>> âœ… Step Passed: Test_Check__Nav
27-01-2026 15:44:17 [INFO]: >>> â³ Step Started: Test_Check__Login...
27-01-2026 15:44:17 [INFO]: >>> ğŸ”’ Detected 'Privacy/Red' Login Screen. Handling it...
27-01-2026 15:44:30 [INFO]: >>> ğŸ”‘ Regular Login required for Test_Check. Logging in...
27-01-2026 15:44:32 [INFO]: >>> âœ… Step Passed: Test_Check__Login
27-01-2026 15:44:32 [INFO]: >>> â³ Step Started: Test_Check__Verify_Data...
27-01-2026 15:47:37 [ERROR]: >>> ğŸš© RED FLAG at step: [Test_Check__Verify_Data]
27-01-2026 15:47:37 [ERROR]: >>> âŒ Error Details: Data validation failed: Timeout: Data did not load
27-01-2026 15:47:37 [INFO]: >>> ğŸ–¼ï¸ Screenshot saved: V:\Projects\nitur\logs\screenshots\FAIL_Test_Check__Verify_Data__2026-01-27_13-47-37.png
27-01-2026 15:47:37 [WARN]: >>> âš ï¸ Moving to next target due to: Data validation failed: Timeout: Data did not load
27-01-2026 15:47:38 [INFO]: >>> ğŸ Finished all checks.
27-01-2026 15:53:08 [INFO]: >>> ğŸ§¹ Zombies killed.
27-01-2026 15:53:09 [INFO]: --- ğŸš€ Starting Multi-Page QA Check ---
27-01-2026 15:53:09 [INFO]: >>> ğŸ› ï¸ Launching Chrome (Full HD Mode)...
27-01-2026 15:53:11 [INFO]: 
>>> ğŸ”„ Checking Target: Prod_Check (https://my.rishonlezion.muni.il/arnona/)
27-01-2026 15:53:11 [INFO]: >>> â³ Step Started: Prod_Check__Nav...
27-01-2026 15:53:16 [INFO]: >>> âœ… Step Passed: Prod_Check__Nav
27-01-2026 15:53:16 [INFO]: >>> â³ Step Started: Prod_Check__Login...
27-01-2026 15:53:16 [INFO]: >>> ğŸ”’ Detected 'Privacy/Red' Login Screen. Handling it...
27-01-2026 15:53:29 [INFO]: >>> ğŸ”‘ Regular Login required for Prod_Check. Logging in...
27-01-2026 15:53:32 [INFO]: >>> âœ… Step Passed: Prod_Check__Login
27-01-2026 15:53:32 [INFO]: >>> â³ Step Started: Prod_Check__Verify_Data...
27-01-2026 15:53:40 [INFO]: >>> âœ… SUCCESS: Found '7570727' on Prod_Check.
27-01-2026 15:53:40 [INFO]: >>> âœ… Step Passed: Prod_Check__Verify_Data
27-01-2026 15:53:40 [INFO]: 
>>> ğŸ”„ Checking Target: Test_Check (https://mytest.rishonlezion.muni.il/arnona/)
27-01-2026 15:53:40 [INFO]: >>> â³ Step Started: Test_Check__Nav...
27-01-2026 15:53:42 [INFO]: >>> âœ… Step Passed: Test_Check__Nav
27-01-2026 15:53:42 [INFO]: >>> â³ Step Started: Test_Check__Login...
27-01-2026 15:53:42 [INFO]: >>> ğŸ”’ Detected 'Privacy/Red' Login Screen. Handling it...
27-01-2026 15:53:55 [INFO]: >>> ğŸ”‘ Regular Login required for Test_Check. Logging in...
27-01-2026 15:53:56 [INFO]: >>> âœ… Step Passed: Test_Check__Login
27-01-2026 15:53:56 [INFO]: >>> â³ Step Started: Test_Check__Verify_Data...
27-01-2026 15:57:04 [ERROR]: >>> ğŸš© RED FLAG at step: [Test_Check__Verify_Data]
27-01-2026 15:57:04 [ERROR]: >>> âŒ Error Details: Data validation failed: Timeout: Data did not load
27-01-2026 15:57:04 [INFO]: >>> ğŸ–¼ï¸ Screenshot saved: V:\Projects\nitur\logs\screenshots\FAIL_Test_Check__Verify_Data__2026-01-27_13-57-04.png
27-01-2026 15:57:04 [WARN]: >>> âš ï¸ Moving to next target due to: Data validation failed: Timeout: Data did not load
27-01-2026 15:57:05 [INFO]: >>> ğŸ Finished all checks.
27-01-2026 17:00:09 [INFO]: --- ğŸš€ Starting Multi-Page QA Check ---
27-01-2026 17:00:09 [INFO]: >>> ğŸ› ï¸ Launching Chrome (Full HD Mode)...
27-01-2026 17:00:18 [INFO]: 
>>> ğŸ”„ Checking Target: Prod_Check (https://my.rishonlezion.muni.il/arnona/)
27-01-2026 17:00:18 [INFO]: >>> â³ Step Started: Prod_Check__Nav...
27-01-2026 17:00:23 [INFO]: >>> âœ… Step Passed: Prod_Check__Nav
27-01-2026 17:00:23 [INFO]: >>> â³ Step Started: Prod_Check__Login...
27-01-2026 17:00:23 [INFO]: >>> ğŸ”’ Detected 'Privacy/Red' Login Screen. Handling it...
27-01-2026 17:00:36 [INFO]: >>> ğŸ”‘ Regular Login required for Prod_Check. Logging in...
27-01-2026 17:00:41 [INFO]: >>> âœ… Step Passed: Prod_Check__Login
27-01-2026 17:00:41 [INFO]: >>> â³ Step Started: Prod_Check__Verify_Data...
27-01-2026 17:00:47 [INFO]: >>> âœ… SUCCESS: Found '7570727' on Prod_Check.
27-01-2026 17:00:47 [INFO]: >>> âœ… Step Passed: Prod_Check__Verify_Data
27-01-2026 17:00:47 [INFO]: 
>>> ğŸ”„ Checking Target: Test_Check (https://mytest.rishonlezion.muni.il/arnona/)
27-01-2026 17:00:47 [INFO]: >>> â³ Step Started: Test_Check__Nav...
27-01-2026 17:00:50 [INFO]: >>> âœ… Step Passed: Test_Check__Nav
27-01-2026 17:00:50 [INFO]: >>> â³ Step Started: Test_Check__Login...
27-01-2026 17:00:50 [INFO]: >>> ğŸ”’ Detected 'Privacy/Red' Login Screen. Handling it...
27-01-2026 17:01:03 [INFO]: >>> ğŸ”‘ Regular Login required for Test_Check. Logging in...
27-01-2026 17:01:11 [INFO]: >>> âœ… Step Passed: Test_Check__Login
27-01-2026 17:01:11 [INFO]: >>> â³ Step Started: Test_Check__Verify_Data...
27-01-2026 17:04:22 [ERROR]: >>> ğŸš© RED FLAG at step: [Test_Check__Verify_Data]
27-01-2026 17:04:22 [ERROR]: >>> âŒ Error Details: Data validation failed: Timeout: Data did not load
27-01-2026 17:04:23 [INFO]: >>> ğŸ–¼ï¸ Screenshot saved: C:\Rizone\Projects\nitur\logs\screenshots\FAIL_Test_Check__Verify_Data__2026-01-27_15-04-22.png
27-01-2026 17:04:23 [WARN]: >>> âš ï¸ Moving to next target due to: Data validation failed: Timeout: Data did not load
27-01-2026 17:04:25 [INFO]: >>> ğŸ Finished all checks.
27-01-2026 20:00:17 [INFO]: --- ğŸš€ Starting Multi-Page QA Check ---
27-01-2026 20:00:17 [INFO]: >>> ğŸ› ï¸ Launching Chrome (Full HD Mode)...
27-01-2026 20:02:58 [INFO]: 
>>> ğŸ”„ Checking Target: Prod_Check (https://my.rishonlezion.muni.il/arnona/)
27-01-2026 20:02:58 [INFO]: >>> â³ Step Started: Prod_Check__Nav...
27-01-2026 20:03:17 [INFO]: >>> âœ… Step Passed: Prod_Check__Nav
27-01-2026 20:03:17 [INFO]: >>> â³ Step Started: Prod_Check__Login...
27-01-2026 20:03:17 [INFO]: >>> ğŸ”’ Detected 'Privacy/Red' Login Screen. Handling it...
27-01-2026 20:03:35 [INFO]: >>> âœ… Step Passed: Prod_Check__Login
27-01-2026 20:03:35 [INFO]: >>> â³ Step Started: Prod_Check__Verify_Data...
27-01-2026 20:06:40 [ERROR]: >>> ğŸš© RED FLAG at step: [Prod_Check__Verify_Data]
27-01-2026 20:06:40 [ERROR]: >>> âŒ Error Details: Data validation failed: Timeout: Data did not load
27-01-2026 20:06:41 [INFO]: >>> ğŸ–¼ï¸ Screenshot saved: C:\Rizone\Projects\nitur\logs\screenshots\FAIL_Prod_Check__Verify_Data__2026-01-27_18-06-40.png
27-01-2026 20:06:41 [WARN]: >>> âš ï¸ Moving to next target due to: Data validation failed: Timeout: Data did not load
27-01-2026 20:06:41 [INFO]: 
>>> ğŸ”„ Checking Target: Test_Check (https://mytest.rishonlezion.muni.il/arnona/)
27-01-2026 20:06:41 [INFO]: >>> â³ Step Started: Test_Check__Nav...
27-01-2026 20:06:55 [INFO]: >>> âœ… Step Passed: Test_Check__Nav
27-01-2026 20:06:55 [INFO]: >>> â³ Step Started: Test_Check__Login...
27-01-2026 20:06:55 [INFO]: >>> ğŸ”’ Detected 'Privacy/Red' Login Screen. Handling it...
27-01-2026 20:07:08 [INFO]: >>> ğŸ”‘ Regular Login required for Test_Check. Logging in...
27-01-2026 20:07:14 [INFO]: >>> âœ… Step Passed: Test_Check__Login
27-01-2026 20:07:14 [INFO]: >>> â³ Step Started: Test_Check__Verify_Data...
27-01-2026 20:10:25 [ERROR]: >>> ğŸš© RED FLAG at step: [Test_Check__Verify_Data]
27-01-2026 20:10:25 [ERROR]: >>> âŒ Error Details: Data validation failed: Timeout: Data did not load
27-01-2026 20:10:25 [INFO]: >>> ğŸ–¼ï¸ Screenshot saved: C:\Rizone\Projects\nitur\logs\screenshots\FAIL_Test_Check__Verify_Data__2026-01-27_18-10-25.png
27-01-2026 20:10:25 [WARN]: >>> âš ï¸ Moving to next target due to: Data validation failed: Timeout: Data did not load
27-01-2026 20:10:37 [INFO]: >>> ğŸ Finished all checks.
