07-02-2026 08:00:06 [INFO]: --- ğŸš€ Starting Multi-Page QA Check ---
07-02-2026 08:00:06 [INFO]: >>> ğŸ› ï¸ Launching Chrome (Full HD Mode)...
07-02-2026 08:00:22 [INFO]: 
>>> ğŸ”„ Checking Target: Prod_Check (https://my.rishonlezion.muni.il/arnona/)
07-02-2026 08:00:22 [INFO]: >>> â³ Step Started: Prod_Check__Nav...
07-02-2026 08:00:26 [INFO]: >>> âœ… Step Passed: Prod_Check__Nav
07-02-2026 08:00:26 [INFO]: >>> â³ Step Started: Prod_Check__Login...
07-02-2026 08:00:26 [INFO]: >>> ğŸ”’ Detected 'Privacy/Red' Login Screen. Handling it...
07-02-2026 08:00:39 [INFO]: >>> ğŸ”‘ Regular Login required for Prod_Check. Logging in...
07-02-2026 08:00:44 [INFO]: >>> âœ… Step Passed: Prod_Check__Login
07-02-2026 08:00:44 [INFO]: >>> â³ Step Started: Prod_Check__Verify_Data...
07-02-2026 08:00:50 [INFO]: >>> âœ… SUCCESS: Found '7570727' on Prod_Check.
07-02-2026 08:00:50 [INFO]: >>> âœ… Step Passed: Prod_Check__Verify_Data
07-02-2026 08:00:50 [INFO]: 
>>> ğŸ”„ Checking Target: Test_Check (https://mytest.rishonlezion.muni.il/arnona/)
07-02-2026 08:00:50 [INFO]: >>> â³ Step Started: Test_Check__Nav...
07-02-2026 08:00:56 [INFO]: >>> âœ… Step Passed: Test_Check__Nav
07-02-2026 08:00:56 [INFO]: >>> â³ Step Started: Test_Check__Login...
07-02-2026 08:00:56 [INFO]: >>> ğŸ”’ Detected 'Privacy/Red' Login Screen. Handling it...
07-02-2026 08:01:09 [INFO]: >>> ğŸ”‘ Regular Login required for Test_Check. Logging in...
07-02-2026 08:01:14 [INFO]: >>> âœ… Step Passed: Test_Check__Login
07-02-2026 08:01:14 [INFO]: >>> â³ Step Started: Test_Check__Verify_Data...
07-02-2026 08:04:25 [ERROR]: >>> ğŸš© RED FLAG at step: [Test_Check__Verify_Data]
07-02-2026 08:04:25 [ERROR]: >>> âŒ Error Details: Data validation failed: Timeout: Data did not load
07-02-2026 08:04:25 [INFO]: >>> ğŸ–¼ï¸ Screenshot saved: C:\Rizone\Projects\nitur\logs\screenshots\FAIL_Test_Check__Verify_Data__2026-02-07_06-04-25.png
07-02-2026 08:04:25 [WARN]: >>> âš ï¸ Moving to next target due to: Data validation failed: Timeout: Data did not load
07-02-2026 08:04:30 [INFO]: >>> ğŸ Finished all checks.
07-02-2026 11:00:06 [INFO]: --- ğŸš€ Starting Multi-Page QA Check ---
07-02-2026 11:00:06 [INFO]: >>> ğŸ› ï¸ Launching Chrome (Full HD Mode)...
07-02-2026 11:00:10 [INFO]: 
>>> ğŸ”„ Checking Target: Prod_Check (https://my.rishonlezion.muni.il/arnona/)
07-02-2026 11:00:10 [INFO]: >>> â³ Step Started: Prod_Check__Nav...
07-02-2026 11:00:14 [INFO]: >>> âœ… Step Passed: Prod_Check__Nav
07-02-2026 11:00:14 [INFO]: >>> â³ Step Started: Prod_Check__Login...
07-02-2026 11:00:14 [INFO]: >>> ğŸ”’ Detected 'Privacy/Red' Login Screen. Handling it...
07-02-2026 11:00:27 [INFO]: >>> ğŸ”‘ Regular Login required for Prod_Check. Logging in...
07-02-2026 11:00:42 [INFO]: >>> âœ… Step Passed: Prod_Check__Login
07-02-2026 11:00:42 [INFO]: >>> â³ Step Started: Prod_Check__Verify_Data...
07-02-2026 11:00:51 [INFO]: >>> âœ… SUCCESS: Found '7570727' on Prod_Check.
07-02-2026 11:00:51 [INFO]: >>> âœ… Step Passed: Prod_Check__Verify_Data
07-02-2026 11:00:51 [INFO]: 
>>> ğŸ”„ Checking Target: Test_Check (https://mytest.rishonlezion.muni.il/arnona/)
07-02-2026 11:00:51 [INFO]: >>> â³ Step Started: Test_Check__Nav...
07-02-2026 11:00:57 [INFO]: >>> âœ… Step Passed: Test_Check__Nav
07-02-2026 11:00:57 [INFO]: >>> â³ Step Started: Test_Check__Login...
07-02-2026 11:00:57 [INFO]: >>> ğŸ”’ Detected 'Privacy/Red' Login Screen. Handling it...
07-02-2026 11:01:10 [INFO]: >>> ğŸ”‘ Regular Login required for Test_Check. Logging in...
07-02-2026 11:01:15 [INFO]: >>> âœ… Step Passed: Test_Check__Login
07-02-2026 11:01:15 [INFO]: >>> â³ Step Started: Test_Check__Verify_Data...
07-02-2026 11:01:42 [INFO]: >>> ğŸ“§ Alert sent to 4 recipients via Courier API.
07-02-2026 11:01:42 [ERROR]: >>> ğŸš© RED FLAG at step: [Test_Check__Verify_Data]
07-02-2026 11:01:42 [ERROR]: >>> âŒ Error Details: Data validation failed: System shows 'No Data'
07-02-2026 11:01:42 [INFO]: >>> ğŸ–¼ï¸ Screenshot saved: C:\Rizone\Projects\nitur\logs\screenshots\FAIL_Test_Check__Verify_Data__2026-02-07_09-01-42.png
07-02-2026 11:01:42 [WARN]: >>> âš ï¸ Moving to next target due to: Data validation failed: System shows 'No Data'
07-02-2026 11:01:52 [INFO]: >>> ğŸ Finished all checks.
07-02-2026 14:00:05 [INFO]: --- ğŸš€ Starting Multi-Page QA Check ---
07-02-2026 14:00:05 [INFO]: >>> ğŸ› ï¸ Launching Chrome (Full HD Mode)...
07-02-2026 14:00:09 [INFO]: 
>>> ğŸ”„ Checking Target: Prod_Check (https://my.rishonlezion.muni.il/arnona/)
07-02-2026 14:00:09 [INFO]: >>> â³ Step Started: Prod_Check__Nav...
07-02-2026 14:00:12 [INFO]: >>> âœ… Step Passed: Prod_Check__Nav
07-02-2026 14:00:12 [INFO]: >>> â³ Step Started: Prod_Check__Login...
07-02-2026 14:00:12 [INFO]: >>> ğŸ”’ Detected 'Privacy/Red' Login Screen. Handling it...
07-02-2026 14:00:25 [INFO]: >>> ğŸ”‘ Regular Login required for Prod_Check. Logging in...
07-02-2026 14:00:31 [INFO]: >>> âœ… Step Passed: Prod_Check__Login
07-02-2026 14:00:31 [INFO]: >>> â³ Step Started: Prod_Check__Verify_Data...
07-02-2026 14:00:37 [INFO]: >>> âœ… SUCCESS: Found '7570727' on Prod_Check.
07-02-2026 14:00:37 [INFO]: >>> âœ… Step Passed: Prod_Check__Verify_Data
07-02-2026 14:00:37 [INFO]: 
>>> ğŸ”„ Checking Target: Test_Check (https://mytest.rishonlezion.muni.il/arnona/)
07-02-2026 14:00:37 [INFO]: >>> â³ Step Started: Test_Check__Nav...
07-02-2026 14:00:40 [INFO]: >>> âœ… Step Passed: Test_Check__Nav
07-02-2026 14:00:40 [INFO]: >>> â³ Step Started: Test_Check__Login...
07-02-2026 14:00:40 [INFO]: >>> ğŸ”’ Detected 'Privacy/Red' Login Screen. Handling it...
07-02-2026 14:00:53 [INFO]: >>> ğŸ”‘ Regular Login required for Test_Check. Logging in...
07-02-2026 14:01:02 [INFO]: >>> âœ… Step Passed: Test_Check__Login
07-02-2026 14:01:02 [INFO]: >>> â³ Step Started: Test_Check__Verify_Data...
07-02-2026 14:01:28 [INFO]: >>> ğŸ“§ Alert sent to 4 recipients via Courier API.
07-02-2026 14:01:28 [ERROR]: >>> ğŸš© RED FLAG at step: [Test_Check__Verify_Data]
07-02-2026 14:01:28 [ERROR]: >>> âŒ Error Details: Data validation failed: System shows 'No Data'
07-02-2026 14:01:29 [INFO]: >>> ğŸ–¼ï¸ Screenshot saved: C:\Rizone\Projects\nitur\logs\screenshots\FAIL_Test_Check__Verify_Data__2026-02-07_12-01-28.png
07-02-2026 14:01:29 [WARN]: >>> âš ï¸ Moving to next target due to: Data validation failed: System shows 'No Data'
07-02-2026 14:01:32 [INFO]: >>> ğŸ Finished all checks.
07-02-2026 17:00:05 [INFO]: --- ğŸš€ Starting Multi-Page QA Check ---
07-02-2026 17:00:05 [INFO]: >>> ğŸ› ï¸ Launching Chrome (Full HD Mode)...
07-02-2026 17:00:07 [INFO]: 
>>> ğŸ”„ Checking Target: Prod_Check (https://my.rishonlezion.muni.il/arnona/)
07-02-2026 17:00:07 [INFO]: >>> â³ Step Started: Prod_Check__Nav...
07-02-2026 17:00:12 [INFO]: >>> âœ… Step Passed: Prod_Check__Nav
07-02-2026 17:00:12 [INFO]: >>> â³ Step Started: Prod_Check__Login...
07-02-2026 17:00:12 [INFO]: >>> ğŸ”’ Detected 'Privacy/Red' Login Screen. Handling it...
07-02-2026 17:00:25 [INFO]: >>> ğŸ”‘ Regular Login required for Prod_Check. Logging in...
07-02-2026 17:00:29 [INFO]: >>> âœ… Step Passed: Prod_Check__Login
07-02-2026 17:00:29 [INFO]: >>> â³ Step Started: Prod_Check__Verify_Data...
07-02-2026 17:00:35 [INFO]: >>> âœ… SUCCESS: Found '7570727' on Prod_Check.
07-02-2026 17:00:35 [INFO]: >>> âœ… Step Passed: Prod_Check__Verify_Data
07-02-2026 17:00:35 [INFO]: 
>>> ğŸ”„ Checking Target: Test_Check (https://mytest.rishonlezion.muni.il/arnona/)
07-02-2026 17:00:35 [INFO]: >>> â³ Step Started: Test_Check__Nav...
07-02-2026 17:00:38 [INFO]: >>> âœ… Step Passed: Test_Check__Nav
07-02-2026 17:00:38 [INFO]: >>> â³ Step Started: Test_Check__Login...
07-02-2026 17:00:38 [INFO]: >>> ğŸ”’ Detected 'Privacy/Red' Login Screen. Handling it...
07-02-2026 17:00:51 [INFO]: >>> ğŸ”‘ Regular Login required for Test_Check. Logging in...
07-02-2026 17:00:55 [INFO]: >>> âœ… Step Passed: Test_Check__Login
07-02-2026 17:00:55 [INFO]: >>> â³ Step Started: Test_Check__Verify_Data...
07-02-2026 17:01:22 [INFO]: >>> ğŸ“§ Alert sent to 4 recipients via Courier API.
07-02-2026 17:01:22 [ERROR]: >>> ğŸš© RED FLAG at step: [Test_Check__Verify_Data]
07-02-2026 17:01:22 [ERROR]: >>> âŒ Error Details: Data validation failed: System shows 'No Data'
07-02-2026 17:01:22 [INFO]: >>> ğŸ–¼ï¸ Screenshot saved: C:\Rizone\Projects\nitur\logs\screenshots\FAIL_Test_Check__Verify_Data__2026-02-07_15-01-22.png
07-02-2026 17:01:22 [WARN]: >>> âš ï¸ Moving to next target due to: Data validation failed: System shows 'No Data'
07-02-2026 17:01:24 [INFO]: >>> ğŸ Finished all checks.
07-02-2026 20:00:59 [INFO]: --- ğŸš€ Starting Multi-Page QA Check ---
07-02-2026 20:01:03 [INFO]: >>> ğŸ› ï¸ Launching Chrome (Full HD Mode)...
07-02-2026 20:04:04 [ERROR]: >>> ğŸ’¥ Fatal Script Error: The browser is already running for C:\Users\SERVIC~1.IL\AppData\Local\Temp\puppeteer_dev_chrome_profile-uWEp5E. Use a different `userDataDir` or stop the running browser first.
07-02-2026 20:04:04 [INFO]: >>> ğŸ Finished all checks.
