29-01-2026 08:00:07 [INFO]: --- ğŸš€ Starting Multi-Page QA Check ---
29-01-2026 08:00:07 [INFO]: >>> ğŸ› ï¸ Launching Chrome (Full HD Mode)...
29-01-2026 08:00:26 [INFO]: 
>>> ğŸ”„ Checking Target: Prod_Check (https://my.rishonlezion.muni.il/arnona/)
29-01-2026 08:00:26 [INFO]: >>> â³ Step Started: Prod_Check__Nav...
29-01-2026 08:00:30 [INFO]: >>> âœ… Step Passed: Prod_Check__Nav
29-01-2026 08:00:31 [INFO]: >>> â³ Step Started: Prod_Check__Login...
29-01-2026 08:00:31 [INFO]: >>> ğŸ”’ Detected 'Privacy/Red' Login Screen. Handling it...
29-01-2026 08:00:45 [INFO]: >>> ğŸ”‘ Regular Login required for Prod_Check. Logging in...
29-01-2026 08:00:49 [INFO]: >>> âœ… Step Passed: Prod_Check__Login
29-01-2026 08:00:49 [INFO]: >>> â³ Step Started: Prod_Check__Verify_Data...
29-01-2026 08:01:03 [INFO]: >>> âœ… SUCCESS: Found '7570727' on Prod_Check.
29-01-2026 08:01:03 [INFO]: >>> âœ… Step Passed: Prod_Check__Verify_Data
29-01-2026 08:01:03 [INFO]: 
>>> ğŸ”„ Checking Target: Test_Check (https://mytest.rishonlezion.muni.il/arnona/)
29-01-2026 08:01:03 [INFO]: >>> â³ Step Started: Test_Check__Nav...
29-01-2026 08:01:06 [INFO]: >>> âœ… Step Passed: Test_Check__Nav
29-01-2026 08:01:06 [INFO]: >>> â³ Step Started: Test_Check__Login...
29-01-2026 08:01:06 [INFO]: >>> ğŸ”’ Detected 'Privacy/Red' Login Screen. Handling it...
29-01-2026 08:01:19 [INFO]: >>> ğŸ”‘ Regular Login required for Test_Check. Logging in...
29-01-2026 08:01:26 [INFO]: >>> âœ… Step Passed: Test_Check__Login
29-01-2026 08:01:26 [INFO]: >>> â³ Step Started: Test_Check__Verify_Data...
29-01-2026 08:04:36 [ERROR]: >>> ğŸš© RED FLAG at step: [Test_Check__Verify_Data]
29-01-2026 08:04:36 [ERROR]: >>> âŒ Error Details: Data validation failed: Timeout: Data did not load
29-01-2026 08:04:37 [INFO]: >>> ğŸ–¼ï¸ Screenshot saved: C:\Rizone\Projects\nitur\logs\screenshots\FAIL_Test_Check__Verify_Data__2026-01-29_06-04-36.png
29-01-2026 08:04:37 [WARN]: >>> âš ï¸ Moving to next target due to: Data validation failed: Timeout: Data did not load
29-01-2026 08:04:40 [INFO]: >>> ğŸ Finished all checks.
29-01-2026 11:00:06 [INFO]: --- ğŸš€ Starting Multi-Page QA Check ---
29-01-2026 11:00:06 [INFO]: >>> ğŸ› ï¸ Launching Chrome (Full HD Mode)...
29-01-2026 11:00:09 [INFO]: 
>>> ğŸ”„ Checking Target: Prod_Check (https://my.rishonlezion.muni.il/arnona/)
29-01-2026 11:00:09 [INFO]: >>> â³ Step Started: Prod_Check__Nav...
29-01-2026 11:00:12 [INFO]: >>> âœ… Step Passed: Prod_Check__Nav
29-01-2026 11:00:12 [INFO]: >>> â³ Step Started: Prod_Check__Login...
29-01-2026 11:00:12 [INFO]: >>> ğŸ”’ Detected 'Privacy/Red' Login Screen. Handling it...
29-01-2026 11:00:26 [INFO]: >>> ğŸ”‘ Regular Login required for Prod_Check. Logging in...
29-01-2026 11:00:28 [INFO]: >>> âœ… Step Passed: Prod_Check__Login
29-01-2026 11:00:28 [INFO]: >>> â³ Step Started: Prod_Check__Verify_Data...
29-01-2026 11:00:35 [INFO]: >>> âœ… SUCCESS: Found '7570727' on Prod_Check.
29-01-2026 11:00:35 [INFO]: >>> âœ… Step Passed: Prod_Check__Verify_Data
29-01-2026 11:00:35 [INFO]: 
>>> ğŸ”„ Checking Target: Test_Check (https://mytest.rishonlezion.muni.il/arnona/)
29-01-2026 11:00:35 [INFO]: >>> â³ Step Started: Test_Check__Nav...
29-01-2026 11:00:41 [INFO]: >>> âœ… Step Passed: Test_Check__Nav
29-01-2026 11:00:41 [INFO]: >>> â³ Step Started: Test_Check__Login...
29-01-2026 11:00:41 [INFO]: >>> ğŸ”’ Detected 'Privacy/Red' Login Screen. Handling it...
29-01-2026 11:00:54 [INFO]: >>> ğŸ”‘ Regular Login required for Test_Check. Logging in...
29-01-2026 11:00:56 [INFO]: >>> âœ… Step Passed: Test_Check__Login
29-01-2026 11:00:56 [INFO]: >>> â³ Step Started: Test_Check__Verify_Data...
29-01-2026 11:04:05 [ERROR]: >>> ğŸš© RED FLAG at step: [Test_Check__Verify_Data]
29-01-2026 11:04:05 [ERROR]: >>> âŒ Error Details: Data validation failed: Timeout: Data did not load
29-01-2026 11:04:05 [INFO]: >>> ğŸ–¼ï¸ Screenshot saved: C:\Rizone\Projects\nitur\logs\screenshots\FAIL_Test_Check__Verify_Data__2026-01-29_09-04-05.png
29-01-2026 11:04:05 [WARN]: >>> âš ï¸ Moving to next target due to: Data validation failed: Timeout: Data did not load
29-01-2026 11:04:11 [INFO]: >>> ğŸ Finished all checks.
29-01-2026 14:00:05 [INFO]: --- ğŸš€ Starting Multi-Page QA Check ---
29-01-2026 14:00:05 [INFO]: >>> ğŸ› ï¸ Launching Chrome (Full HD Mode)...
29-01-2026 14:00:16 [INFO]: 
>>> ğŸ”„ Checking Target: Prod_Check (https://my.rishonlezion.muni.il/arnona/)
29-01-2026 14:00:16 [INFO]: >>> â³ Step Started: Prod_Check__Nav...
29-01-2026 14:00:19 [INFO]: >>> âœ… Step Passed: Prod_Check__Nav
29-01-2026 14:00:19 [INFO]: >>> â³ Step Started: Prod_Check__Login...
29-01-2026 14:00:19 [INFO]: >>> ğŸ”’ Detected 'Privacy/Red' Login Screen. Handling it...
29-01-2026 14:00:33 [INFO]: >>> ğŸ”‘ Regular Login required for Prod_Check. Logging in...
29-01-2026 14:00:36 [INFO]: >>> âœ… Step Passed: Prod_Check__Login
29-01-2026 14:00:36 [INFO]: >>> â³ Step Started: Prod_Check__Verify_Data...
29-01-2026 14:00:44 [INFO]: >>> âœ… SUCCESS: Found '7570727' on Prod_Check.
29-01-2026 14:00:44 [INFO]: >>> âœ… Step Passed: Prod_Check__Verify_Data
29-01-2026 14:00:44 [INFO]: 
>>> ğŸ”„ Checking Target: Test_Check (https://mytest.rishonlezion.muni.il/arnona/)
29-01-2026 14:00:44 [INFO]: >>> â³ Step Started: Test_Check__Nav...
29-01-2026 14:00:46 [INFO]: >>> âœ… Step Passed: Test_Check__Nav
29-01-2026 14:00:46 [INFO]: >>> â³ Step Started: Test_Check__Login...
29-01-2026 14:00:46 [INFO]: >>> ğŸ”’ Detected 'Privacy/Red' Login Screen. Handling it...
29-01-2026 14:00:59 [INFO]: >>> ğŸ”‘ Regular Login required for Test_Check. Logging in...
29-01-2026 14:01:04 [INFO]: >>> âœ… Step Passed: Test_Check__Login
29-01-2026 14:01:04 [INFO]: >>> â³ Step Started: Test_Check__Verify_Data...
29-01-2026 14:04:15 [ERROR]: >>> ğŸš© RED FLAG at step: [Test_Check__Verify_Data]
29-01-2026 14:04:15 [ERROR]: >>> âŒ Error Details: Data validation failed: Timeout: Data did not load
29-01-2026 14:04:16 [INFO]: >>> ğŸ–¼ï¸ Screenshot saved: C:\Rizone\Projects\nitur\logs\screenshots\FAIL_Test_Check__Verify_Data__2026-01-29_12-04-15.png
29-01-2026 14:04:16 [WARN]: >>> âš ï¸ Moving to next target due to: Data validation failed: Timeout: Data did not load
29-01-2026 14:04:18 [INFO]: >>> ğŸ Finished all checks.
29-01-2026 17:00:05 [INFO]: --- ğŸš€ Starting Multi-Page QA Check ---
29-01-2026 17:00:05 [INFO]: >>> ğŸ› ï¸ Launching Chrome (Full HD Mode)...
29-01-2026 17:00:07 [INFO]: 
>>> ğŸ”„ Checking Target: Prod_Check (https://my.rishonlezion.muni.il/arnona/)
29-01-2026 17:00:07 [INFO]: >>> â³ Step Started: Prod_Check__Nav...
29-01-2026 17:00:12 [INFO]: >>> âœ… Step Passed: Prod_Check__Nav
29-01-2026 17:00:12 [INFO]: >>> â³ Step Started: Prod_Check__Login...
29-01-2026 17:00:12 [INFO]: >>> ğŸ”’ Detected 'Privacy/Red' Login Screen. Handling it...
29-01-2026 17:00:25 [INFO]: >>> ğŸ”‘ Regular Login required for Prod_Check. Logging in...
29-01-2026 17:00:29 [INFO]: >>> âœ… Step Passed: Prod_Check__Login
29-01-2026 17:00:29 [INFO]: >>> â³ Step Started: Prod_Check__Verify_Data...
29-01-2026 17:00:35 [INFO]: >>> âœ… SUCCESS: Found '7570727' on Prod_Check.
29-01-2026 17:00:35 [INFO]: >>> âœ… Step Passed: Prod_Check__Verify_Data
29-01-2026 17:00:35 [INFO]: 
>>> ğŸ”„ Checking Target: Test_Check (https://mytest.rishonlezion.muni.il/arnona/)
29-01-2026 17:00:35 [INFO]: >>> â³ Step Started: Test_Check__Nav...
29-01-2026 17:00:38 [INFO]: >>> âœ… Step Passed: Test_Check__Nav
29-01-2026 17:00:38 [INFO]: >>> â³ Step Started: Test_Check__Login...
29-01-2026 17:00:38 [INFO]: >>> ğŸ”’ Detected 'Privacy/Red' Login Screen. Handling it...
29-01-2026 17:00:51 [INFO]: >>> ğŸ”‘ Regular Login required for Test_Check. Logging in...
29-01-2026 17:00:56 [INFO]: >>> âœ… Step Passed: Test_Check__Login
29-01-2026 17:00:56 [INFO]: >>> â³ Step Started: Test_Check__Verify_Data...
29-01-2026 17:04:07 [ERROR]: >>> ğŸš© RED FLAG at step: [Test_Check__Verify_Data]
29-01-2026 17:04:07 [ERROR]: >>> âŒ Error Details: Data validation failed: Timeout: Data did not load
29-01-2026 17:04:07 [INFO]: >>> ğŸ–¼ï¸ Screenshot saved: C:\Rizone\Projects\nitur\logs\screenshots\FAIL_Test_Check__Verify_Data__2026-01-29_15-04-07.png
29-01-2026 17:04:07 [WARN]: >>> âš ï¸ Moving to next target due to: Data validation failed: Timeout: Data did not load
29-01-2026 17:04:09 [INFO]: >>> ğŸ Finished all checks.
29-01-2026 20:00:15 [INFO]: --- ğŸš€ Starting Multi-Page QA Check ---
29-01-2026 20:00:15 [INFO]: >>> ğŸ› ï¸ Launching Chrome (Full HD Mode)...
29-01-2026 20:02:18 [INFO]: 
>>> ğŸ”„ Checking Target: Prod_Check (https://my.rishonlezion.muni.il/arnona/)
29-01-2026 20:02:18 [INFO]: >>> â³ Step Started: Prod_Check__Nav...
29-01-2026 20:03:06 [INFO]: >>> âœ… Step Passed: Prod_Check__Nav
29-01-2026 20:03:06 [INFO]: >>> â³ Step Started: Prod_Check__Login...
29-01-2026 20:03:06 [INFO]: >>> ğŸ”’ Detected 'Privacy/Red' Login Screen. Handling it...
29-01-2026 20:03:26 [INFO]: >>> ğŸ”‘ Regular Login required for Prod_Check. Logging in...
29-01-2026 20:03:33 [INFO]: >>> âœ… Step Passed: Prod_Check__Login
29-01-2026 20:03:33 [INFO]: >>> â³ Step Started: Prod_Check__Verify_Data...
29-01-2026 20:03:43 [INFO]: >>> âœ… SUCCESS: Found '7570727' on Prod_Check.
29-01-2026 20:03:43 [INFO]: >>> âœ… Step Passed: Prod_Check__Verify_Data
29-01-2026 20:03:43 [INFO]: 
>>> ğŸ”„ Checking Target: Test_Check (https://mytest.rishonlezion.muni.il/arnona/)
29-01-2026 20:03:43 [INFO]: >>> â³ Step Started: Test_Check__Nav...
29-01-2026 20:03:47 [INFO]: >>> âœ… Step Passed: Test_Check__Nav
29-01-2026 20:03:47 [INFO]: >>> â³ Step Started: Test_Check__Login...
29-01-2026 20:03:47 [INFO]: >>> ğŸ”’ Detected 'Privacy/Red' Login Screen. Handling it...
29-01-2026 20:04:00 [INFO]: >>> ğŸ”‘ Regular Login required for Test_Check. Logging in...
29-01-2026 20:04:07 [INFO]: >>> âœ… Step Passed: Test_Check__Login
29-01-2026 20:04:07 [INFO]: >>> â³ Step Started: Test_Check__Verify_Data...
29-01-2026 20:07:17 [ERROR]: >>> ğŸš© RED FLAG at step: [Test_Check__Verify_Data]
29-01-2026 20:07:17 [ERROR]: >>> âŒ Error Details: Data validation failed: Timeout: Data did not load
29-01-2026 20:07:17 [INFO]: >>> ğŸ–¼ï¸ Screenshot saved: C:\Rizone\Projects\nitur\logs\screenshots\FAIL_Test_Check__Verify_Data__2026-01-29_18-07-17.png
29-01-2026 20:07:17 [WARN]: >>> âš ï¸ Moving to next target due to: Data validation failed: Timeout: Data did not load
29-01-2026 20:07:31 [INFO]: >>> ğŸ Finished all checks.
