06-02-2026 08:00:06 [INFO]: --- ğŸš€ Starting Multi-Page QA Check ---
06-02-2026 08:00:06 [INFO]: >>> ğŸ› ï¸ Launching Chrome (Full HD Mode)...
06-02-2026 08:00:23 [INFO]: 
>>> ğŸ”„ Checking Target: Prod_Check (https://my.rishonlezion.muni.il/arnona/)
06-02-2026 08:00:23 [INFO]: >>> â³ Step Started: Prod_Check__Nav...
06-02-2026 08:00:27 [INFO]: >>> âœ… Step Passed: Prod_Check__Nav
06-02-2026 08:00:28 [INFO]: >>> â³ Step Started: Prod_Check__Login...
06-02-2026 08:00:28 [INFO]: >>> ğŸ”’ Detected 'Privacy/Red' Login Screen. Handling it...
06-02-2026 08:00:43 [INFO]: >>> ğŸ”‘ Regular Login required for Prod_Check. Logging in...
06-02-2026 08:00:46 [INFO]: >>> âœ… Step Passed: Prod_Check__Login
06-02-2026 08:00:46 [INFO]: >>> â³ Step Started: Prod_Check__Verify_Data...
06-02-2026 08:00:58 [INFO]: >>> âœ… SUCCESS: Found '7570727' on Prod_Check.
06-02-2026 08:00:58 [INFO]: >>> âœ… Step Passed: Prod_Check__Verify_Data
06-02-2026 08:00:58 [INFO]: 
>>> ğŸ”„ Checking Target: Test_Check (https://mytest.rishonlezion.muni.il/arnona/)
06-02-2026 08:00:58 [INFO]: >>> â³ Step Started: Test_Check__Nav...
06-02-2026 08:01:03 [INFO]: >>> âœ… Step Passed: Test_Check__Nav
06-02-2026 08:01:03 [INFO]: >>> â³ Step Started: Test_Check__Login...
06-02-2026 08:01:03 [INFO]: >>> ğŸ”’ Detected 'Privacy/Red' Login Screen. Handling it...
06-02-2026 08:01:16 [INFO]: >>> ğŸ”‘ Regular Login required for Test_Check. Logging in...
06-02-2026 08:01:21 [INFO]: >>> âœ… Step Passed: Test_Check__Login
06-02-2026 08:01:21 [INFO]: >>> â³ Step Started: Test_Check__Verify_Data...
06-02-2026 08:02:02 [INFO]: >>> âœ… SUCCESS: Found '7570727' on Test_Check.
06-02-2026 08:02:02 [INFO]: >>> âœ… Step Passed: Test_Check__Verify_Data
06-02-2026 08:02:08 [INFO]: >>> ğŸ Finished all checks.
06-02-2026 11:00:04 [INFO]: --- ğŸš€ Starting Multi-Page QA Check ---
06-02-2026 11:00:04 [INFO]: >>> ğŸ› ï¸ Launching Chrome (Full HD Mode)...
06-02-2026 11:00:06 [INFO]: 
>>> ğŸ”„ Checking Target: Prod_Check (https://my.rishonlezion.muni.il/arnona/)
06-02-2026 11:00:06 [INFO]: >>> â³ Step Started: Prod_Check__Nav...
06-02-2026 11:00:10 [INFO]: >>> âœ… Step Passed: Prod_Check__Nav
06-02-2026 11:00:10 [INFO]: >>> â³ Step Started: Prod_Check__Login...
06-02-2026 11:00:10 [INFO]: >>> ğŸ”’ Detected 'Privacy/Red' Login Screen. Handling it...
06-02-2026 11:00:23 [INFO]: >>> ğŸ”‘ Regular Login required for Prod_Check. Logging in...
06-02-2026 11:00:26 [INFO]: >>> âœ… Step Passed: Prod_Check__Login
06-02-2026 11:00:26 [INFO]: >>> â³ Step Started: Prod_Check__Verify_Data...
06-02-2026 11:00:32 [INFO]: >>> âœ… SUCCESS: Found '7570727' on Prod_Check.
06-02-2026 11:00:32 [INFO]: >>> âœ… Step Passed: Prod_Check__Verify_Data
06-02-2026 11:00:32 [INFO]: 
>>> ğŸ”„ Checking Target: Test_Check (https://mytest.rishonlezion.muni.il/arnona/)
06-02-2026 11:00:32 [INFO]: >>> â³ Step Started: Test_Check__Nav...
06-02-2026 11:00:34 [INFO]: >>> âœ… Step Passed: Test_Check__Nav
06-02-2026 11:00:34 [INFO]: >>> â³ Step Started: Test_Check__Login...
06-02-2026 11:00:34 [INFO]: >>> ğŸ”’ Detected 'Privacy/Red' Login Screen. Handling it...
06-02-2026 11:00:48 [INFO]: >>> ğŸ”‘ Regular Login required for Test_Check. Logging in...
06-02-2026 11:01:03 [INFO]: >>> âœ… Step Passed: Test_Check__Login
06-02-2026 11:01:03 [INFO]: >>> â³ Step Started: Test_Check__Verify_Data...
06-02-2026 11:01:37 [INFO]: >>> âœ… SUCCESS: Found '7570727' on Test_Check.
06-02-2026 11:01:37 [INFO]: >>> âœ… Step Passed: Test_Check__Verify_Data
06-02-2026 11:01:40 [INFO]: >>> ğŸ Finished all checks.
06-02-2026 14:00:04 [INFO]: --- ğŸš€ Starting Multi-Page QA Check ---
06-02-2026 14:00:04 [INFO]: >>> ğŸ› ï¸ Launching Chrome (Full HD Mode)...
06-02-2026 14:00:06 [INFO]: 
>>> ğŸ”„ Checking Target: Prod_Check (https://my.rishonlezion.muni.il/arnona/)
06-02-2026 14:00:06 [INFO]: >>> â³ Step Started: Prod_Check__Nav...
06-02-2026 14:00:15 [INFO]: >>> âœ… Step Passed: Prod_Check__Nav
06-02-2026 14:00:15 [INFO]: >>> â³ Step Started: Prod_Check__Login...
06-02-2026 14:00:15 [INFO]: >>> ğŸ”’ Detected 'Privacy/Red' Login Screen. Handling it...
06-02-2026 14:00:28 [INFO]: >>> ğŸ”‘ Regular Login required for Prod_Check. Logging in...
06-02-2026 14:00:31 [INFO]: >>> âœ… Step Passed: Prod_Check__Login
06-02-2026 14:00:31 [INFO]: >>> â³ Step Started: Prod_Check__Verify_Data...
06-02-2026 14:00:37 [INFO]: >>> âœ… SUCCESS: Found '7570727' on Prod_Check.
06-02-2026 14:00:37 [INFO]: >>> âœ… Step Passed: Prod_Check__Verify_Data
06-02-2026 14:00:37 [INFO]: 
>>> ğŸ”„ Checking Target: Test_Check (https://mytest.rishonlezion.muni.il/arnona/)
06-02-2026 14:00:37 [INFO]: >>> â³ Step Started: Test_Check__Nav...
06-02-2026 14:00:40 [INFO]: >>> âœ… Step Passed: Test_Check__Nav
06-02-2026 14:00:40 [INFO]: >>> â³ Step Started: Test_Check__Login...
06-02-2026 14:00:40 [INFO]: >>> ğŸ”’ Detected 'Privacy/Red' Login Screen. Handling it...
06-02-2026 14:00:54 [INFO]: >>> ğŸ”‘ Regular Login required for Test_Check. Logging in...
06-02-2026 14:00:58 [INFO]: >>> âœ… Step Passed: Test_Check__Login
06-02-2026 14:00:58 [INFO]: >>> â³ Step Started: Test_Check__Verify_Data...
06-02-2026 14:01:34 [INFO]: >>> âœ… SUCCESS: Found '7570727' on Test_Check.
06-02-2026 14:01:34 [INFO]: >>> âœ… Step Passed: Test_Check__Verify_Data
06-02-2026 14:01:37 [INFO]: >>> ğŸ Finished all checks.
06-02-2026 17:00:04 [INFO]: --- ğŸš€ Starting Multi-Page QA Check ---
06-02-2026 17:00:05 [INFO]: >>> ğŸ› ï¸ Launching Chrome (Full HD Mode)...
06-02-2026 17:00:10 [INFO]: 
>>> ğŸ”„ Checking Target: Prod_Check (https://my.rishonlezion.muni.il/arnona/)
06-02-2026 17:00:10 [INFO]: >>> â³ Step Started: Prod_Check__Nav...
06-02-2026 17:00:19 [INFO]: >>> âœ… Step Passed: Prod_Check__Nav
06-02-2026 17:00:19 [INFO]: >>> â³ Step Started: Prod_Check__Login...
06-02-2026 17:00:19 [INFO]: >>> ğŸ”’ Detected 'Privacy/Red' Login Screen. Handling it...
06-02-2026 17:00:32 [INFO]: >>> ğŸ”‘ Regular Login required for Prod_Check. Logging in...
06-02-2026 17:00:37 [INFO]: >>> âœ… Step Passed: Prod_Check__Login
06-02-2026 17:00:37 [INFO]: >>> â³ Step Started: Prod_Check__Verify_Data...
06-02-2026 17:00:44 [INFO]: >>> âœ… SUCCESS: Found '7570727' on Prod_Check.
06-02-2026 17:00:44 [INFO]: >>> âœ… Step Passed: Prod_Check__Verify_Data
06-02-2026 17:00:44 [INFO]: 
>>> ğŸ”„ Checking Target: Test_Check (https://mytest.rishonlezion.muni.il/arnona/)
06-02-2026 17:00:44 [INFO]: >>> â³ Step Started: Test_Check__Nav...
06-02-2026 17:00:47 [INFO]: >>> âœ… Step Passed: Test_Check__Nav
06-02-2026 17:00:47 [INFO]: >>> â³ Step Started: Test_Check__Login...
06-02-2026 17:00:47 [INFO]: >>> ğŸ”’ Detected 'Privacy/Red' Login Screen. Handling it...
06-02-2026 17:01:00 [INFO]: >>> ğŸ”‘ Regular Login required for Test_Check. Logging in...
06-02-2026 17:01:04 [INFO]: >>> âœ… Step Passed: Test_Check__Login
06-02-2026 17:01:04 [INFO]: >>> â³ Step Started: Test_Check__Verify_Data...
06-02-2026 17:01:42 [INFO]: >>> âœ… SUCCESS: Found '7570727' on Test_Check.
06-02-2026 17:01:42 [INFO]: >>> âœ… Step Passed: Test_Check__Verify_Data
06-02-2026 17:01:47 [INFO]: >>> ğŸ Finished all checks.
06-02-2026 20:00:22 [INFO]: --- ğŸš€ Starting Multi-Page QA Check ---
06-02-2026 20:00:22 [INFO]: >>> ğŸ› ï¸ Launching Chrome (Full HD Mode)...
06-02-2026 20:04:09 [INFO]: 
>>> ğŸ”„ Checking Target: Prod_Check (https://my.rishonlezion.muni.il/arnona/)
06-02-2026 20:04:09 [INFO]: >>> â³ Step Started: Prod_Check__Nav...
06-02-2026 20:04:26 [ERROR]: >>> ğŸš© RED FLAG at step: [Prod_Check__Nav]
06-02-2026 20:04:26 [ERROR]: >>> âŒ Error Details: net::ERR_ABORTED at https://my.rishonlezion.muni.il/arnona/
06-02-2026 20:04:33 [INFO]: >>> ğŸ–¼ï¸ Screenshot saved: C:\Rizone\Projects\nitur\logs\screenshots\FAIL_Prod_Check__Nav__2026-02-06_18-04-26.png
06-02-2026 20:04:33 [WARN]: >>> âš ï¸ Moving to next target due to: net::ERR_ABORTED at https://my.rishonlezion.muni.il/arnona/
06-02-2026 20:04:35 [INFO]: 
>>> ğŸ”„ Checking Target: Test_Check (https://mytest.rishonlezion.muni.il/arnona/)
06-02-2026 20:04:35 [INFO]: >>> â³ Step Started: Test_Check__Nav...
06-02-2026 20:05:35 [ERROR]: >>> ğŸš© RED FLAG at step: [Test_Check__Nav]
06-02-2026 20:05:35 [ERROR]: >>> âŒ Error Details: Navigation timeout of 60000 ms exceeded
06-02-2026 20:05:59 [INFO]: >>> ğŸ–¼ï¸ Screenshot saved: C:\Rizone\Projects\nitur\logs\screenshots\FAIL_Test_Check__Nav__2026-02-06_18-05-35.png
06-02-2026 20:05:59 [WARN]: >>> âš ï¸ Moving to next target due to: Navigation timeout of 60000 ms exceeded
06-02-2026 20:06:14 [INFO]: >>> ğŸ Finished all checks.
