08-02-2026 08:00:05 [INFO]: --- ğŸš€ Starting Multi-Page QA Check ---
08-02-2026 08:00:06 [INFO]: >>> ğŸ› ï¸ Launching Chrome (Full HD Mode)...
08-02-2026 08:00:24 [INFO]: 
>>> ğŸ”„ Checking Target: Prod_Check (https://my.rishonlezion.muni.il/arnona/)
08-02-2026 08:00:24 [INFO]: >>> â³ Step Started: Prod_Check__Nav...
08-02-2026 08:00:29 [INFO]: >>> âœ… Step Passed: Prod_Check__Nav
08-02-2026 08:00:29 [INFO]: >>> â³ Step Started: Prod_Check__Login...
08-02-2026 08:00:29 [INFO]: >>> ğŸ”’ Detected 'Privacy/Red' Login Screen. Handling it...
08-02-2026 08:00:43 [INFO]: >>> ğŸ”‘ Regular Login required for Prod_Check. Logging in...
08-02-2026 08:00:46 [INFO]: >>> âœ… Step Passed: Prod_Check__Login
08-02-2026 08:00:46 [INFO]: >>> â³ Step Started: Prod_Check__Verify_Data...
08-02-2026 08:00:58 [INFO]: >>> âœ… SUCCESS: Found '7570727' on Prod_Check.
08-02-2026 08:00:58 [INFO]: >>> âœ… Step Passed: Prod_Check__Verify_Data
08-02-2026 08:00:58 [INFO]: 
>>> ğŸ”„ Checking Target: Test_Check (https://mytest.rishonlezion.muni.il/arnona/)
08-02-2026 08:00:58 [INFO]: >>> â³ Step Started: Test_Check__Nav...
08-02-2026 08:01:04 [INFO]: >>> âœ… Step Passed: Test_Check__Nav
08-02-2026 08:01:04 [INFO]: >>> â³ Step Started: Test_Check__Login...
08-02-2026 08:01:04 [INFO]: >>> ğŸ”’ Detected 'Privacy/Red' Login Screen. Handling it...
08-02-2026 08:01:17 [INFO]: >>> ğŸ”‘ Regular Login required for Test_Check. Logging in...
08-02-2026 08:01:26 [INFO]: >>> âœ… Step Passed: Test_Check__Login
08-02-2026 08:01:26 [INFO]: >>> â³ Step Started: Test_Check__Verify_Data...
08-02-2026 08:02:09 [INFO]: >>> ğŸ“§ Alert sent to 4 recipients via Courier API.
08-02-2026 08:02:09 [ERROR]: >>> ğŸš© RED FLAG at step: [Test_Check__Verify_Data]
08-02-2026 08:02:09 [ERROR]: >>> âŒ Error Details: Data validation failed: System shows 'No Data'
08-02-2026 08:02:09 [INFO]: >>> ğŸ–¼ï¸ Screenshot saved: C:\Rizone\Projects\nitur\logs\screenshots\FAIL_Test_Check__Verify_Data__2026-02-08_06-02-09.png
08-02-2026 08:02:09 [WARN]: >>> âš ï¸ Moving to next target due to: Data validation failed: System shows 'No Data'
08-02-2026 08:02:13 [INFO]: >>> ğŸ Finished all checks.
08-02-2026 11:00:21 [INFO]: --- ğŸš€ Starting Multi-Page QA Check ---
08-02-2026 11:00:22 [INFO]: >>> ğŸ› ï¸ Launching Chrome (Full HD Mode)...
08-02-2026 11:00:54 [INFO]: 
>>> ğŸ”„ Checking Target: Prod_Check (https://my.rishonlezion.muni.il/arnona/)
08-02-2026 11:00:54 [INFO]: >>> â³ Step Started: Prod_Check__Nav...
08-02-2026 11:01:07 [INFO]: >>> âœ… Step Passed: Prod_Check__Nav
08-02-2026 11:01:07 [INFO]: >>> â³ Step Started: Prod_Check__Login...
08-02-2026 11:01:08 [INFO]: >>> ğŸ”‘ Regular Login required for Prod_Check. Logging in...
08-02-2026 11:01:25 [WARN]: >>> Login check info: Waiting for selector `[[["button",{"name":"text","value":"×‘×××¦×¢×•×ª ×¡×™×¡××”"}]]]` failed
08-02-2026 11:01:25 [INFO]: >>> âœ… Step Passed: Prod_Check__Login
08-02-2026 11:01:26 [INFO]: >>> â³ Step Started: Prod_Check__Verify_Data...
08-02-2026 11:04:29 [ERROR]: >>> ğŸš© RED FLAG at step: [Prod_Check__Verify_Data]
08-02-2026 11:04:29 [ERROR]: >>> âŒ Error Details: Data validation failed: Timeout: Data did not load
08-02-2026 11:04:30 [INFO]: >>> ğŸ–¼ï¸ Screenshot saved: C:\Rizone\Projects\nitur\logs\screenshots\FAIL_Prod_Check__Verify_Data__2026-02-08_09-04-29.png
08-02-2026 11:04:30 [WARN]: >>> âš ï¸ Moving to next target due to: Data validation failed: Timeout: Data did not load
08-02-2026 11:04:30 [INFO]: 
>>> ğŸ”„ Checking Target: Test_Check (https://mytest.rishonlezion.muni.il/arnona/)
08-02-2026 11:04:30 [INFO]: >>> â³ Step Started: Test_Check__Nav...
08-02-2026 11:04:46 [INFO]: >>> âœ… Step Passed: Test_Check__Nav
08-02-2026 11:04:46 [INFO]: >>> â³ Step Started: Test_Check__Login...
08-02-2026 11:04:46 [INFO]: >>> ğŸ”’ Detected 'Privacy/Red' Login Screen. Handling it...
08-02-2026 11:05:08 [INFO]: >>> ğŸ”‘ Regular Login required for Test_Check. Logging in...
08-02-2026 11:05:35 [INFO]: >>> âœ… Step Passed: Test_Check__Login
08-02-2026 11:05:39 [INFO]: >>> â³ Step Started: Test_Check__Verify_Data...
08-02-2026 11:08:44 [ERROR]: >>> ğŸš© RED FLAG at step: [Test_Check__Verify_Data]
08-02-2026 11:08:44 [ERROR]: >>> âŒ Error Details: Data validation failed: Timeout: Data did not load
08-02-2026 11:08:45 [INFO]: >>> ğŸ–¼ï¸ Screenshot saved: C:\Rizone\Projects\nitur\logs\screenshots\FAIL_Test_Check__Verify_Data__2026-02-08_09-08-45.png
08-02-2026 11:08:45 [WARN]: >>> âš ï¸ Moving to next target due to: Data validation failed: Timeout: Data did not load
08-02-2026 11:09:30 [INFO]: >>> ğŸ Finished all checks.
08-02-2026 11:54:53 [INFO]: >>> ğŸ§¹ Zombies killed.
08-02-2026 11:54:53 [INFO]: --- ğŸš€ Starting Multi-Page QA Check ---
08-02-2026 11:54:53 [INFO]: >>> ğŸ› ï¸ Launching Chrome (Full HD Mode)...
08-02-2026 11:55:02 [INFO]: 
>>> ğŸ”„ Checking Target: Prod_Check (https://my.rishonlezion.muni.il/arnona/)
08-02-2026 11:55:02 [INFO]: >>> â³ Step Started: Prod_Check__Nav...
08-02-2026 11:55:06 [INFO]: >>> âœ… Step Passed: Prod_Check__Nav
08-02-2026 11:55:06 [INFO]: >>> â³ Step Started: Prod_Check__Login...
08-02-2026 11:55:06 [INFO]: >>> ğŸ”’ Detected 'Privacy/Red' Login Screen. Handling it...
08-02-2026 11:55:19 [INFO]: >>> ğŸ”‘ Regular Login required for Prod_Check. Logging in...
08-02-2026 11:55:21 [INFO]: >>> âœ… Step Passed: Prod_Check__Login
08-02-2026 11:55:21 [INFO]: >>> â³ Step Started: Prod_Check__Verify_Data...
08-02-2026 11:55:29 [INFO]: >>> âœ… SUCCESS: Found '7570727' on Prod_Check.
08-02-2026 11:55:29 [INFO]: >>> âœ… Step Passed: Prod_Check__Verify_Data
08-02-2026 11:55:29 [INFO]: 
>>> ğŸ”„ Checking Target: Test_Check (https://mytest.rishonlezion.muni.il/arnona/)
08-02-2026 11:55:29 [INFO]: >>> â³ Step Started: Test_Check__Nav...
08-02-2026 11:55:33 [INFO]: >>> âœ… Step Passed: Test_Check__Nav
08-02-2026 11:55:33 [INFO]: >>> â³ Step Started: Test_Check__Login...
08-02-2026 11:55:33 [INFO]: >>> ğŸ”’ Detected 'Privacy/Red' Login Screen. Handling it...
08-02-2026 11:55:46 [INFO]: >>> ğŸ”‘ Regular Login required for Test_Check. Logging in...
08-02-2026 11:55:49 [INFO]: >>> âœ… Step Passed: Test_Check__Login
08-02-2026 11:55:49 [INFO]: >>> â³ Step Started: Test_Check__Verify_Data...
08-02-2026 11:58:59 [ERROR]: >>> ğŸš© RED FLAG at step: [Test_Check__Verify_Data]
08-02-2026 11:58:59 [ERROR]: >>> âŒ Error Details: Data validation failed: Timeout: Data did not load
08-02-2026 11:58:59 [INFO]: >>> ğŸ–¼ï¸ Screenshot saved: U:\Projects\nitur\logs\screenshots\FAIL_Test_Check__Verify_Data__2026-02-08_09-58-59.png
08-02-2026 11:58:59 [WARN]: >>> âš ï¸ Moving to next target due to: Data validation failed: Timeout: Data did not load
08-02-2026 11:59:00 [INFO]: >>> ğŸ Finished all checks.
08-02-2026 12:55:28 [INFO]: --- ğŸš€ Starting Multi-Page QA Check ---
08-02-2026 12:55:28 [INFO]: >>> ğŸ› ï¸ Launching Chrome (Full HD Mode)...
08-02-2026 12:55:37 [INFO]: 
>>> ğŸ”„ Checking Target: Prod_Check (https://my.rishonlezion.muni.il/arnona/)
08-02-2026 12:55:37 [INFO]: >>> â³ Step Started: Prod_Check__Nav...
08-02-2026 12:55:43 [INFO]: >>> âœ… Step Passed: Prod_Check__Nav
08-02-2026 12:55:43 [INFO]: >>> â³ Step Started: Prod_Check__Login...
08-02-2026 12:55:43 [INFO]: >>> ğŸ”’ Detected 'Privacy/Red' Login Screen. Handling it...
08-02-2026 12:55:57 [INFO]: >>> ğŸ”‘ Regular Login required for Prod_Check. Logging in...
08-02-2026 12:55:59 [INFO]: >>> âœ… Step Passed: Prod_Check__Login
08-02-2026 12:55:59 [INFO]: >>> â³ Step Started: Prod_Check__Verify_Data...
08-02-2026 12:56:06 [INFO]: >>> âœ… SUCCESS: Found '7570727' on Prod_Check.
08-02-2026 12:56:06 [INFO]: >>> âœ… Step Passed: Prod_Check__Verify_Data
08-02-2026 12:56:06 [INFO]: 
>>> ğŸ”„ Checking Target: Test_Check (https://mytest.rishonlezion.muni.il/arnona/)
08-02-2026 12:56:06 [INFO]: >>> â³ Step Started: Test_Check__Nav...
08-02-2026 12:56:10 [INFO]: >>> âœ… Step Passed: Test_Check__Nav
08-02-2026 12:56:10 [INFO]: >>> â³ Step Started: Test_Check__Login...
08-02-2026 12:56:10 [INFO]: >>> ğŸ”’ Detected 'Privacy/Red' Login Screen. Handling it...
08-02-2026 12:56:24 [INFO]: >>> ğŸ”‘ Regular Login required for Test_Check. Logging in...
08-02-2026 12:56:27 [INFO]: >>> âœ… Step Passed: Test_Check__Login
08-02-2026 12:56:27 [INFO]: >>> â³ Step Started: Test_Check__Verify_Data...
08-02-2026 12:59:35 [ERROR]: >>> ğŸš© RED FLAG at step: [Test_Check__Verify_Data]
08-02-2026 12:59:35 [ERROR]: >>> âŒ Error Details: Data validation failed: Timeout: Data did not load
08-02-2026 12:59:36 [INFO]: >>> ğŸ–¼ï¸ Screenshot saved: C:\Rizone\Projects\nitur\logs\screenshots\FAIL_Test_Check__Verify_Data__2026-02-08_10-59-35.png
08-02-2026 12:59:36 [WARN]: >>> âš ï¸ Moving to next target due to: Data validation failed: Timeout: Data did not load
08-02-2026 12:59:37 [INFO]: >>> ğŸ Finished all checks.
08-02-2026 14:00:03 [INFO]: --- ğŸš€ Starting Multi-Page QA Check ---
08-02-2026 14:00:03 [INFO]: >>> ğŸ› ï¸ Launching Chrome (Full HD Mode)...
08-02-2026 14:00:05 [INFO]: 
>>> ğŸ”„ Checking Target: Prod_Check (https://my.rishonlezion.muni.il/arnona/)
08-02-2026 14:00:05 [INFO]: >>> â³ Step Started: Prod_Check__Nav...
08-02-2026 14:00:09 [INFO]: >>> âœ… Step Passed: Prod_Check__Nav
08-02-2026 14:00:09 [INFO]: >>> â³ Step Started: Prod_Check__Login...
08-02-2026 14:00:09 [INFO]: >>> ğŸ”’ Detected 'Privacy/Red' Login Screen. Handling it...
08-02-2026 14:00:22 [INFO]: >>> ğŸ”‘ Regular Login required for Prod_Check. Logging in...
08-02-2026 14:00:24 [INFO]: >>> âœ… Step Passed: Prod_Check__Login
08-02-2026 14:00:24 [INFO]: >>> â³ Step Started: Prod_Check__Verify_Data...
08-02-2026 14:00:30 [INFO]: >>> âœ… SUCCESS: Found '7570727' on Prod_Check.
08-02-2026 14:00:30 [INFO]: >>> âœ… Step Passed: Prod_Check__Verify_Data
08-02-2026 14:00:30 [INFO]: 
>>> ğŸ”„ Checking Target: Test_Check (https://mytest.rishonlezion.muni.il/arnona/)
08-02-2026 14:00:30 [INFO]: >>> â³ Step Started: Test_Check__Nav...
08-02-2026 14:00:32 [INFO]: >>> âœ… Step Passed: Test_Check__Nav
08-02-2026 14:00:32 [INFO]: >>> â³ Step Started: Test_Check__Login...
08-02-2026 14:00:33 [INFO]: >>> ğŸ”‘ Regular Login required for Test_Check. Logging in...
08-02-2026 14:00:41 [INFO]: >>> âœ… Step Passed: Test_Check__Login
08-02-2026 14:00:41 [INFO]: >>> â³ Step Started: Test_Check__Verify_Data...
08-02-2026 14:03:49 [ERROR]: >>> ğŸš© RED FLAG at step: [Test_Check__Verify_Data]
08-02-2026 14:03:49 [ERROR]: >>> âŒ Error Details: Data validation failed: Timeout: Data did not load
08-02-2026 14:03:49 [INFO]: >>> ğŸ–¼ï¸ Screenshot saved: C:\Rizone\Projects\nitur\logs\screenshots\FAIL_Test_Check__Verify_Data__2026-02-08_12-03-49.png
08-02-2026 14:03:49 [WARN]: >>> âš ï¸ Moving to next target due to: Data validation failed: Timeout: Data did not load
08-02-2026 14:03:52 [INFO]: >>> ğŸ Finished all checks.
08-02-2026 17:00:03 [INFO]: >>> ğŸš€ Starting QA Automation
08-02-2026 17:00:09 [INFO]: >>> ğŸ”„ Checking Prod_Check (prod)
08-02-2026 17:00:09 [INFO]: >>> â³ Step Started: Prod_Check__Nav
08-02-2026 17:00:15 [INFO]: >>> âœ… Step Passed: Prod_Check__Nav
08-02-2026 17:00:15 [INFO]: >>> â³ Step Started: Prod_Check__Verify_Data
08-02-2026 17:03:15 [ERROR]: >>> ğŸš© RED FLAG at step: [Prod_Check__Verify_Data]
08-02-2026 17:03:15 [ERROR]: >>> âŒ Error Details: Data validation failed: Timeout: Data did not load
08-02-2026 17:03:16 [INFO]: >>> ğŸ–¼ï¸ Screenshot saved: C:\Rizone\Projects\nitur\logs\screenshots\FAIL_Prod_Check__Verify_Data__2026-02-08_15-03-15.png
08-02-2026 17:03:16 [WARN]: >>> âš ï¸ Moving on: Data validation failed: Timeout: Data did not load
08-02-2026 17:03:16 [INFO]: >>> ğŸ”„ Checking Test_Check (test)
08-02-2026 17:03:16 [INFO]: >>> â³ Step Started: Test_Check__Nav
08-02-2026 17:03:19 [INFO]: >>> âœ… Step Passed: Test_Check__Nav
08-02-2026 17:03:19 [INFO]: >>> â³ Step Started: Test_Check__Verify_Data
08-02-2026 17:06:19 [ERROR]: >>> ğŸš© RED FLAG at step: [Test_Check__Verify_Data]
08-02-2026 17:06:19 [ERROR]: >>> âŒ Error Details: Data validation failed: Timeout: Data did not load
08-02-2026 17:06:20 [INFO]: >>> ğŸ–¼ï¸ Screenshot saved: C:\Rizone\Projects\nitur\logs\screenshots\FAIL_Test_Check__Verify_Data__2026-02-08_15-06-19.png
08-02-2026 17:06:20 [WARN]: >>> âš ï¸ Moving on: Data validation failed: Timeout: Data did not load
08-02-2026 17:06:25 [INFO]: >>> ğŸ Finished all checks.
08-02-2026 20:00:29 [INFO]: >>> ğŸš€ Starting QA Automation
08-02-2026 20:02:48 [INFO]: >>> ğŸ”„ Checking Prod_Check (prod)
08-02-2026 20:02:48 [INFO]: >>> â³ Step Started: Prod_Check__Nav
08-02-2026 20:03:01 [INFO]: >>> âœ… Step Passed: Prod_Check__Nav
08-02-2026 20:03:01 [INFO]: >>> â³ Step Started: Prod_Check__Verify_Data
08-02-2026 20:06:02 [ERROR]: >>> ğŸš© RED FLAG at step: [Prod_Check__Verify_Data]
08-02-2026 20:06:02 [ERROR]: >>> âŒ Error Details: Data validation failed: Timeout: Data did not load
08-02-2026 20:06:05 [INFO]: >>> ğŸ–¼ï¸ Screenshot saved: C:\Rizone\Projects\nitur\logs\screenshots\FAIL_Prod_Check__Verify_Data__2026-02-08_18-06-02.png
08-02-2026 20:06:05 [WARN]: >>> âš ï¸ Moving on: Data validation failed: Timeout: Data did not load
08-02-2026 20:06:05 [INFO]: >>> ğŸ”„ Checking Test_Check (test)
08-02-2026 20:06:05 [INFO]: >>> â³ Step Started: Test_Check__Nav
08-02-2026 20:06:10 [INFO]: >>> âœ… Step Passed: Test_Check__Nav
08-02-2026 20:06:10 [INFO]: >>> â³ Step Started: Test_Check__Verify_Data
08-02-2026 20:09:13 [ERROR]: >>> ğŸš© RED FLAG at step: [Test_Check__Verify_Data]
08-02-2026 20:09:43 [ERROR]: >>> âŒ Error Details: Data validation failed: Timeout: Data did not load
08-02-2026 20:14:14 [INFO]: >>> ğŸ–¼ï¸ Screenshot saved: C:\Rizone\Projects\nitur\logs\screenshots\FAIL_Test_Check__Verify_Data__2026-02-08_18-09-43.png
08-02-2026 20:14:16 [WARN]: >>> âš ï¸ Moving on: Data validation failed: Timeout: Data did not load
08-02-2026 20:17:30 [INFO]: >>> ğŸ Finished all checks.
