01-02-2026 08:00:06 [INFO]: --- ğŸš€ Starting Multi-Page QA Check ---
01-02-2026 08:00:06 [INFO]: >>> ğŸ› ï¸ Launching Chrome (Full HD Mode)...
01-02-2026 08:00:25 [INFO]: 
>>> ğŸ”„ Checking Target: Prod_Check (https://my.rishonlezion.muni.il/arnona/)
01-02-2026 08:00:25 [INFO]: >>> â³ Step Started: Prod_Check__Nav...
01-02-2026 08:00:29 [INFO]: >>> âœ… Step Passed: Prod_Check__Nav
01-02-2026 08:00:29 [INFO]: >>> â³ Step Started: Prod_Check__Login...
01-02-2026 08:00:29 [INFO]: >>> ğŸ”’ Detected 'Privacy/Red' Login Screen. Handling it...
01-02-2026 08:00:43 [INFO]: >>> ğŸ”‘ Regular Login required for Prod_Check. Logging in...
01-02-2026 08:00:47 [INFO]: >>> âœ… Step Passed: Prod_Check__Login
01-02-2026 08:00:47 [INFO]: >>> â³ Step Started: Prod_Check__Verify_Data...
01-02-2026 08:00:57 [INFO]: >>> âœ… SUCCESS: Found '7570727' on Prod_Check.
01-02-2026 08:00:57 [INFO]: >>> âœ… Step Passed: Prod_Check__Verify_Data
01-02-2026 08:00:57 [INFO]: 
>>> ğŸ”„ Checking Target: Test_Check (https://mytest.rishonlezion.muni.il/arnona/)
01-02-2026 08:00:57 [INFO]: >>> â³ Step Started: Test_Check__Nav...
01-02-2026 08:01:00 [INFO]: >>> âœ… Step Passed: Test_Check__Nav
01-02-2026 08:01:00 [INFO]: >>> â³ Step Started: Test_Check__Login...
01-02-2026 08:01:00 [INFO]: >>> ğŸ”’ Detected 'Privacy/Red' Login Screen. Handling it...
01-02-2026 08:01:13 [INFO]: >>> ğŸ”‘ Regular Login required for Test_Check. Logging in...
01-02-2026 08:01:21 [INFO]: >>> âœ… Step Passed: Test_Check__Login
01-02-2026 08:01:21 [INFO]: >>> â³ Step Started: Test_Check__Verify_Data...
01-02-2026 08:04:31 [ERROR]: >>> ğŸš© RED FLAG at step: [Test_Check__Verify_Data]
01-02-2026 08:04:31 [ERROR]: >>> âŒ Error Details: Data validation failed: Timeout: Data did not load
01-02-2026 08:04:32 [INFO]: >>> ğŸ–¼ï¸ Screenshot saved: C:\Rizone\Projects\nitur\logs\screenshots\FAIL_Test_Check__Verify_Data__2026-02-01_06-04-31.png
01-02-2026 08:04:32 [WARN]: >>> âš ï¸ Moving to next target due to: Data validation failed: Timeout: Data did not load
01-02-2026 08:04:35 [INFO]: >>> ğŸ Finished all checks.
01-02-2026 11:00:04 [INFO]: --- ğŸš€ Starting Multi-Page QA Check ---
01-02-2026 11:00:04 [INFO]: >>> ğŸ› ï¸ Launching Chrome (Full HD Mode)...
01-02-2026 11:00:16 [INFO]: 
>>> ğŸ”„ Checking Target: Prod_Check (https://my.rishonlezion.muni.il/arnona/)
01-02-2026 11:00:16 [INFO]: >>> â³ Step Started: Prod_Check__Nav...
01-02-2026 11:00:21 [INFO]: >>> âœ… Step Passed: Prod_Check__Nav
01-02-2026 11:00:21 [INFO]: >>> â³ Step Started: Prod_Check__Login...
01-02-2026 11:00:21 [INFO]: >>> ğŸ”’ Detected 'Privacy/Red' Login Screen. Handling it...
01-02-2026 11:00:34 [INFO]: >>> ğŸ”‘ Regular Login required for Prod_Check. Logging in...
01-02-2026 11:00:38 [INFO]: >>> âœ… Step Passed: Prod_Check__Login
01-02-2026 11:00:38 [INFO]: >>> â³ Step Started: Prod_Check__Verify_Data...
01-02-2026 11:00:52 [INFO]: >>> âœ… SUCCESS: Found '7570727' on Prod_Check.
01-02-2026 11:00:52 [INFO]: >>> âœ… Step Passed: Prod_Check__Verify_Data
01-02-2026 11:00:52 [INFO]: 
>>> ğŸ”„ Checking Target: Test_Check (https://mytest.rishonlezion.muni.il/arnona/)
01-02-2026 11:00:52 [INFO]: >>> â³ Step Started: Test_Check__Nav...
01-02-2026 11:00:54 [INFO]: >>> âœ… Step Passed: Test_Check__Nav
01-02-2026 11:00:54 [INFO]: >>> â³ Step Started: Test_Check__Login...
01-02-2026 11:00:54 [INFO]: >>> ğŸ”’ Detected 'Privacy/Red' Login Screen. Handling it...
01-02-2026 11:01:07 [INFO]: >>> ğŸ”‘ Regular Login required for Test_Check. Logging in...
01-02-2026 11:01:10 [INFO]: >>> âœ… Step Passed: Test_Check__Login
01-02-2026 11:01:10 [INFO]: >>> â³ Step Started: Test_Check__Verify_Data...
01-02-2026 11:01:25 [INFO]: >>> âœ… SUCCESS: Found '7570727' on Test_Check.
01-02-2026 11:01:25 [INFO]: >>> âœ… Step Passed: Test_Check__Verify_Data
01-02-2026 11:01:29 [INFO]: >>> ğŸ Finished all checks.
01-02-2026 14:00:04 [INFO]: --- ğŸš€ Starting Multi-Page QA Check ---
01-02-2026 14:00:04 [INFO]: >>> ğŸ› ï¸ Launching Chrome (Full HD Mode)...
01-02-2026 14:00:05 [INFO]: 
>>> ğŸ”„ Checking Target: Prod_Check (https://my.rishonlezion.muni.il/arnona/)
01-02-2026 14:00:05 [INFO]: >>> â³ Step Started: Prod_Check__Nav...
01-02-2026 14:00:17 [INFO]: >>> âœ… Step Passed: Prod_Check__Nav
01-02-2026 14:00:17 [INFO]: >>> â³ Step Started: Prod_Check__Login...
01-02-2026 14:00:17 [INFO]: >>> ğŸ”’ Detected 'Privacy/Red' Login Screen. Handling it...
01-02-2026 14:00:30 [INFO]: >>> ğŸ”‘ Regular Login required for Prod_Check. Logging in...
01-02-2026 14:01:04 [INFO]: >>> âœ… Step Passed: Prod_Check__Login
01-02-2026 14:01:04 [INFO]: >>> â³ Step Started: Prod_Check__Verify_Data...
01-02-2026 14:01:15 [INFO]: >>> âœ… SUCCESS: Found '7570727' on Prod_Check.
01-02-2026 14:01:15 [INFO]: >>> âœ… Step Passed: Prod_Check__Verify_Data
01-02-2026 14:01:15 [INFO]: 
>>> ğŸ”„ Checking Target: Test_Check (https://mytest.rishonlezion.muni.il/arnona/)
01-02-2026 14:01:15 [INFO]: >>> â³ Step Started: Test_Check__Nav...
01-02-2026 14:01:17 [INFO]: >>> âœ… Step Passed: Test_Check__Nav
01-02-2026 14:01:17 [INFO]: >>> â³ Step Started: Test_Check__Login...
01-02-2026 14:01:17 [INFO]: >>> ğŸ”’ Detected 'Privacy/Red' Login Screen. Handling it...
01-02-2026 14:01:30 [INFO]: >>> ğŸ”‘ Regular Login required for Test_Check. Logging in...
01-02-2026 14:01:34 [INFO]: >>> âœ… Step Passed: Test_Check__Login
01-02-2026 14:01:34 [INFO]: >>> â³ Step Started: Test_Check__Verify_Data...
01-02-2026 14:01:42 [INFO]: >>> âœ… SUCCESS: Found '7570727' on Test_Check.
01-02-2026 14:01:42 [INFO]: >>> âœ… Step Passed: Test_Check__Verify_Data
01-02-2026 14:01:45 [INFO]: >>> ğŸ Finished all checks.
01-02-2026 17:00:05 [INFO]: --- ğŸš€ Starting Multi-Page QA Check ---
01-02-2026 17:00:05 [INFO]: >>> ğŸ› ï¸ Launching Chrome (Full HD Mode)...
01-02-2026 17:00:06 [INFO]: 
>>> ğŸ”„ Checking Target: Prod_Check (https://my.rishonlezion.muni.il/arnona/)
01-02-2026 17:00:06 [INFO]: >>> â³ Step Started: Prod_Check__Nav...
01-02-2026 17:00:14 [INFO]: >>> âœ… Step Passed: Prod_Check__Nav
01-02-2026 17:00:14 [INFO]: >>> â³ Step Started: Prod_Check__Login...
01-02-2026 17:00:14 [INFO]: >>> ğŸ”’ Detected 'Privacy/Red' Login Screen. Handling it...
01-02-2026 17:00:27 [INFO]: >>> ğŸ”‘ Regular Login required for Prod_Check. Logging in...
01-02-2026 17:00:30 [INFO]: >>> âœ… Step Passed: Prod_Check__Login
01-02-2026 17:00:30 [INFO]: >>> â³ Step Started: Prod_Check__Verify_Data...
01-02-2026 17:00:36 [INFO]: >>> âœ… SUCCESS: Found '7570727' on Prod_Check.
01-02-2026 17:00:36 [INFO]: >>> âœ… Step Passed: Prod_Check__Verify_Data
01-02-2026 17:00:36 [INFO]: 
>>> ğŸ”„ Checking Target: Test_Check (https://mytest.rishonlezion.muni.il/arnona/)
01-02-2026 17:00:36 [INFO]: >>> â³ Step Started: Test_Check__Nav...
01-02-2026 17:00:39 [INFO]: >>> âœ… Step Passed: Test_Check__Nav
01-02-2026 17:00:39 [INFO]: >>> â³ Step Started: Test_Check__Login...
01-02-2026 17:00:39 [INFO]: >>> ğŸ”’ Detected 'Privacy/Red' Login Screen. Handling it...
01-02-2026 17:00:52 [INFO]: >>> ğŸ”‘ Regular Login required for Test_Check. Logging in...
01-02-2026 17:00:56 [INFO]: >>> âœ… Step Passed: Test_Check__Login
01-02-2026 17:00:56 [INFO]: >>> â³ Step Started: Test_Check__Verify_Data...
01-02-2026 17:01:08 [INFO]: >>> âœ… SUCCESS: Found '7570727' on Test_Check.
01-02-2026 17:01:08 [INFO]: >>> âœ… Step Passed: Test_Check__Verify_Data
01-02-2026 17:01:11 [INFO]: >>> ğŸ Finished all checks.
01-02-2026 20:00:11 [INFO]: --- ğŸš€ Starting Multi-Page QA Check ---
01-02-2026 20:00:11 [INFO]: >>> ğŸ› ï¸ Launching Chrome (Full HD Mode)...
01-02-2026 20:01:44 [INFO]: 
>>> ğŸ”„ Checking Target: Prod_Check (https://my.rishonlezion.muni.il/arnona/)
01-02-2026 20:01:44 [INFO]: >>> â³ Step Started: Prod_Check__Nav...
01-02-2026 20:01:53 [INFO]: >>> âœ… Step Passed: Prod_Check__Nav
01-02-2026 20:01:53 [INFO]: >>> â³ Step Started: Prod_Check__Login...
01-02-2026 20:01:53 [INFO]: >>> ğŸ”’ Detected 'Privacy/Red' Login Screen. Handling it...
01-02-2026 20:02:08 [INFO]: >>> ğŸ”‘ Regular Login required for Prod_Check. Logging in...
01-02-2026 20:02:14 [INFO]: >>> âœ… Step Passed: Prod_Check__Login
01-02-2026 20:02:14 [INFO]: >>> â³ Step Started: Prod_Check__Verify_Data...
01-02-2026 20:02:23 [INFO]: >>> âœ… SUCCESS: Found '7570727' on Prod_Check.
01-02-2026 20:02:23 [INFO]: >>> âœ… Step Passed: Prod_Check__Verify_Data
01-02-2026 20:02:23 [INFO]: 
>>> ğŸ”„ Checking Target: Test_Check (https://mytest.rishonlezion.muni.il/arnona/)
01-02-2026 20:02:23 [INFO]: >>> â³ Step Started: Test_Check__Nav...
01-02-2026 20:02:27 [INFO]: >>> âœ… Step Passed: Test_Check__Nav
01-02-2026 20:02:27 [INFO]: >>> â³ Step Started: Test_Check__Login...
01-02-2026 20:02:27 [INFO]: >>> ğŸ”’ Detected 'Privacy/Red' Login Screen. Handling it...
01-02-2026 20:02:40 [INFO]: >>> ğŸ”‘ Regular Login required for Test_Check. Logging in...
01-02-2026 20:02:47 [INFO]: >>> âœ… Step Passed: Test_Check__Login
01-02-2026 20:02:47 [INFO]: >>> â³ Step Started: Test_Check__Verify_Data...
01-02-2026 20:03:02 [INFO]: >>> âœ… SUCCESS: Found '7570727' on Test_Check.
01-02-2026 20:03:02 [INFO]: >>> âœ… Step Passed: Test_Check__Verify_Data
01-02-2026 20:03:08 [INFO]: >>> ğŸ Finished all checks.
