04-02-2026 08:00:07 [INFO]: --- ğŸš€ Starting Multi-Page QA Check ---
04-02-2026 08:00:07 [INFO]: >>> ğŸ› ï¸ Launching Chrome (Full HD Mode)...
04-02-2026 08:00:30 [INFO]: 
>>> ğŸ”„ Checking Target: Prod_Check (https://my.rishonlezion.muni.il/arnona/)
04-02-2026 08:00:30 [INFO]: >>> â³ Step Started: Prod_Check__Nav...
04-02-2026 08:00:33 [INFO]: >>> âœ… Step Passed: Prod_Check__Nav
04-02-2026 08:00:33 [INFO]: >>> â³ Step Started: Prod_Check__Login...
04-02-2026 08:00:33 [INFO]: >>> ğŸ”’ Detected 'Privacy/Red' Login Screen. Handling it...
04-02-2026 08:00:47 [INFO]: >>> ğŸ”‘ Regular Login required for Prod_Check. Logging in...
04-02-2026 08:00:51 [INFO]: >>> âœ… Step Passed: Prod_Check__Login
04-02-2026 08:00:51 [INFO]: >>> â³ Step Started: Prod_Check__Verify_Data...
04-02-2026 08:01:00 [INFO]: >>> âœ… SUCCESS: Found '7570727' on Prod_Check.
04-02-2026 08:01:00 [INFO]: >>> âœ… Step Passed: Prod_Check__Verify_Data
04-02-2026 08:01:00 [INFO]: 
>>> ğŸ”„ Checking Target: Test_Check (https://mytest.rishonlezion.muni.il/arnona/)
04-02-2026 08:01:00 [INFO]: >>> â³ Step Started: Test_Check__Nav...
04-02-2026 08:01:09 [INFO]: >>> âœ… Step Passed: Test_Check__Nav
04-02-2026 08:01:09 [INFO]: >>> â³ Step Started: Test_Check__Login...
04-02-2026 08:01:09 [INFO]: >>> ğŸ”’ Detected 'Privacy/Red' Login Screen. Handling it...
04-02-2026 08:01:22 [INFO]: >>> ğŸ”‘ Regular Login required for Test_Check. Logging in...
04-02-2026 08:01:27 [INFO]: >>> âœ… Step Passed: Test_Check__Login
04-02-2026 08:01:27 [INFO]: >>> â³ Step Started: Test_Check__Verify_Data...
04-02-2026 08:01:47 [INFO]: >>> âœ… SUCCESS: Found '7570727' on Test_Check.
04-02-2026 08:01:47 [INFO]: >>> âœ… Step Passed: Test_Check__Verify_Data
04-02-2026 08:01:53 [INFO]: >>> ğŸ Finished all checks.
04-02-2026 11:00:05 [INFO]: --- ğŸš€ Starting Multi-Page QA Check ---
04-02-2026 11:00:05 [INFO]: >>> ğŸ› ï¸ Launching Chrome (Full HD Mode)...
04-02-2026 11:00:07 [INFO]: 
>>> ğŸ”„ Checking Target: Prod_Check (https://my.rishonlezion.muni.il/arnona/)
04-02-2026 11:00:07 [INFO]: >>> â³ Step Started: Prod_Check__Nav...
04-02-2026 11:00:16 [INFO]: >>> âœ… Step Passed: Prod_Check__Nav
04-02-2026 11:00:17 [INFO]: >>> â³ Step Started: Prod_Check__Login...
04-02-2026 11:00:17 [INFO]: >>> ğŸ”’ Detected 'Privacy/Red' Login Screen. Handling it...
04-02-2026 11:00:30 [INFO]: >>> ğŸ”‘ Regular Login required for Prod_Check. Logging in...
04-02-2026 11:00:34 [INFO]: >>> âœ… Step Passed: Prod_Check__Login
04-02-2026 11:00:34 [INFO]: >>> â³ Step Started: Prod_Check__Verify_Data...
04-02-2026 11:00:43 [INFO]: >>> âœ… SUCCESS: Found '7570727' on Prod_Check.
04-02-2026 11:00:43 [INFO]: >>> âœ… Step Passed: Prod_Check__Verify_Data
04-02-2026 11:00:43 [INFO]: 
>>> ğŸ”„ Checking Target: Test_Check (https://mytest.rishonlezion.muni.il/arnona/)
04-02-2026 11:00:43 [INFO]: >>> â³ Step Started: Test_Check__Nav...
04-02-2026 11:00:46 [INFO]: >>> âœ… Step Passed: Test_Check__Nav
04-02-2026 11:00:46 [INFO]: >>> â³ Step Started: Test_Check__Login...
04-02-2026 11:00:46 [INFO]: >>> ğŸ”’ Detected 'Privacy/Red' Login Screen. Handling it...
04-02-2026 11:01:00 [INFO]: >>> ğŸ”‘ Regular Login required for Test_Check. Logging in...
04-02-2026 11:01:10 [INFO]: >>> âœ… Step Passed: Test_Check__Login
04-02-2026 11:01:10 [INFO]: >>> â³ Step Started: Test_Check__Verify_Data...
04-02-2026 11:01:30 [INFO]: >>> âœ… SUCCESS: Found '7570727' on Test_Check.
04-02-2026 11:01:30 [INFO]: >>> âœ… Step Passed: Test_Check__Verify_Data
04-02-2026 11:01:36 [INFO]: >>> ğŸ Finished all checks.
04-02-2026 14:00:05 [INFO]: --- ğŸš€ Starting Multi-Page QA Check ---
04-02-2026 14:00:05 [INFO]: >>> ğŸ› ï¸ Launching Chrome (Full HD Mode)...
04-02-2026 14:00:07 [INFO]: 
>>> ğŸ”„ Checking Target: Prod_Check (https://my.rishonlezion.muni.il/arnona/)
04-02-2026 14:00:07 [INFO]: >>> â³ Step Started: Prod_Check__Nav...
04-02-2026 14:00:13 [INFO]: >>> âœ… Step Passed: Prod_Check__Nav
04-02-2026 14:00:13 [INFO]: >>> â³ Step Started: Prod_Check__Login...
04-02-2026 14:00:13 [INFO]: >>> ğŸ”’ Detected 'Privacy/Red' Login Screen. Handling it...
04-02-2026 14:00:26 [INFO]: >>> ğŸ”‘ Regular Login required for Prod_Check. Logging in...
04-02-2026 14:00:29 [INFO]: >>> âœ… Step Passed: Prod_Check__Login
04-02-2026 14:00:29 [INFO]: >>> â³ Step Started: Prod_Check__Verify_Data...
04-02-2026 14:00:39 [INFO]: >>> âœ… SUCCESS: Found '7570727' on Prod_Check.
04-02-2026 14:00:39 [INFO]: >>> âœ… Step Passed: Prod_Check__Verify_Data
04-02-2026 14:00:39 [INFO]: 
>>> ğŸ”„ Checking Target: Test_Check (https://mytest.rishonlezion.muni.il/arnona/)
04-02-2026 14:00:39 [INFO]: >>> â³ Step Started: Test_Check__Nav...
04-02-2026 14:00:41 [INFO]: >>> âœ… Step Passed: Test_Check__Nav
04-02-2026 14:00:41 [INFO]: >>> â³ Step Started: Test_Check__Login...
04-02-2026 14:00:41 [INFO]: >>> ğŸ”’ Detected 'Privacy/Red' Login Screen. Handling it...
04-02-2026 14:00:54 [INFO]: >>> ğŸ”‘ Regular Login required for Test_Check. Logging in...
04-02-2026 14:01:18 [INFO]: >>> âœ… Step Passed: Test_Check__Login
04-02-2026 14:01:18 [INFO]: >>> â³ Step Started: Test_Check__Verify_Data...
04-02-2026 14:02:00 [INFO]: >>> âœ… SUCCESS: Found '7570727' on Test_Check.
04-02-2026 14:02:00 [INFO]: >>> âœ… Step Passed: Test_Check__Verify_Data
04-02-2026 14:02:03 [INFO]: >>> ğŸ Finished all checks.
04-02-2026 17:00:05 [INFO]: --- ğŸš€ Starting Multi-Page QA Check ---
04-02-2026 17:00:05 [INFO]: >>> ğŸ› ï¸ Launching Chrome (Full HD Mode)...
04-02-2026 17:00:07 [INFO]: 
>>> ğŸ”„ Checking Target: Prod_Check (https://my.rishonlezion.muni.il/arnona/)
04-02-2026 17:00:07 [INFO]: >>> â³ Step Started: Prod_Check__Nav...
04-02-2026 17:00:10 [INFO]: >>> âœ… Step Passed: Prod_Check__Nav
04-02-2026 17:00:10 [INFO]: >>> â³ Step Started: Prod_Check__Login...
04-02-2026 17:00:10 [INFO]: >>> ğŸ”’ Detected 'Privacy/Red' Login Screen. Handling it...
04-02-2026 17:00:23 [INFO]: >>> ğŸ”‘ Regular Login required for Prod_Check. Logging in...
04-02-2026 17:00:27 [INFO]: >>> âœ… Step Passed: Prod_Check__Login
04-02-2026 17:00:27 [INFO]: >>> â³ Step Started: Prod_Check__Verify_Data...
04-02-2026 17:00:33 [INFO]: >>> âœ… SUCCESS: Found '7570727' on Prod_Check.
04-02-2026 17:00:33 [INFO]: >>> âœ… Step Passed: Prod_Check__Verify_Data
04-02-2026 17:00:33 [INFO]: 
>>> ğŸ”„ Checking Target: Test_Check (https://mytest.rishonlezion.muni.il/arnona/)
04-02-2026 17:00:33 [INFO]: >>> â³ Step Started: Test_Check__Nav...
04-02-2026 17:00:35 [INFO]: >>> âœ… Step Passed: Test_Check__Nav
04-02-2026 17:00:35 [INFO]: >>> â³ Step Started: Test_Check__Login...
04-02-2026 17:00:35 [INFO]: >>> ğŸ”’ Detected 'Privacy/Red' Login Screen. Handling it...
04-02-2026 17:00:49 [INFO]: >>> ğŸ”‘ Regular Login required for Test_Check. Logging in...
04-02-2026 17:00:53 [INFO]: >>> âœ… Step Passed: Test_Check__Login
04-02-2026 17:00:53 [INFO]: >>> â³ Step Started: Test_Check__Verify_Data...
04-02-2026 17:01:30 [INFO]: >>> âœ… SUCCESS: Found '7570727' on Test_Check.
04-02-2026 17:01:30 [INFO]: >>> âœ… Step Passed: Test_Check__Verify_Data
04-02-2026 17:01:34 [INFO]: >>> ğŸ Finished all checks.
04-02-2026 20:00:19 [INFO]: --- ğŸš€ Starting Multi-Page QA Check ---
04-02-2026 20:00:19 [INFO]: >>> ğŸ› ï¸ Launching Chrome (Full HD Mode)...
04-02-2026 20:04:01 [INFO]: 
>>> ğŸ”„ Checking Target: Prod_Check (https://my.rishonlezion.muni.il/arnona/)
04-02-2026 20:04:01 [INFO]: >>> â³ Step Started: Prod_Check__Nav...
04-02-2026 20:05:01 [ERROR]: >>> ğŸš© RED FLAG at step: [Prod_Check__Nav]
04-02-2026 20:05:01 [ERROR]: >>> âŒ Error Details: Navigation timeout of 60000 ms exceeded
04-02-2026 20:05:21 [INFO]: >>> ğŸ–¼ï¸ Screenshot saved: C:\Rizone\Projects\nitur\logs\screenshots\FAIL_Prod_Check__Nav__2026-02-04_18-05-01.png
04-02-2026 20:05:21 [WARN]: >>> âš ï¸ Moving to next target due to: Navigation timeout of 60000 ms exceeded
04-02-2026 20:05:21 [INFO]: 
>>> ğŸ”„ Checking Target: Test_Check (https://mytest.rishonlezion.muni.il/arnona/)
04-02-2026 20:05:21 [INFO]: >>> â³ Step Started: Test_Check__Nav...
04-02-2026 20:06:15 [INFO]: >>> âœ… Step Passed: Test_Check__Nav
04-02-2026 20:06:15 [INFO]: >>> â³ Step Started: Test_Check__Login...
04-02-2026 20:06:15 [INFO]: >>> ğŸ”’ Detected 'Privacy/Red' Login Screen. Handling it...
04-02-2026 20:06:38 [INFO]: >>> ğŸ”‘ Regular Login required for Test_Check. Logging in...
04-02-2026 20:06:53 [INFO]: >>> âœ… Step Passed: Test_Check__Login
04-02-2026 20:06:53 [INFO]: >>> â³ Step Started: Test_Check__Verify_Data...
04-02-2026 20:07:33 [INFO]: >>> âœ… SUCCESS: Found '7570727' on Test_Check.
04-02-2026 20:07:33 [INFO]: >>> âœ… Step Passed: Test_Check__Verify_Data
04-02-2026 20:07:47 [INFO]: >>> ğŸ Finished all checks.
