26-01-2026 08:00:08 [INFO]: --- ğŸš€ Starting Multi-Page QA Check ---
26-01-2026 08:00:08 [INFO]: >>> ğŸ› ï¸ Launching Chrome (Full HD Mode)...
26-01-2026 08:00:28 [INFO]: 
>>> ğŸ”„ Checking Target: Prod_Check (https://my.rishonlezion.muni.il/arnona/)
26-01-2026 08:00:28 [INFO]: >>> â³ Step Started: Prod_Check__Nav...
26-01-2026 08:00:31 [INFO]: >>> âœ… Step Passed: Prod_Check__Nav
26-01-2026 08:00:31 [INFO]: >>> â³ Step Started: Prod_Check__Login...
26-01-2026 08:00:31 [INFO]: >>> ğŸ”’ Detected 'Privacy/Red' Login Screen. Handling it...
26-01-2026 08:00:34 [INFO]: >>> ğŸ”‘ Regular Login required for Prod_Check. Logging in...
26-01-2026 08:00:35 [INFO]: >>> â³ Waiting for login redirect...
26-01-2026 08:00:43 [INFO]: >>> âœ… Step Passed: Prod_Check__Login
26-01-2026 08:00:44 [INFO]: >>> â³ Step Started: Prod_Check__Verify_Data...
26-01-2026 08:00:53 [INFO]: >>> ğŸ§ Scanning for data (Waiting up to 180s)...
26-01-2026 08:00:53 [INFO]: >>> âœ… SUCCESS: Found '7570727' on Prod_Check.
26-01-2026 08:00:53 [INFO]: >>> âœ… Step Passed: Prod_Check__Verify_Data
26-01-2026 08:00:53 [INFO]: 
>>> ğŸ”„ Checking Target: Test_Check (https://mytest.rishonlezion.muni.il/arnona/)
26-01-2026 08:00:53 [INFO]: >>> â³ Step Started: Test_Check__Nav...
26-01-2026 08:01:00 [INFO]: >>> âœ… Step Passed: Test_Check__Nav
26-01-2026 08:01:00 [INFO]: >>> â³ Step Started: Test_Check__Login...
26-01-2026 08:01:00 [INFO]: >>> ğŸ”’ Detected 'Privacy/Red' Login Screen. Handling it...
26-01-2026 08:01:04 [INFO]: >>> ğŸ”‘ Regular Login required for Test_Check. Logging in...
26-01-2026 08:01:06 [INFO]: >>> â³ Waiting for login redirect...
26-01-2026 08:01:14 [INFO]: >>> âœ… Step Passed: Test_Check__Login
26-01-2026 08:01:14 [INFO]: >>> â³ Step Started: Test_Check__Verify_Data...
26-01-2026 08:01:24 [INFO]: >>> ğŸ§ Scanning for data (Waiting up to 180s)...
26-01-2026 08:01:35 [INFO]: >>> â³ Still checking... (11s passed)
26-01-2026 08:01:41 [WARN]: >>> âš ï¸ 'No Data' detected. Attempting ONE refresh...
26-01-2026 08:02:08 [INFO]: >>> ğŸ“§ Sending email alert because 'No Data' was found.
26-01-2026 08:02:09 [INFO]: >>> ğŸ“§ Alert sent to 4 recipients via Courier API.
26-01-2026 08:02:09 [ERROR]: >>> ğŸš© RED FLAG at step: [Test_Check__Verify_Data]
26-01-2026 08:02:09 [ERROR]: >>> âŒ Error Details: Data validation failed: System explicitly shows 'No Data' (××™×Ÿ × ×ª×•× ×™×)
26-01-2026 08:02:10 [INFO]: >>> ğŸ–¼ï¸ Screenshot saved: C:\Rizone\Projects\nitur\logs\screenshots\FAIL_Test_Check__Verify_Data__2026-01-26_06-02-09.png
26-01-2026 08:02:10 [WARN]: >>> âš ï¸ Moving to next target due to: Data validation failed: System explicitly shows 'No Data' (××™×Ÿ × ×ª×•× ×™×)
26-01-2026 08:02:12 [INFO]: >>> ğŸ Finished all checks.
26-01-2026 11:00:07 [INFO]: --- ğŸš€ Starting Multi-Page QA Check ---
26-01-2026 11:00:07 [INFO]: >>> ğŸ› ï¸ Launching Chrome (Full HD Mode)...
26-01-2026 11:00:11 [INFO]: 
>>> ğŸ”„ Checking Target: Prod_Check (https://my.rishonlezion.muni.il/arnona/)
26-01-2026 11:00:11 [INFO]: >>> â³ Step Started: Prod_Check__Nav...
26-01-2026 11:00:14 [INFO]: >>> âœ… Step Passed: Prod_Check__Nav
26-01-2026 11:00:14 [INFO]: >>> â³ Step Started: Prod_Check__Login...
26-01-2026 11:00:14 [INFO]: >>> ğŸ”’ Detected 'Privacy/Red' Login Screen. Handling it...
26-01-2026 11:00:25 [WARN]: >>> âš ï¸ Login popup might still be visible (timeout waiting for hidden)
26-01-2026 11:00:28 [INFO]: >>> ğŸ”‘ Regular Login required for Prod_Check. Logging in...
26-01-2026 11:00:29 [INFO]: >>> â³ Waiting for login redirect...
26-01-2026 11:00:30 [INFO]: >>> âœ… Step Passed: Prod_Check__Login
26-01-2026 11:00:30 [INFO]: >>> â³ Step Started: Prod_Check__Verify_Data...
26-01-2026 11:00:40 [INFO]: >>> ğŸ§ Scanning for VISIBLE data (Waiting up to 180s)...
26-01-2026 11:00:48 [INFO]: >>> âœ… SUCCESS: Found '7570727' on Prod_Check.
26-01-2026 11:00:48 [INFO]: >>> âœ… Step Passed: Prod_Check__Verify_Data
26-01-2026 11:00:48 [INFO]: 
>>> ğŸ”„ Checking Target: Test_Check (https://mytest.rishonlezion.muni.il/arnona/)
26-01-2026 11:00:48 [INFO]: >>> â³ Step Started: Test_Check__Nav...
26-01-2026 11:00:54 [INFO]: >>> âœ… Step Passed: Test_Check__Nav
26-01-2026 11:00:54 [INFO]: >>> â³ Step Started: Test_Check__Login...
26-01-2026 11:00:54 [INFO]: >>> ğŸ”’ Detected 'Privacy/Red' Login Screen. Handling it...
26-01-2026 11:01:04 [WARN]: >>> âš ï¸ Login popup might still be visible (timeout waiting for hidden)
26-01-2026 11:01:07 [INFO]: >>> ğŸ”‘ Regular Login required for Test_Check. Logging in...
26-01-2026 11:01:10 [INFO]: >>> â³ Waiting for login redirect...
26-01-2026 11:01:14 [INFO]: >>> âœ… Step Passed: Test_Check__Login
26-01-2026 11:01:14 [INFO]: >>> â³ Step Started: Test_Check__Verify_Data...
26-01-2026 11:01:24 [INFO]: >>> ğŸ§ Scanning for VISIBLE data (Waiting up to 180s)...
26-01-2026 11:01:34 [INFO]: >>> â³ Still checking... (10s passed)
26-01-2026 11:01:45 [INFO]: >>> â³ Still checking... (21s passed)
26-01-2026 11:01:55 [INFO]: >>> â³ Still checking... (31s passed)
26-01-2026 11:02:06 [INFO]: >>> â³ Still checking... (41s passed)
26-01-2026 11:02:16 [INFO]: >>> â³ Still checking... (51s passed)
26-01-2026 11:02:26 [INFO]: >>> â³ Still checking... (61s passed)
26-01-2026 11:02:36 [INFO]: >>> â³ Still checking... (72s passed)
26-01-2026 11:02:47 [INFO]: >>> â³ Still checking... (82s passed)
26-01-2026 11:02:57 [INFO]: >>> â³ Still checking... (92s passed)
26-01-2026 11:03:07 [INFO]: >>> â³ Still checking... (102s passed)
26-01-2026 11:03:17 [INFO]: >>> â³ Still checking... (112s passed)
26-01-2026 11:03:27 [INFO]: >>> â³ Still checking... (122s passed)
26-01-2026 11:03:37 [INFO]: >>> â³ Still checking... (132s passed)
26-01-2026 11:03:47 [INFO]: >>> â³ Still checking... (143s passed)
26-01-2026 11:03:58 [INFO]: >>> â³ Still checking... (153s passed)
26-01-2026 11:04:08 [INFO]: >>> â³ Still checking... (163s passed)
26-01-2026 11:04:18 [INFO]: >>> â³ Still checking... (173s passed)
26-01-2026 11:04:25 [WARN]: >>> ğŸš© Failure detected (Timeout: Data did not load (Blank Screen for 3 mins)). Email SUPPRESSED.
26-01-2026 11:04:25 [ERROR]: >>> ğŸš© RED FLAG at step: [Test_Check__Verify_Data]
26-01-2026 11:04:25 [ERROR]: >>> âŒ Error Details: Data validation failed: Timeout: Data did not load (Blank Screen for 3 mins)
26-01-2026 11:04:25 [INFO]: >>> ğŸ–¼ï¸ Screenshot saved: C:\Rizone\Projects\nitur\logs\screenshots\FAIL_Test_Check__Verify_Data__2026-01-26_09-04-25.png
26-01-2026 11:04:25 [WARN]: >>> âš ï¸ Moving to next target due to: Data validation failed: Timeout: Data did not load (Blank Screen for 3 mins)
26-01-2026 11:04:30 [INFO]: >>> ğŸ Finished all checks.
26-01-2026 14:00:07 [INFO]: --- ğŸš€ Starting Multi-Page QA Check ---
26-01-2026 14:00:07 [INFO]: >>> ğŸ› ï¸ Launching Chrome (Full HD Mode)...
26-01-2026 14:00:09 [INFO]: 
>>> ğŸ”„ Checking Target: Prod_Check (https://my.rishonlezion.muni.il/arnona/)
26-01-2026 14:00:09 [INFO]: >>> â³ Step Started: Prod_Check__Nav...
26-01-2026 14:00:13 [INFO]: >>> âœ… Step Passed: Prod_Check__Nav
26-01-2026 14:00:13 [INFO]: >>> â³ Step Started: Prod_Check__Login...
26-01-2026 14:00:13 [INFO]: >>> ğŸ”’ Detected 'Privacy/Red' Login Screen. Handling it...
26-01-2026 14:00:23 [WARN]: >>> âš ï¸ Login popup might still be visible (timeout waiting for hidden)
26-01-2026 14:00:26 [INFO]: >>> ğŸ”‘ Regular Login required for Prod_Check. Logging in...
26-01-2026 14:00:27 [INFO]: >>> â³ Waiting for login redirect...
26-01-2026 14:00:31 [INFO]: >>> âœ… Step Passed: Prod_Check__Login
26-01-2026 14:00:31 [INFO]: >>> â³ Step Started: Prod_Check__Verify_Data...
26-01-2026 14:00:37 [INFO]: >>> ğŸ§ Scanning for VISIBLE data (Waiting up to 180s)...
26-01-2026 14:00:37 [INFO]: >>> âœ… SUCCESS: Found '7570727' on Prod_Check.
26-01-2026 14:00:37 [INFO]: >>> âœ… Step Passed: Prod_Check__Verify_Data
26-01-2026 14:00:37 [INFO]: 
>>> ğŸ”„ Checking Target: Test_Check (https://mytest.rishonlezion.muni.il/arnona/)
26-01-2026 14:00:37 [INFO]: >>> â³ Step Started: Test_Check__Nav...
26-01-2026 14:00:41 [INFO]: >>> âœ… Step Passed: Test_Check__Nav
26-01-2026 14:00:41 [INFO]: >>> â³ Step Started: Test_Check__Login...
26-01-2026 14:00:41 [INFO]: >>> ğŸ”’ Detected 'Privacy/Red' Login Screen. Handling it...
26-01-2026 14:00:51 [WARN]: >>> âš ï¸ Login popup might still be visible (timeout waiting for hidden)
26-01-2026 14:00:54 [INFO]: >>> ğŸ”‘ Regular Login required for Test_Check. Logging in...
26-01-2026 14:00:56 [INFO]: >>> â³ Waiting for login redirect...
26-01-2026 14:01:03 [INFO]: >>> âœ… Step Passed: Test_Check__Login
26-01-2026 14:01:03 [INFO]: >>> â³ Step Started: Test_Check__Verify_Data...
26-01-2026 14:01:13 [INFO]: >>> ğŸ§ Scanning for VISIBLE data (Waiting up to 180s)...
26-01-2026 14:01:23 [INFO]: >>> â³ Still checking... (10s passed)
26-01-2026 14:01:33 [INFO]: >>> â³ Still checking... (20s passed)
26-01-2026 14:01:44 [INFO]: >>> â³ Still checking... (31s passed)
26-01-2026 14:01:54 [INFO]: >>> â³ Still checking... (41s passed)
26-01-2026 14:02:04 [INFO]: >>> â³ Still checking... (51s passed)
26-01-2026 14:02:15 [INFO]: >>> â³ Still checking... (61s passed)
26-01-2026 14:02:25 [INFO]: >>> â³ Still checking... (72s passed)
26-01-2026 14:02:35 [INFO]: >>> â³ Still checking... (82s passed)
26-01-2026 14:02:45 [INFO]: >>> â³ Still checking... (92s passed)
26-01-2026 14:02:56 [INFO]: >>> â³ Still checking... (102s passed)
26-01-2026 14:03:06 [INFO]: >>> â³ Still checking... (112s passed)
26-01-2026 14:03:16 [INFO]: >>> â³ Still checking... (123s passed)
26-01-2026 14:03:26 [INFO]: >>> â³ Still checking... (133s passed)
26-01-2026 14:03:37 [INFO]: >>> â³ Still checking... (143s passed)
26-01-2026 14:03:47 [INFO]: >>> â³ Still checking... (153s passed)
26-01-2026 14:03:57 [INFO]: >>> â³ Still checking... (164s passed)
26-01-2026 14:04:07 [INFO]: >>> â³ Still checking... (174s passed)
26-01-2026 14:04:13 [WARN]: >>> ğŸš© Failure detected (Timeout: Data did not load (Blank Screen for 3 mins)). Email SUPPRESSED.
26-01-2026 14:04:13 [ERROR]: >>> ğŸš© RED FLAG at step: [Test_Check__Verify_Data]
26-01-2026 14:04:13 [ERROR]: >>> âŒ Error Details: Data validation failed: Timeout: Data did not load (Blank Screen for 3 mins)
26-01-2026 14:04:13 [INFO]: >>> ğŸ–¼ï¸ Screenshot saved: C:\Rizone\Projects\nitur\logs\screenshots\FAIL_Test_Check__Verify_Data__2026-01-26_12-04-13.png
26-01-2026 14:04:13 [WARN]: >>> âš ï¸ Moving to next target due to: Data validation failed: Timeout: Data did not load (Blank Screen for 3 mins)
26-01-2026 14:04:16 [INFO]: >>> ğŸ Finished all checks.
26-01-2026 17:00:07 [INFO]: --- ğŸš€ Starting Multi-Page QA Check ---
26-01-2026 17:00:07 [INFO]: >>> ğŸ› ï¸ Launching Chrome (Full HD Mode)...
26-01-2026 17:00:08 [INFO]: 
>>> ğŸ”„ Checking Target: Prod_Check (https://my.rishonlezion.muni.il/arnona/)
26-01-2026 17:00:08 [INFO]: >>> â³ Step Started: Prod_Check__Nav...
26-01-2026 17:00:13 [INFO]: >>> âœ… Step Passed: Prod_Check__Nav
26-01-2026 17:00:13 [INFO]: >>> â³ Step Started: Prod_Check__Login...
26-01-2026 17:00:13 [INFO]: >>> ğŸ”’ Detected 'Privacy/Red' Login Screen. Handling it...
26-01-2026 17:00:23 [WARN]: >>> âš ï¸ Login popup might still be visible (timeout waiting for hidden)
26-01-2026 17:00:26 [INFO]: >>> ğŸ”‘ Regular Login required for Prod_Check. Logging in...
26-01-2026 17:00:27 [INFO]: >>> â³ Waiting for login redirect...
26-01-2026 17:00:31 [INFO]: >>> âœ… Step Passed: Prod_Check__Login
26-01-2026 17:00:31 [INFO]: >>> â³ Step Started: Prod_Check__Verify_Data...
26-01-2026 17:00:37 [INFO]: >>> ğŸ§ Scanning for VISIBLE data (Waiting up to 180s)...
26-01-2026 17:00:37 [INFO]: >>> âœ… SUCCESS: Found '7570727' on Prod_Check.
26-01-2026 17:00:37 [INFO]: >>> âœ… Step Passed: Prod_Check__Verify_Data
26-01-2026 17:00:37 [INFO]: 
>>> ğŸ”„ Checking Target: Test_Check (https://mytest.rishonlezion.muni.il/arnona/)
26-01-2026 17:00:37 [INFO]: >>> â³ Step Started: Test_Check__Nav...
26-01-2026 17:00:41 [INFO]: >>> âœ… Step Passed: Test_Check__Nav
26-01-2026 17:00:41 [INFO]: >>> â³ Step Started: Test_Check__Login...
26-01-2026 17:00:41 [INFO]: >>> ğŸ”’ Detected 'Privacy/Red' Login Screen. Handling it...
26-01-2026 17:00:51 [WARN]: >>> âš ï¸ Login popup might still be visible (timeout waiting for hidden)
26-01-2026 17:00:54 [INFO]: >>> ğŸ”‘ Regular Login required for Test_Check. Logging in...
26-01-2026 17:00:55 [INFO]: >>> â³ Waiting for login redirect...
26-01-2026 17:00:59 [INFO]: >>> âœ… Step Passed: Test_Check__Login
26-01-2026 17:00:59 [INFO]: >>> â³ Step Started: Test_Check__Verify_Data...
26-01-2026 17:01:09 [INFO]: >>> ğŸ§ Scanning for VISIBLE data (Waiting up to 180s)...
26-01-2026 17:01:19 [INFO]: >>> â³ Still checking... (10s passed)
26-01-2026 17:01:29 [INFO]: >>> â³ Still checking... (20s passed)
26-01-2026 17:01:39 [INFO]: >>> â³ Still checking... (30s passed)
26-01-2026 17:01:50 [INFO]: >>> â³ Still checking... (40s passed)
26-01-2026 17:02:00 [INFO]: >>> â³ Still checking... (50s passed)
26-01-2026 17:02:10 [INFO]: >>> â³ Still checking... (60s passed)
26-01-2026 17:02:20 [INFO]: >>> â³ Still checking... (71s passed)
26-01-2026 17:02:30 [INFO]: >>> â³ Still checking... (81s passed)
26-01-2026 17:02:40 [INFO]: >>> â³ Still checking... (91s passed)
26-01-2026 17:02:50 [INFO]: >>> â³ Still checking... (101s passed)
26-01-2026 17:03:01 [INFO]: >>> â³ Still checking... (111s passed)
26-01-2026 17:03:11 [INFO]: >>> â³ Still checking... (121s passed)
26-01-2026 17:03:21 [INFO]: >>> â³ Still checking... (132s passed)
26-01-2026 17:03:31 [INFO]: >>> â³ Still checking... (142s passed)
26-01-2026 17:03:42 [INFO]: >>> â³ Still checking... (152s passed)
26-01-2026 17:03:52 [INFO]: >>> â³ Still checking... (162s passed)
26-01-2026 17:04:02 [INFO]: >>> â³ Still checking... (173s passed)
26-01-2026 17:04:09 [WARN]: >>> ğŸš© Failure detected (Timeout: Data did not load (Blank Screen for 3 mins)). Email SUPPRESSED.
26-01-2026 17:04:09 [ERROR]: >>> ğŸš© RED FLAG at step: [Test_Check__Verify_Data]
26-01-2026 17:04:09 [ERROR]: >>> âŒ Error Details: Data validation failed: Timeout: Data did not load (Blank Screen for 3 mins)
26-01-2026 17:04:09 [INFO]: >>> ğŸ–¼ï¸ Screenshot saved: C:\Rizone\Projects\nitur\logs\screenshots\FAIL_Test_Check__Verify_Data__2026-01-26_15-04-09.png
26-01-2026 17:04:09 [WARN]: >>> âš ï¸ Moving to next target due to: Data validation failed: Timeout: Data did not load (Blank Screen for 3 mins)
26-01-2026 17:04:12 [INFO]: >>> ğŸ Finished all checks.
26-01-2026 20:00:25 [INFO]: --- ğŸš€ Starting Multi-Page QA Check ---
26-01-2026 20:00:25 [INFO]: >>> ğŸ› ï¸ Launching Chrome (Full HD Mode)...
26-01-2026 20:04:08 [INFO]: 
>>> ğŸ”„ Checking Target: Prod_Check (https://my.rishonlezion.muni.il/arnona/)
26-01-2026 20:04:08 [INFO]: >>> â³ Step Started: Prod_Check__Nav...
26-01-2026 20:05:08 [ERROR]: >>> ğŸš© RED FLAG at step: [Prod_Check__Nav]
26-01-2026 20:05:08 [ERROR]: >>> âŒ Error Details: Navigation timeout of 60000 ms exceeded
26-01-2026 20:05:09 [INFO]: >>> ğŸ–¼ï¸ Screenshot saved: C:\Rizone\Projects\nitur\logs\screenshots\FAIL_Prod_Check__Nav__2026-01-26_18-05-08.png
26-01-2026 20:05:09 [WARN]: >>> âš ï¸ Moving to next target due to: Navigation timeout of 60000 ms exceeded
26-01-2026 20:05:09 [INFO]: 
>>> ğŸ”„ Checking Target: Test_Check (https://mytest.rishonlezion.muni.il/arnona/)
26-01-2026 20:05:09 [INFO]: >>> â³ Step Started: Test_Check__Nav...
26-01-2026 20:05:17 [INFO]: >>> âœ… Step Passed: Test_Check__Nav
26-01-2026 20:05:17 [INFO]: >>> â³ Step Started: Test_Check__Login...
26-01-2026 20:05:18 [INFO]: >>> ğŸ”’ Detected 'Privacy/Red' Login Screen. Handling it...
26-01-2026 20:05:35 [WARN]: >>> âš ï¸ Login popup might still be visible (timeout waiting for hidden)
26-01-2026 20:05:38 [INFO]: >>> ğŸ”‘ Regular Login required for Test_Check. Logging in...
26-01-2026 20:05:53 [INFO]: >>> â³ Waiting for login redirect...
26-01-2026 20:05:57 [INFO]: >>> âœ… Step Passed: Test_Check__Login
26-01-2026 20:05:57 [INFO]: >>> â³ Step Started: Test_Check__Verify_Data...
26-01-2026 20:06:07 [INFO]: >>> ğŸ§ Scanning for VISIBLE data (Waiting up to 180s)...
26-01-2026 20:06:17 [INFO]: >>> â³ Still checking... (10s passed)
26-01-2026 20:06:27 [INFO]: >>> â³ Still checking... (20s passed)
26-01-2026 20:06:38 [INFO]: >>> â³ Still checking... (30s passed)
26-01-2026 20:06:48 [INFO]: >>> â³ Still checking... (41s passed)
26-01-2026 20:06:58 [INFO]: >>> â³ Still checking... (51s passed)
26-01-2026 20:07:08 [INFO]: >>> â³ Still checking... (61s passed)
26-01-2026 20:07:18 [INFO]: >>> â³ Still checking... (71s passed)
26-01-2026 20:07:28 [INFO]: >>> â³ Still checking... (81s passed)
26-01-2026 20:07:39 [INFO]: >>> â³ Still checking... (92s passed)
26-01-2026 20:07:49 [INFO]: >>> â³ Still checking... (102s passed)
26-01-2026 20:07:59 [INFO]: >>> â³ Still checking... (112s passed)
26-01-2026 20:08:09 [INFO]: >>> â³ Still checking... (122s passed)
26-01-2026 20:08:19 [INFO]: >>> â³ Still checking... (132s passed)
26-01-2026 20:08:30 [INFO]: >>> â³ Still checking... (143s passed)
26-01-2026 20:08:40 [INFO]: >>> â³ Still checking... (153s passed)
26-01-2026 20:08:50 [INFO]: >>> â³ Still checking... (163s passed)
26-01-2026 20:09:00 [INFO]: >>> â³ Still checking... (173s passed)
26-01-2026 20:09:07 [WARN]: >>> ğŸš© Failure detected (Timeout: Data did not load (Blank Screen for 3 mins)). Email SUPPRESSED.
26-01-2026 20:09:08 [ERROR]: >>> ğŸš© RED FLAG at step: [Test_Check__Verify_Data]
26-01-2026 20:09:08 [ERROR]: >>> âŒ Error Details: Data validation failed: Timeout: Data did not load (Blank Screen for 3 mins)
26-01-2026 20:09:08 [INFO]: >>> ğŸ–¼ï¸ Screenshot saved: C:\Rizone\Projects\nitur\logs\screenshots\FAIL_Test_Check__Verify_Data__2026-01-26_18-09-08.png
26-01-2026 20:09:08 [WARN]: >>> âš ï¸ Moving to next target due to: Data validation failed: Timeout: Data did not load (Blank Screen for 3 mins)
26-01-2026 20:09:42 [INFO]: >>> ğŸ Finished all checks.
