28-01-2026 08:00:12 [INFO]: --- ğŸš€ Starting Multi-Page QA Check ---
28-01-2026 08:00:12 [INFO]: >>> ğŸ› ï¸ Launching Chrome (Full HD Mode)...
28-01-2026 08:00:29 [INFO]: 
>>> ğŸ”„ Checking Target: Prod_Check (https://my.rishonlezion.muni.il/arnona/)
28-01-2026 08:00:29 [INFO]: >>> â³ Step Started: Prod_Check__Nav...
28-01-2026 08:00:32 [INFO]: >>> âœ… Step Passed: Prod_Check__Nav
28-01-2026 08:00:32 [INFO]: >>> â³ Step Started: Prod_Check__Login...
28-01-2026 08:00:32 [INFO]: >>> ğŸ”’ Detected 'Privacy/Red' Login Screen. Handling it...
28-01-2026 08:00:45 [INFO]: >>> ğŸ”‘ Regular Login required for Prod_Check. Logging in...
28-01-2026 08:00:50 [INFO]: >>> âœ… Step Passed: Prod_Check__Login
28-01-2026 08:00:50 [INFO]: >>> â³ Step Started: Prod_Check__Verify_Data...
28-01-2026 08:00:57 [INFO]: >>> âœ… SUCCESS: Found '7570727' on Prod_Check.
28-01-2026 08:00:57 [INFO]: >>> âœ… Step Passed: Prod_Check__Verify_Data
28-01-2026 08:00:57 [INFO]: 
>>> ğŸ”„ Checking Target: Test_Check (https://mytest.rishonlezion.muni.il/arnona/)
28-01-2026 08:00:57 [INFO]: >>> â³ Step Started: Test_Check__Nav...
28-01-2026 08:01:00 [INFO]: >>> âœ… Step Passed: Test_Check__Nav
28-01-2026 08:01:00 [INFO]: >>> â³ Step Started: Test_Check__Login...
28-01-2026 08:01:00 [INFO]: >>> ğŸ”’ Detected 'Privacy/Red' Login Screen. Handling it...
28-01-2026 08:01:13 [INFO]: >>> ğŸ”‘ Regular Login required for Test_Check. Logging in...
28-01-2026 08:01:19 [INFO]: >>> âœ… Step Passed: Test_Check__Login
28-01-2026 08:01:19 [INFO]: >>> â³ Step Started: Test_Check__Verify_Data...
28-01-2026 08:04:30 [ERROR]: >>> ğŸš© RED FLAG at step: [Test_Check__Verify_Data]
28-01-2026 08:04:30 [ERROR]: >>> âŒ Error Details: Data validation failed: Timeout: Data did not load
28-01-2026 08:04:30 [INFO]: >>> ğŸ–¼ï¸ Screenshot saved: C:\Rizone\Projects\nitur\logs\screenshots\FAIL_Test_Check__Verify_Data__2026-01-28_06-04-30.png
28-01-2026 08:04:30 [WARN]: >>> âš ï¸ Moving to next target due to: Data validation failed: Timeout: Data did not load
28-01-2026 08:04:33 [INFO]: >>> ğŸ Finished all checks.
28-01-2026 11:00:05 [INFO]: --- ğŸš€ Starting Multi-Page QA Check ---
28-01-2026 11:00:06 [INFO]: >>> ğŸ› ï¸ Launching Chrome (Full HD Mode)...
28-01-2026 11:00:09 [INFO]: 
>>> ğŸ”„ Checking Target: Prod_Check (https://my.rishonlezion.muni.il/arnona/)
28-01-2026 11:00:09 [INFO]: >>> â³ Step Started: Prod_Check__Nav...
28-01-2026 11:00:14 [INFO]: >>> âœ… Step Passed: Prod_Check__Nav
28-01-2026 11:00:14 [INFO]: >>> â³ Step Started: Prod_Check__Login...
28-01-2026 11:00:14 [INFO]: >>> ğŸ”’ Detected 'Privacy/Red' Login Screen. Handling it...
28-01-2026 11:00:27 [INFO]: >>> ğŸ”‘ Regular Login required for Prod_Check. Logging in...
28-01-2026 11:00:30 [INFO]: >>> âœ… Step Passed: Prod_Check__Login
28-01-2026 11:00:30 [INFO]: >>> â³ Step Started: Prod_Check__Verify_Data...
28-01-2026 11:00:37 [INFO]: >>> âœ… SUCCESS: Found '7570727' on Prod_Check.
28-01-2026 11:00:37 [INFO]: >>> âœ… Step Passed: Prod_Check__Verify_Data
28-01-2026 11:00:37 [INFO]: 
>>> ğŸ”„ Checking Target: Test_Check (https://mytest.rishonlezion.muni.il/arnona/)
28-01-2026 11:00:37 [INFO]: >>> â³ Step Started: Test_Check__Nav...
28-01-2026 11:00:40 [INFO]: >>> âœ… Step Passed: Test_Check__Nav
28-01-2026 11:00:40 [INFO]: >>> â³ Step Started: Test_Check__Login...
28-01-2026 11:00:40 [INFO]: >>> ğŸ”’ Detected 'Privacy/Red' Login Screen. Handling it...
28-01-2026 11:00:53 [INFO]: >>> ğŸ”‘ Regular Login required for Test_Check. Logging in...
28-01-2026 11:00:56 [INFO]: >>> âœ… Step Passed: Test_Check__Login
28-01-2026 11:00:56 [INFO]: >>> â³ Step Started: Test_Check__Verify_Data...
28-01-2026 11:04:02 [ERROR]: >>> ğŸš© RED FLAG at step: [Test_Check__Verify_Data]
28-01-2026 11:04:02 [ERROR]: >>> âŒ Error Details: Data validation failed: Timeout: Data did not load
28-01-2026 11:04:02 [INFO]: >>> ğŸ–¼ï¸ Screenshot saved: C:\Rizone\Projects\nitur\logs\screenshots\FAIL_Test_Check__Verify_Data__2026-01-28_09-04-02.png
28-01-2026 11:04:02 [WARN]: >>> âš ï¸ Moving to next target due to: Data validation failed: Timeout: Data did not load
28-01-2026 11:04:06 [INFO]: >>> ğŸ Finished all checks.
28-01-2026 14:00:04 [INFO]: --- ğŸš€ Starting Multi-Page QA Check ---
28-01-2026 14:00:04 [INFO]: >>> ğŸ› ï¸ Launching Chrome (Full HD Mode)...
28-01-2026 14:00:06 [INFO]: 
>>> ğŸ”„ Checking Target: Prod_Check (https://my.rishonlezion.muni.il/arnona/)
28-01-2026 14:00:06 [INFO]: >>> â³ Step Started: Prod_Check__Nav...
28-01-2026 14:00:18 [INFO]: >>> âœ… Step Passed: Prod_Check__Nav
28-01-2026 14:00:18 [INFO]: >>> â³ Step Started: Prod_Check__Login...
28-01-2026 14:00:18 [INFO]: >>> ğŸ”’ Detected 'Privacy/Red' Login Screen. Handling it...
28-01-2026 14:00:31 [INFO]: >>> ğŸ”‘ Regular Login required for Prod_Check. Logging in...
28-01-2026 14:00:36 [INFO]: >>> âœ… Step Passed: Prod_Check__Login
28-01-2026 14:00:36 [INFO]: >>> â³ Step Started: Prod_Check__Verify_Data...
28-01-2026 14:00:44 [INFO]: >>> âœ… SUCCESS: Found '7570727' on Prod_Check.
28-01-2026 14:00:44 [INFO]: >>> âœ… Step Passed: Prod_Check__Verify_Data
28-01-2026 14:00:44 [INFO]: 
>>> ğŸ”„ Checking Target: Test_Check (https://mytest.rishonlezion.muni.il/arnona/)
28-01-2026 14:00:44 [INFO]: >>> â³ Step Started: Test_Check__Nav...
28-01-2026 14:00:47 [INFO]: >>> âœ… Step Passed: Test_Check__Nav
28-01-2026 14:00:47 [INFO]: >>> â³ Step Started: Test_Check__Login...
28-01-2026 14:00:47 [INFO]: >>> ğŸ”’ Detected 'Privacy/Red' Login Screen. Handling it...
28-01-2026 14:01:00 [INFO]: >>> ğŸ”‘ Regular Login required for Test_Check. Logging in...
28-01-2026 14:01:05 [INFO]: >>> âœ… Step Passed: Test_Check__Login
28-01-2026 14:01:05 [INFO]: >>> â³ Step Started: Test_Check__Verify_Data...
28-01-2026 14:04:15 [ERROR]: >>> ğŸš© RED FLAG at step: [Test_Check__Verify_Data]
28-01-2026 14:04:16 [ERROR]: >>> âŒ Error Details: Data validation failed: Timeout: Data did not load
28-01-2026 14:04:16 [INFO]: >>> ğŸ–¼ï¸ Screenshot saved: C:\Rizone\Projects\nitur\logs\screenshots\FAIL_Test_Check__Verify_Data__2026-01-28_12-04-16.png
28-01-2026 14:04:16 [WARN]: >>> âš ï¸ Moving to next target due to: Data validation failed: Timeout: Data did not load
28-01-2026 14:04:19 [INFO]: >>> ğŸ Finished all checks.
28-01-2026 17:00:05 [INFO]: --- ğŸš€ Starting Multi-Page QA Check ---
28-01-2026 17:00:05 [INFO]: >>> ğŸ› ï¸ Launching Chrome (Full HD Mode)...
28-01-2026 17:00:07 [INFO]: 
>>> ğŸ”„ Checking Target: Prod_Check (https://my.rishonlezion.muni.il/arnona/)
28-01-2026 17:00:07 [INFO]: >>> â³ Step Started: Prod_Check__Nav...
28-01-2026 17:00:11 [INFO]: >>> âœ… Step Passed: Prod_Check__Nav
28-01-2026 17:00:11 [INFO]: >>> â³ Step Started: Prod_Check__Login...
28-01-2026 17:00:11 [INFO]: >>> ğŸ”’ Detected 'Privacy/Red' Login Screen. Handling it...
28-01-2026 17:00:24 [INFO]: >>> ğŸ”‘ Regular Login required for Prod_Check. Logging in...
28-01-2026 17:00:35 [INFO]: >>> âœ… Step Passed: Prod_Check__Login
28-01-2026 17:00:35 [INFO]: >>> â³ Step Started: Prod_Check__Verify_Data...
28-01-2026 17:00:45 [INFO]: >>> âœ… SUCCESS: Found '7570727' on Prod_Check.
28-01-2026 17:00:45 [INFO]: >>> âœ… Step Passed: Prod_Check__Verify_Data
28-01-2026 17:00:45 [INFO]: 
>>> ğŸ”„ Checking Target: Test_Check (https://mytest.rishonlezion.muni.il/arnona/)
28-01-2026 17:00:45 [INFO]: >>> â³ Step Started: Test_Check__Nav...
28-01-2026 17:00:47 [INFO]: >>> âœ… Step Passed: Test_Check__Nav
28-01-2026 17:00:47 [INFO]: >>> â³ Step Started: Test_Check__Login...
28-01-2026 17:00:47 [INFO]: >>> ğŸ”’ Detected 'Privacy/Red' Login Screen. Handling it...
28-01-2026 17:01:00 [INFO]: >>> ğŸ”‘ Regular Login required for Test_Check. Logging in...
28-01-2026 17:01:05 [INFO]: >>> âœ… Step Passed: Test_Check__Login
28-01-2026 17:01:05 [INFO]: >>> â³ Step Started: Test_Check__Verify_Data...
28-01-2026 17:04:15 [ERROR]: >>> ğŸš© RED FLAG at step: [Test_Check__Verify_Data]
28-01-2026 17:04:15 [ERROR]: >>> âŒ Error Details: Data validation failed: Timeout: Data did not load
28-01-2026 17:04:16 [INFO]: >>> ğŸ–¼ï¸ Screenshot saved: C:\Rizone\Projects\nitur\logs\screenshots\FAIL_Test_Check__Verify_Data__2026-01-28_15-04-15.png
28-01-2026 17:04:16 [WARN]: >>> âš ï¸ Moving to next target due to: Data validation failed: Timeout: Data did not load
28-01-2026 17:04:19 [INFO]: >>> ğŸ Finished all checks.
28-01-2026 20:00:18 [INFO]: --- ğŸš€ Starting Multi-Page QA Check ---
28-01-2026 20:00:18 [INFO]: >>> ğŸ› ï¸ Launching Chrome (Full HD Mode)...
28-01-2026 20:05:30 [INFO]: 
>>> ğŸ”„ Checking Target: Prod_Check (https://my.rishonlezion.muni.il/arnona/)
28-01-2026 20:05:31 [INFO]: >>> â³ Step Started: Prod_Check__Nav...
28-01-2026 20:06:31 [ERROR]: >>> ğŸš© RED FLAG at step: [Prod_Check__Nav]
28-01-2026 20:06:31 [ERROR]: >>> âŒ Error Details: Navigation timeout of 60000 ms exceeded
28-01-2026 20:06:47 [INFO]: >>> ğŸ–¼ï¸ Screenshot saved: C:\Rizone\Projects\nitur\logs\screenshots\FAIL_Prod_Check__Nav__2026-01-28_18-06-31.png
28-01-2026 20:06:47 [WARN]: >>> âš ï¸ Moving to next target due to: Navigation timeout of 60000 ms exceeded
28-01-2026 20:06:47 [INFO]: 
>>> ğŸ”„ Checking Target: Test_Check (https://mytest.rishonlezion.muni.il/arnona/)
28-01-2026 20:06:48 [INFO]: >>> â³ Step Started: Test_Check__Nav...
28-01-2026 20:07:16 [ERROR]: >>> ğŸš© RED FLAG at step: [Test_Check__Nav]
28-01-2026 20:07:16 [ERROR]: >>> âŒ Error Details: net::ERR_ABORTED at https://mytest.rishonlezion.muni.il/arnona/
28-01-2026 20:07:19 [INFO]: >>> ğŸ–¼ï¸ Screenshot saved: C:\Rizone\Projects\nitur\logs\screenshots\FAIL_Test_Check__Nav__2026-01-28_18-07-16.png
28-01-2026 20:07:19 [WARN]: >>> âš ï¸ Moving to next target due to: net::ERR_ABORTED at https://mytest.rishonlezion.muni.il/arnona/
28-01-2026 20:11:28 [INFO]: >>> ğŸ Finished all checks.
