03-02-2026 08:00:06 [INFO]: --- ğŸš€ Starting Multi-Page QA Check ---
03-02-2026 08:00:07 [INFO]: >>> ğŸ› ï¸ Launching Chrome (Full HD Mode)...
03-02-2026 08:00:27 [INFO]: 
>>> ğŸ”„ Checking Target: Prod_Check (https://my.rishonlezion.muni.il/arnona/)
03-02-2026 08:00:27 [INFO]: >>> â³ Step Started: Prod_Check__Nav...
03-02-2026 08:00:32 [INFO]: >>> âœ… Step Passed: Prod_Check__Nav
03-02-2026 08:00:32 [INFO]: >>> â³ Step Started: Prod_Check__Login...
03-02-2026 08:00:32 [INFO]: >>> ğŸ”’ Detected 'Privacy/Red' Login Screen. Handling it...
03-02-2026 08:00:46 [INFO]: >>> ğŸ”‘ Regular Login required for Prod_Check. Logging in...
03-02-2026 08:00:49 [INFO]: >>> âœ… Step Passed: Prod_Check__Login
03-02-2026 08:00:50 [INFO]: >>> â³ Step Started: Prod_Check__Verify_Data...
03-02-2026 08:00:58 [INFO]: >>> âœ… SUCCESS: Found '7570727' on Prod_Check.
03-02-2026 08:00:58 [INFO]: >>> âœ… Step Passed: Prod_Check__Verify_Data
03-02-2026 08:00:58 [INFO]: 
>>> ğŸ”„ Checking Target: Test_Check (https://mytest.rishonlezion.muni.il/arnona/)
03-02-2026 08:00:58 [INFO]: >>> â³ Step Started: Test_Check__Nav...
03-02-2026 08:01:01 [INFO]: >>> âœ… Step Passed: Test_Check__Nav
03-02-2026 08:01:01 [INFO]: >>> â³ Step Started: Test_Check__Login...
03-02-2026 08:01:01 [INFO]: >>> ğŸ”’ Detected 'Privacy/Red' Login Screen. Handling it...
03-02-2026 08:01:14 [INFO]: >>> ğŸ”‘ Regular Login required for Test_Check. Logging in...
03-02-2026 08:01:20 [INFO]: >>> âœ… Step Passed: Test_Check__Login
03-02-2026 08:01:20 [INFO]: >>> â³ Step Started: Test_Check__Verify_Data...
03-02-2026 08:01:46 [INFO]: >>> ğŸ“§ Alert sent to 4 recipients via Courier API.
03-02-2026 08:01:46 [ERROR]: >>> ğŸš© RED FLAG at step: [Test_Check__Verify_Data]
03-02-2026 08:01:46 [ERROR]: >>> âŒ Error Details: Data validation failed: System shows 'No Data'
03-02-2026 08:01:46 [INFO]: >>> ğŸ–¼ï¸ Screenshot saved: C:\Rizone\Projects\nitur\logs\screenshots\FAIL_Test_Check__Verify_Data__2026-02-03_06-01-46.png
03-02-2026 08:01:46 [WARN]: >>> âš ï¸ Moving to next target due to: Data validation failed: System shows 'No Data'
03-02-2026 08:01:51 [INFO]: >>> ğŸ Finished all checks.
03-02-2026 11:00:06 [INFO]: --- ğŸš€ Starting Multi-Page QA Check ---
03-02-2026 11:00:06 [INFO]: >>> ğŸ› ï¸ Launching Chrome (Full HD Mode)...
03-02-2026 11:00:08 [INFO]: 
>>> ğŸ”„ Checking Target: Prod_Check (https://my.rishonlezion.muni.il/arnona/)
03-02-2026 11:00:08 [INFO]: >>> â³ Step Started: Prod_Check__Nav...
03-02-2026 11:00:15 [INFO]: >>> âœ… Step Passed: Prod_Check__Nav
03-02-2026 11:00:15 [INFO]: >>> â³ Step Started: Prod_Check__Login...
03-02-2026 11:00:15 [INFO]: >>> ğŸ”’ Detected 'Privacy/Red' Login Screen. Handling it...
03-02-2026 11:00:28 [INFO]: >>> ğŸ”‘ Regular Login required for Prod_Check. Logging in...
03-02-2026 11:00:32 [INFO]: >>> âœ… Step Passed: Prod_Check__Login
03-02-2026 11:00:32 [INFO]: >>> â³ Step Started: Prod_Check__Verify_Data...
03-02-2026 11:00:46 [INFO]: >>> âœ… SUCCESS: Found '7570727' on Prod_Check.
03-02-2026 11:00:46 [INFO]: >>> âœ… Step Passed: Prod_Check__Verify_Data
03-02-2026 11:00:46 [INFO]: 
>>> ğŸ”„ Checking Target: Test_Check (https://mytest.rishonlezion.muni.il/arnona/)
03-02-2026 11:00:46 [INFO]: >>> â³ Step Started: Test_Check__Nav...
03-02-2026 11:00:49 [INFO]: >>> âœ… Step Passed: Test_Check__Nav
03-02-2026 11:00:49 [INFO]: >>> â³ Step Started: Test_Check__Login...
03-02-2026 11:00:49 [INFO]: >>> ğŸ”’ Detected 'Privacy/Red' Login Screen. Handling it...
03-02-2026 11:01:02 [INFO]: >>> ğŸ”‘ Regular Login required for Test_Check. Logging in...
03-02-2026 11:01:06 [INFO]: >>> âœ… Step Passed: Test_Check__Login
03-02-2026 11:01:06 [INFO]: >>> â³ Step Started: Test_Check__Verify_Data...
03-02-2026 11:01:15 [INFO]: >>> âœ… SUCCESS: Found '7570727' on Test_Check.
03-02-2026 11:01:15 [INFO]: >>> âœ… Step Passed: Test_Check__Verify_Data
03-02-2026 11:01:20 [INFO]: >>> ğŸ Finished all checks.
03-02-2026 14:00:06 [INFO]: --- ğŸš€ Starting Multi-Page QA Check ---
03-02-2026 14:00:06 [INFO]: >>> ğŸ› ï¸ Launching Chrome (Full HD Mode)...
03-02-2026 14:00:12 [INFO]: 
>>> ğŸ”„ Checking Target: Prod_Check (https://my.rishonlezion.muni.il/arnona/)
03-02-2026 14:00:12 [INFO]: >>> â³ Step Started: Prod_Check__Nav...
03-02-2026 14:00:16 [INFO]: >>> âœ… Step Passed: Prod_Check__Nav
03-02-2026 14:00:16 [INFO]: >>> â³ Step Started: Prod_Check__Login...
03-02-2026 14:00:16 [INFO]: >>> ğŸ”’ Detected 'Privacy/Red' Login Screen. Handling it...
03-02-2026 14:00:29 [INFO]: >>> ğŸ”‘ Regular Login required for Prod_Check. Logging in...
03-02-2026 14:00:32 [INFO]: >>> âœ… Step Passed: Prod_Check__Login
03-02-2026 14:00:32 [INFO]: >>> â³ Step Started: Prod_Check__Verify_Data...
03-02-2026 14:00:42 [INFO]: >>> âœ… SUCCESS: Found '7570727' on Prod_Check.
03-02-2026 14:00:42 [INFO]: >>> âœ… Step Passed: Prod_Check__Verify_Data
03-02-2026 14:00:42 [INFO]: 
>>> ğŸ”„ Checking Target: Test_Check (https://mytest.rishonlezion.muni.il/arnona/)
03-02-2026 14:00:42 [INFO]: >>> â³ Step Started: Test_Check__Nav...
03-02-2026 14:00:45 [INFO]: >>> âœ… Step Passed: Test_Check__Nav
03-02-2026 14:00:45 [INFO]: >>> â³ Step Started: Test_Check__Login...
03-02-2026 14:00:45 [INFO]: >>> ğŸ”’ Detected 'Privacy/Red' Login Screen. Handling it...
03-02-2026 14:00:58 [INFO]: >>> ğŸ”‘ Regular Login required for Test_Check. Logging in...
03-02-2026 14:01:19 [INFO]: >>> âœ… Step Passed: Test_Check__Login
03-02-2026 14:01:19 [INFO]: >>> â³ Step Started: Test_Check__Verify_Data...
03-02-2026 14:04:30 [ERROR]: >>> ğŸš© RED FLAG at step: [Test_Check__Verify_Data]
03-02-2026 14:04:30 [ERROR]: >>> âŒ Error Details: Data validation failed: Timeout: Data did not load
03-02-2026 14:04:30 [INFO]: >>> ğŸ–¼ï¸ Screenshot saved: C:\Rizone\Projects\nitur\logs\screenshots\FAIL_Test_Check__Verify_Data__2026-02-03_12-04-30.png
03-02-2026 14:04:30 [WARN]: >>> âš ï¸ Moving to next target due to: Data validation failed: Timeout: Data did not load
03-02-2026 14:04:34 [INFO]: >>> ğŸ Finished all checks.
03-02-2026 17:00:05 [INFO]: --- ğŸš€ Starting Multi-Page QA Check ---
03-02-2026 17:00:05 [INFO]: >>> ğŸ› ï¸ Launching Chrome (Full HD Mode)...
03-02-2026 17:00:07 [INFO]: 
>>> ğŸ”„ Checking Target: Prod_Check (https://my.rishonlezion.muni.il/arnona/)
03-02-2026 17:00:07 [INFO]: >>> â³ Step Started: Prod_Check__Nav...
03-02-2026 17:00:11 [INFO]: >>> âœ… Step Passed: Prod_Check__Nav
03-02-2026 17:00:11 [INFO]: >>> â³ Step Started: Prod_Check__Login...
03-02-2026 17:00:11 [INFO]: >>> ğŸ”’ Detected 'Privacy/Red' Login Screen. Handling it...
03-02-2026 17:00:24 [INFO]: >>> ğŸ”‘ Regular Login required for Prod_Check. Logging in...
03-02-2026 17:00:30 [INFO]: >>> âœ… Step Passed: Prod_Check__Login
03-02-2026 17:00:30 [INFO]: >>> â³ Step Started: Prod_Check__Verify_Data...
03-02-2026 17:00:36 [INFO]: >>> âœ… SUCCESS: Found '7570727' on Prod_Check.
03-02-2026 17:00:36 [INFO]: >>> âœ… Step Passed: Prod_Check__Verify_Data
03-02-2026 17:00:36 [INFO]: 
>>> ğŸ”„ Checking Target: Test_Check (https://mytest.rishonlezion.muni.il/arnona/)
03-02-2026 17:00:36 [INFO]: >>> â³ Step Started: Test_Check__Nav...
03-02-2026 17:00:40 [INFO]: >>> âœ… Step Passed: Test_Check__Nav
03-02-2026 17:00:40 [INFO]: >>> â³ Step Started: Test_Check__Login...
03-02-2026 17:00:40 [INFO]: >>> ğŸ”’ Detected 'Privacy/Red' Login Screen. Handling it...
03-02-2026 17:00:53 [INFO]: >>> ğŸ”‘ Regular Login required for Test_Check. Logging in...
03-02-2026 17:01:01 [INFO]: >>> âœ… Step Passed: Test_Check__Login
03-02-2026 17:01:01 [INFO]: >>> â³ Step Started: Test_Check__Verify_Data...
03-02-2026 17:01:38 [INFO]: >>> âœ… SUCCESS: Found '7570727' on Test_Check.
03-02-2026 17:01:38 [INFO]: >>> âœ… Step Passed: Test_Check__Verify_Data
03-02-2026 17:01:53 [INFO]: >>> ğŸ Finished all checks.
03-02-2026 20:00:06 [INFO]: --- ğŸš€ Starting Multi-Page QA Check ---
03-02-2026 20:00:06 [INFO]: >>> ğŸ› ï¸ Launching Chrome (Full HD Mode)...
03-02-2026 20:00:38 [INFO]: 
>>> ğŸ”„ Checking Target: Prod_Check (https://my.rishonlezion.muni.il/arnona/)
03-02-2026 20:00:38 [INFO]: >>> â³ Step Started: Prod_Check__Nav...
03-02-2026 20:00:41 [INFO]: >>> âœ… Step Passed: Prod_Check__Nav
03-02-2026 20:00:41 [INFO]: >>> â³ Step Started: Prod_Check__Login...
03-02-2026 20:00:41 [INFO]: >>> ğŸ”’ Detected 'Privacy/Red' Login Screen. Handling it...
03-02-2026 20:00:54 [INFO]: >>> ğŸ”‘ Regular Login required for Prod_Check. Logging in...
03-02-2026 20:01:00 [INFO]: >>> âœ… Step Passed: Prod_Check__Login
03-02-2026 20:01:00 [INFO]: >>> â³ Step Started: Prod_Check__Verify_Data...
03-02-2026 20:01:10 [INFO]: >>> âœ… SUCCESS: Found '7570727' on Prod_Check.
03-02-2026 20:01:10 [INFO]: >>> âœ… Step Passed: Prod_Check__Verify_Data
03-02-2026 20:01:10 [INFO]: 
>>> ğŸ”„ Checking Target: Test_Check (https://mytest.rishonlezion.muni.il/arnona/)
03-02-2026 20:01:10 [INFO]: >>> â³ Step Started: Test_Check__Nav...
03-02-2026 20:01:14 [INFO]: >>> âœ… Step Passed: Test_Check__Nav
03-02-2026 20:01:14 [INFO]: >>> â³ Step Started: Test_Check__Login...
03-02-2026 20:01:14 [INFO]: >>> ğŸ”’ Detected 'Privacy/Red' Login Screen. Handling it...
03-02-2026 20:01:27 [INFO]: >>> ğŸ”‘ Regular Login required for Test_Check. Logging in...
03-02-2026 20:01:34 [INFO]: >>> âœ… Step Passed: Test_Check__Login
03-02-2026 20:01:34 [INFO]: >>> â³ Step Started: Test_Check__Verify_Data...
03-02-2026 20:02:09 [INFO]: >>> âœ… SUCCESS: Found '7570727' on Test_Check.
03-02-2026 20:02:09 [INFO]: >>> âœ… Step Passed: Test_Check__Verify_Data
03-02-2026 20:02:16 [INFO]: >>> ğŸ Finished all checks.
