30-01-2026 08:00:05 [INFO]: --- ğŸš€ Starting Multi-Page QA Check ---
30-01-2026 08:00:05 [INFO]: >>> ğŸ› ï¸ Launching Chrome (Full HD Mode)...
30-01-2026 08:00:23 [INFO]: 
>>> ğŸ”„ Checking Target: Prod_Check (https://my.rishonlezion.muni.il/arnona/)
30-01-2026 08:00:23 [INFO]: >>> â³ Step Started: Prod_Check__Nav...
30-01-2026 08:00:28 [INFO]: >>> âœ… Step Passed: Prod_Check__Nav
30-01-2026 08:00:28 [INFO]: >>> â³ Step Started: Prod_Check__Login...
30-01-2026 08:00:28 [INFO]: >>> ğŸ”’ Detected 'Privacy/Red' Login Screen. Handling it...
30-01-2026 08:00:43 [INFO]: >>> ğŸ”‘ Regular Login required for Prod_Check. Logging in...
30-01-2026 08:00:46 [INFO]: >>> âœ… Step Passed: Prod_Check__Login
30-01-2026 08:00:46 [INFO]: >>> â³ Step Started: Prod_Check__Verify_Data...
30-01-2026 08:00:53 [INFO]: >>> âœ… SUCCESS: Found '7570727' on Prod_Check.
30-01-2026 08:00:53 [INFO]: >>> âœ… Step Passed: Prod_Check__Verify_Data
30-01-2026 08:00:53 [INFO]: 
>>> ğŸ”„ Checking Target: Test_Check (https://mytest.rishonlezion.muni.il/arnona/)
30-01-2026 08:00:53 [INFO]: >>> â³ Step Started: Test_Check__Nav...
30-01-2026 08:00:56 [INFO]: >>> âœ… Step Passed: Test_Check__Nav
30-01-2026 08:00:56 [INFO]: >>> â³ Step Started: Test_Check__Login...
30-01-2026 08:00:56 [INFO]: >>> ğŸ”’ Detected 'Privacy/Red' Login Screen. Handling it...
30-01-2026 08:01:09 [INFO]: >>> ğŸ”‘ Regular Login required for Test_Check. Logging in...
30-01-2026 08:01:15 [INFO]: >>> âœ… Step Passed: Test_Check__Login
30-01-2026 08:01:15 [INFO]: >>> â³ Step Started: Test_Check__Verify_Data...
30-01-2026 08:04:25 [ERROR]: >>> ğŸš© RED FLAG at step: [Test_Check__Verify_Data]
30-01-2026 08:04:25 [ERROR]: >>> âŒ Error Details: Data validation failed: Timeout: Data did not load
30-01-2026 08:04:26 [INFO]: >>> ğŸ–¼ï¸ Screenshot saved: C:\Rizone\Projects\nitur\logs\screenshots\FAIL_Test_Check__Verify_Data__2026-01-30_06-04-25.png
30-01-2026 08:04:26 [WARN]: >>> âš ï¸ Moving to next target due to: Data validation failed: Timeout: Data did not load
30-01-2026 08:04:29 [INFO]: >>> ğŸ Finished all checks.
30-01-2026 11:00:04 [INFO]: --- ğŸš€ Starting Multi-Page QA Check ---
30-01-2026 11:00:04 [INFO]: >>> ğŸ› ï¸ Launching Chrome (Full HD Mode)...
30-01-2026 11:00:12 [INFO]: 
>>> ğŸ”„ Checking Target: Prod_Check (https://my.rishonlezion.muni.il/arnona/)
30-01-2026 11:00:12 [INFO]: >>> â³ Step Started: Prod_Check__Nav...
30-01-2026 11:00:15 [INFO]: >>> âœ… Step Passed: Prod_Check__Nav
30-01-2026 11:00:15 [INFO]: >>> â³ Step Started: Prod_Check__Login...
30-01-2026 11:00:15 [INFO]: >>> ğŸ”’ Detected 'Privacy/Red' Login Screen. Handling it...
30-01-2026 11:00:29 [INFO]: >>> ğŸ”‘ Regular Login required for Prod_Check. Logging in...
30-01-2026 11:00:33 [INFO]: >>> âœ… Step Passed: Prod_Check__Login
30-01-2026 11:00:33 [INFO]: >>> â³ Step Started: Prod_Check__Verify_Data...
30-01-2026 11:00:39 [INFO]: >>> âœ… SUCCESS: Found '7570727' on Prod_Check.
30-01-2026 11:00:39 [INFO]: >>> âœ… Step Passed: Prod_Check__Verify_Data
30-01-2026 11:00:39 [INFO]: 
>>> ğŸ”„ Checking Target: Test_Check (https://mytest.rishonlezion.muni.il/arnona/)
30-01-2026 11:00:39 [INFO]: >>> â³ Step Started: Test_Check__Nav...
30-01-2026 11:00:43 [INFO]: >>> âœ… Step Passed: Test_Check__Nav
30-01-2026 11:00:43 [INFO]: >>> â³ Step Started: Test_Check__Login...
30-01-2026 11:00:43 [INFO]: >>> ğŸ”’ Detected 'Privacy/Red' Login Screen. Handling it...
30-01-2026 11:00:57 [INFO]: >>> ğŸ”‘ Regular Login required for Test_Check. Logging in...
30-01-2026 11:01:00 [INFO]: >>> âœ… Step Passed: Test_Check__Login
30-01-2026 11:01:00 [INFO]: >>> â³ Step Started: Test_Check__Verify_Data...
30-01-2026 11:04:09 [ERROR]: >>> ğŸš© RED FLAG at step: [Test_Check__Verify_Data]
30-01-2026 11:04:09 [ERROR]: >>> âŒ Error Details: Data validation failed: Timeout: Data did not load
30-01-2026 11:04:09 [INFO]: >>> ğŸ–¼ï¸ Screenshot saved: C:\Rizone\Projects\nitur\logs\screenshots\FAIL_Test_Check__Verify_Data__2026-01-30_09-04-09.png
30-01-2026 11:04:09 [WARN]: >>> âš ï¸ Moving to next target due to: Data validation failed: Timeout: Data did not load
30-01-2026 11:04:14 [INFO]: >>> ğŸ Finished all checks.
30-01-2026 14:00:04 [INFO]: --- ğŸš€ Starting Multi-Page QA Check ---
30-01-2026 14:00:04 [INFO]: >>> ğŸ› ï¸ Launching Chrome (Full HD Mode)...
30-01-2026 14:00:06 [INFO]: 
>>> ğŸ”„ Checking Target: Prod_Check (https://my.rishonlezion.muni.il/arnona/)
30-01-2026 14:00:06 [INFO]: >>> â³ Step Started: Prod_Check__Nav...
30-01-2026 14:00:15 [INFO]: >>> âœ… Step Passed: Prod_Check__Nav
30-01-2026 14:00:15 [INFO]: >>> â³ Step Started: Prod_Check__Login...
30-01-2026 14:00:15 [INFO]: >>> ğŸ”’ Detected 'Privacy/Red' Login Screen. Handling it...
30-01-2026 14:00:28 [INFO]: >>> ğŸ”‘ Regular Login required for Prod_Check. Logging in...
30-01-2026 14:00:31 [INFO]: >>> âœ… Step Passed: Prod_Check__Login
30-01-2026 14:00:31 [INFO]: >>> â³ Step Started: Prod_Check__Verify_Data...
30-01-2026 14:00:37 [INFO]: >>> âœ… SUCCESS: Found '7570727' on Prod_Check.
30-01-2026 14:00:37 [INFO]: >>> âœ… Step Passed: Prod_Check__Verify_Data
30-01-2026 14:00:37 [INFO]: 
>>> ğŸ”„ Checking Target: Test_Check (https://mytest.rishonlezion.muni.il/arnona/)
30-01-2026 14:00:37 [INFO]: >>> â³ Step Started: Test_Check__Nav...
30-01-2026 14:00:39 [INFO]: >>> âœ… Step Passed: Test_Check__Nav
30-01-2026 14:00:39 [INFO]: >>> â³ Step Started: Test_Check__Login...
30-01-2026 14:00:39 [INFO]: >>> ğŸ”’ Detected 'Privacy/Red' Login Screen. Handling it...
30-01-2026 14:00:53 [INFO]: >>> ğŸ”‘ Regular Login required for Test_Check. Logging in...
30-01-2026 14:00:56 [INFO]: >>> âœ… Step Passed: Test_Check__Login
30-01-2026 14:00:56 [INFO]: >>> â³ Step Started: Test_Check__Verify_Data...
30-01-2026 14:04:07 [ERROR]: >>> ğŸš© RED FLAG at step: [Test_Check__Verify_Data]
30-01-2026 14:04:07 [ERROR]: >>> âŒ Error Details: Data validation failed: Timeout: Data did not load
30-01-2026 14:04:07 [INFO]: >>> ğŸ–¼ï¸ Screenshot saved: C:\Rizone\Projects\nitur\logs\screenshots\FAIL_Test_Check__Verify_Data__2026-01-30_12-04-07.png
30-01-2026 14:04:07 [WARN]: >>> âš ï¸ Moving to next target due to: Data validation failed: Timeout: Data did not load
30-01-2026 14:04:10 [INFO]: >>> ğŸ Finished all checks.
30-01-2026 17:00:04 [INFO]: --- ğŸš€ Starting Multi-Page QA Check ---
30-01-2026 17:00:04 [INFO]: >>> ğŸ› ï¸ Launching Chrome (Full HD Mode)...
30-01-2026 17:00:06 [INFO]: 
>>> ğŸ”„ Checking Target: Prod_Check (https://my.rishonlezion.muni.il/arnona/)
30-01-2026 17:00:06 [INFO]: >>> â³ Step Started: Prod_Check__Nav...
30-01-2026 17:00:10 [INFO]: >>> âœ… Step Passed: Prod_Check__Nav
30-01-2026 17:00:10 [INFO]: >>> â³ Step Started: Prod_Check__Login...
30-01-2026 17:00:10 [INFO]: >>> ğŸ”’ Detected 'Privacy/Red' Login Screen. Handling it...
30-01-2026 17:00:23 [INFO]: >>> ğŸ”‘ Regular Login required for Prod_Check. Logging in...
30-01-2026 17:00:26 [INFO]: >>> âœ… Step Passed: Prod_Check__Login
30-01-2026 17:00:26 [INFO]: >>> â³ Step Started: Prod_Check__Verify_Data...
30-01-2026 17:00:33 [INFO]: >>> âœ… SUCCESS: Found '7570727' on Prod_Check.
30-01-2026 17:00:33 [INFO]: >>> âœ… Step Passed: Prod_Check__Verify_Data
30-01-2026 17:00:33 [INFO]: 
>>> ğŸ”„ Checking Target: Test_Check (https://mytest.rishonlezion.muni.il/arnona/)
30-01-2026 17:00:33 [INFO]: >>> â³ Step Started: Test_Check__Nav...
30-01-2026 17:00:36 [INFO]: >>> âœ… Step Passed: Test_Check__Nav
30-01-2026 17:00:36 [INFO]: >>> â³ Step Started: Test_Check__Login...
30-01-2026 17:00:36 [INFO]: >>> ğŸ”’ Detected 'Privacy/Red' Login Screen. Handling it...
30-01-2026 17:00:49 [INFO]: >>> ğŸ”‘ Regular Login required for Test_Check. Logging in...
30-01-2026 17:00:57 [INFO]: >>> âœ… Step Passed: Test_Check__Login
30-01-2026 17:00:57 [INFO]: >>> â³ Step Started: Test_Check__Verify_Data...
30-01-2026 17:04:07 [ERROR]: >>> ğŸš© RED FLAG at step: [Test_Check__Verify_Data]
30-01-2026 17:04:07 [ERROR]: >>> âŒ Error Details: Data validation failed: Timeout: Data did not load
30-01-2026 17:04:07 [INFO]: >>> ğŸ–¼ï¸ Screenshot saved: C:\Rizone\Projects\nitur\logs\screenshots\FAIL_Test_Check__Verify_Data__2026-01-30_15-04-07.png
30-01-2026 17:04:07 [WARN]: >>> âš ï¸ Moving to next target due to: Data validation failed: Timeout: Data did not load
30-01-2026 17:04:10 [INFO]: >>> ğŸ Finished all checks.
30-01-2026 20:00:13 [INFO]: --- ğŸš€ Starting Multi-Page QA Check ---
30-01-2026 20:00:13 [INFO]: >>> ğŸ› ï¸ Launching Chrome (Full HD Mode)...
30-01-2026 20:03:24 [INFO]: 
>>> ğŸ”„ Checking Target: Prod_Check (https://my.rishonlezion.muni.il/arnona/)
30-01-2026 20:03:24 [INFO]: >>> â³ Step Started: Prod_Check__Nav...
30-01-2026 20:03:39 [INFO]: >>> âœ… Step Passed: Prod_Check__Nav
30-01-2026 20:03:40 [INFO]: >>> â³ Step Started: Prod_Check__Login...
30-01-2026 20:03:40 [INFO]: >>> ğŸ”’ Detected 'Privacy/Red' Login Screen. Handling it...
30-01-2026 20:04:23 [INFO]: >>> ğŸ”‘ Regular Login required for Prod_Check. Logging in...
30-01-2026 20:04:33 [INFO]: >>> âœ… Step Passed: Prod_Check__Login
30-01-2026 20:04:33 [INFO]: >>> â³ Step Started: Prod_Check__Verify_Data...
30-01-2026 20:05:12 [INFO]: >>> âœ… SUCCESS: Found '7570727' on Prod_Check.
30-01-2026 20:05:12 [INFO]: >>> âœ… Step Passed: Prod_Check__Verify_Data
30-01-2026 20:05:12 [INFO]: 
>>> ğŸ”„ Checking Target: Test_Check (https://mytest.rishonlezion.muni.il/arnona/)
30-01-2026 20:05:12 [INFO]: >>> â³ Step Started: Test_Check__Nav...
30-01-2026 20:05:17 [INFO]: >>> âœ… Step Passed: Test_Check__Nav
30-01-2026 20:05:18 [INFO]: >>> â³ Step Started: Test_Check__Login...
30-01-2026 20:05:23 [INFO]: >>> âœ… Step Passed: Test_Check__Login
30-01-2026 20:05:23 [INFO]: >>> â³ Step Started: Test_Check__Verify_Data...
30-01-2026 20:08:33 [ERROR]: >>> ğŸš© RED FLAG at step: [Test_Check__Verify_Data]
30-01-2026 20:08:33 [ERROR]: >>> âŒ Error Details: Data validation failed: Timeout: Data did not load
30-01-2026 20:08:34 [INFO]: >>> ğŸ–¼ï¸ Screenshot saved: C:\Rizone\Projects\nitur\logs\screenshots\FAIL_Test_Check__Verify_Data__2026-01-30_18-08-33.png
30-01-2026 20:08:34 [WARN]: >>> âš ï¸ Moving to next target due to: Data validation failed: Timeout: Data did not load
30-01-2026 20:08:55 [INFO]: >>> ğŸ Finished all checks.
