05-02-2026 08:00:09 [INFO]: --- ğŸš€ Starting Multi-Page QA Check ---
05-02-2026 08:00:09 [INFO]: >>> ğŸ› ï¸ Launching Chrome (Full HD Mode)...
05-02-2026 08:00:28 [INFO]: 
>>> ğŸ”„ Checking Target: Prod_Check (https://my.rishonlezion.muni.il/arnona/)
05-02-2026 08:00:28 [INFO]: >>> â³ Step Started: Prod_Check__Nav...
05-02-2026 08:00:40 [INFO]: >>> âœ… Step Passed: Prod_Check__Nav
05-02-2026 08:00:40 [INFO]: >>> â³ Step Started: Prod_Check__Login...
05-02-2026 08:00:40 [INFO]: >>> ğŸ”’ Detected 'Privacy/Red' Login Screen. Handling it...
05-02-2026 08:00:54 [INFO]: >>> ğŸ”‘ Regular Login required for Prod_Check. Logging in...
05-02-2026 08:01:21 [INFO]: >>> âœ… Step Passed: Prod_Check__Login
05-02-2026 08:01:21 [INFO]: >>> â³ Step Started: Prod_Check__Verify_Data...
05-02-2026 08:01:29 [INFO]: >>> âœ… SUCCESS: Found '7570727' on Prod_Check.
05-02-2026 08:01:29 [INFO]: >>> âœ… Step Passed: Prod_Check__Verify_Data
05-02-2026 08:01:29 [INFO]: 
>>> ğŸ”„ Checking Target: Test_Check (https://mytest.rishonlezion.muni.il/arnona/)
05-02-2026 08:01:29 [INFO]: >>> â³ Step Started: Test_Check__Nav...
05-02-2026 08:01:32 [INFO]: >>> âœ… Step Passed: Test_Check__Nav
05-02-2026 08:01:32 [INFO]: >>> â³ Step Started: Test_Check__Login...
05-02-2026 08:01:32 [INFO]: >>> ğŸ”’ Detected 'Privacy/Red' Login Screen. Handling it...
05-02-2026 08:01:46 [INFO]: >>> ğŸ”‘ Regular Login required for Test_Check. Logging in...
05-02-2026 08:01:54 [INFO]: >>> âœ… Step Passed: Test_Check__Login
05-02-2026 08:01:54 [INFO]: >>> â³ Step Started: Test_Check__Verify_Data...
05-02-2026 08:02:14 [INFO]: >>> âœ… SUCCESS: Found '7570727' on Test_Check.
05-02-2026 08:02:14 [INFO]: >>> âœ… Step Passed: Test_Check__Verify_Data
05-02-2026 08:02:41 [INFO]: >>> ğŸ Finished all checks.
05-02-2026 11:00:06 [INFO]: --- ğŸš€ Starting Multi-Page QA Check ---
05-02-2026 11:00:06 [INFO]: >>> ğŸ› ï¸ Launching Chrome (Full HD Mode)...
05-02-2026 11:00:17 [INFO]: 
>>> ğŸ”„ Checking Target: Prod_Check (https://my.rishonlezion.muni.il/arnona/)
05-02-2026 11:00:17 [INFO]: >>> â³ Step Started: Prod_Check__Nav...
05-02-2026 11:00:21 [INFO]: >>> âœ… Step Passed: Prod_Check__Nav
05-02-2026 11:00:21 [INFO]: >>> â³ Step Started: Prod_Check__Login...
05-02-2026 11:00:22 [INFO]: >>> ğŸ”’ Detected 'Privacy/Red' Login Screen. Handling it...
05-02-2026 11:00:35 [INFO]: >>> ğŸ”‘ Regular Login required for Prod_Check. Logging in...
05-02-2026 11:00:39 [INFO]: >>> âœ… Step Passed: Prod_Check__Login
05-02-2026 11:00:39 [INFO]: >>> â³ Step Started: Prod_Check__Verify_Data...
05-02-2026 11:00:46 [INFO]: >>> âœ… SUCCESS: Found '7570727' on Prod_Check.
05-02-2026 11:00:46 [INFO]: >>> âœ… Step Passed: Prod_Check__Verify_Data
05-02-2026 11:00:46 [INFO]: 
>>> ğŸ”„ Checking Target: Test_Check (https://mytest.rishonlezion.muni.il/arnona/)
05-02-2026 11:00:46 [INFO]: >>> â³ Step Started: Test_Check__Nav...
05-02-2026 11:00:48 [INFO]: >>> âœ… Step Passed: Test_Check__Nav
05-02-2026 11:00:48 [INFO]: >>> â³ Step Started: Test_Check__Login...
05-02-2026 11:00:48 [INFO]: >>> ğŸ”’ Detected 'Privacy/Red' Login Screen. Handling it...
05-02-2026 11:01:01 [INFO]: >>> ğŸ”‘ Regular Login required for Test_Check. Logging in...
05-02-2026 11:01:07 [INFO]: >>> âœ… Step Passed: Test_Check__Login
05-02-2026 11:01:07 [INFO]: >>> â³ Step Started: Test_Check__Verify_Data...
05-02-2026 11:01:42 [INFO]: >>> âœ… SUCCESS: Found '7570727' on Test_Check.
05-02-2026 11:01:42 [INFO]: >>> âœ… Step Passed: Test_Check__Verify_Data
05-02-2026 11:01:47 [INFO]: >>> ğŸ Finished all checks.
05-02-2026 14:00:05 [INFO]: --- ğŸš€ Starting Multi-Page QA Check ---
05-02-2026 14:00:05 [INFO]: >>> ğŸ› ï¸ Launching Chrome (Full HD Mode)...
05-02-2026 14:00:07 [INFO]: 
>>> ğŸ”„ Checking Target: Prod_Check (https://my.rishonlezion.muni.il/arnona/)
05-02-2026 14:00:07 [INFO]: >>> â³ Step Started: Prod_Check__Nav...
05-02-2026 14:00:11 [INFO]: >>> âœ… Step Passed: Prod_Check__Nav
05-02-2026 14:00:11 [INFO]: >>> â³ Step Started: Prod_Check__Login...
05-02-2026 14:00:11 [INFO]: >>> ğŸ”’ Detected 'Privacy/Red' Login Screen. Handling it...
05-02-2026 14:00:24 [INFO]: >>> ğŸ”‘ Regular Login required for Prod_Check. Logging in...
05-02-2026 14:00:29 [INFO]: >>> âœ… Step Passed: Prod_Check__Login
05-02-2026 14:00:29 [INFO]: >>> â³ Step Started: Prod_Check__Verify_Data...
05-02-2026 14:00:40 [INFO]: >>> âœ… SUCCESS: Found '7570727' on Prod_Check.
05-02-2026 14:00:40 [INFO]: >>> âœ… Step Passed: Prod_Check__Verify_Data
05-02-2026 14:00:40 [INFO]: 
>>> ğŸ”„ Checking Target: Test_Check (https://mytest.rishonlezion.muni.il/arnona/)
05-02-2026 14:00:40 [INFO]: >>> â³ Step Started: Test_Check__Nav...
05-02-2026 14:00:42 [INFO]: >>> âœ… Step Passed: Test_Check__Nav
05-02-2026 14:00:42 [INFO]: >>> â³ Step Started: Test_Check__Login...
05-02-2026 14:00:42 [INFO]: >>> ğŸ”’ Detected 'Privacy/Red' Login Screen. Handling it...
05-02-2026 14:00:56 [INFO]: >>> ğŸ”‘ Regular Login required for Test_Check. Logging in...
05-02-2026 14:00:59 [INFO]: >>> âœ… Step Passed: Test_Check__Login
05-02-2026 14:00:59 [INFO]: >>> â³ Step Started: Test_Check__Verify_Data...
05-02-2026 14:01:43 [INFO]: >>> âœ… SUCCESS: Found '7570727' on Test_Check.
05-02-2026 14:01:43 [INFO]: >>> âœ… Step Passed: Test_Check__Verify_Data
05-02-2026 14:01:49 [INFO]: >>> ğŸ Finished all checks.
05-02-2026 17:00:05 [INFO]: --- ğŸš€ Starting Multi-Page QA Check ---
05-02-2026 17:00:05 [INFO]: >>> ğŸ› ï¸ Launching Chrome (Full HD Mode)...
05-02-2026 17:00:15 [INFO]: 
>>> ğŸ”„ Checking Target: Prod_Check (https://my.rishonlezion.muni.il/arnona/)
05-02-2026 17:00:15 [INFO]: >>> â³ Step Started: Prod_Check__Nav...
05-02-2026 17:00:18 [INFO]: >>> âœ… Step Passed: Prod_Check__Nav
05-02-2026 17:00:18 [INFO]: >>> â³ Step Started: Prod_Check__Login...
05-02-2026 17:00:18 [INFO]: >>> ğŸ”’ Detected 'Privacy/Red' Login Screen. Handling it...
05-02-2026 17:00:31 [INFO]: >>> ğŸ”‘ Regular Login required for Prod_Check. Logging in...
05-02-2026 17:00:34 [INFO]: >>> âœ… Step Passed: Prod_Check__Login
05-02-2026 17:00:34 [INFO]: >>> â³ Step Started: Prod_Check__Verify_Data...
05-02-2026 17:00:42 [INFO]: >>> âœ… SUCCESS: Found '7570727' on Prod_Check.
05-02-2026 17:00:42 [INFO]: >>> âœ… Step Passed: Prod_Check__Verify_Data
05-02-2026 17:00:42 [INFO]: 
>>> ğŸ”„ Checking Target: Test_Check (https://mytest.rishonlezion.muni.il/arnona/)
05-02-2026 17:00:42 [INFO]: >>> â³ Step Started: Test_Check__Nav...
05-02-2026 17:00:44 [INFO]: >>> âœ… Step Passed: Test_Check__Nav
05-02-2026 17:00:44 [INFO]: >>> â³ Step Started: Test_Check__Login...
05-02-2026 17:00:44 [INFO]: >>> ğŸ”’ Detected 'Privacy/Red' Login Screen. Handling it...
05-02-2026 17:00:57 [INFO]: >>> ğŸ”‘ Regular Login required for Test_Check. Logging in...
05-02-2026 17:01:01 [INFO]: >>> âœ… Step Passed: Test_Check__Login
05-02-2026 17:01:01 [INFO]: >>> â³ Step Started: Test_Check__Verify_Data...
05-02-2026 17:01:40 [INFO]: >>> âœ… SUCCESS: Found '7570727' on Test_Check.
05-02-2026 17:01:40 [INFO]: >>> âœ… Step Passed: Test_Check__Verify_Data
05-02-2026 17:01:47 [INFO]: >>> ğŸ Finished all checks.
05-02-2026 20:00:16 [INFO]: --- ğŸš€ Starting Multi-Page QA Check ---
05-02-2026 20:00:16 [INFO]: >>> ğŸ› ï¸ Launching Chrome (Full HD Mode)...
05-02-2026 20:06:04 [INFO]: 
>>> ğŸ”„ Checking Target: Prod_Check (https://my.rishonlezion.muni.il/arnona/)
05-02-2026 20:06:05 [INFO]: >>> â³ Step Started: Prod_Check__Nav...
05-02-2026 20:06:52 [ERROR]: >>> ğŸš© RED FLAG at step: [Prod_Check__Nav]
05-02-2026 20:06:52 [ERROR]: >>> âŒ Error Details: net::ERR_ABORTED at https://my.rishonlezion.muni.il/arnona/
05-02-2026 20:09:13 [INFO]: >>> ğŸ–¼ï¸ Screenshot saved: C:\Rizone\Projects\nitur\logs\screenshots\FAIL_Prod_Check__Nav__2026-02-05_18-06-52.png
05-02-2026 20:09:13 [WARN]: >>> âš ï¸ Moving to next target due to: net::ERR_ABORTED at https://my.rishonlezion.muni.il/arnona/
05-02-2026 20:09:14 [INFO]: 
>>> ğŸ”„ Checking Target: Test_Check (https://mytest.rishonlezion.muni.il/arnona/)
05-02-2026 20:09:14 [INFO]: >>> â³ Step Started: Test_Check__Nav...
05-02-2026 20:10:15 [ERROR]: >>> ğŸš© RED FLAG at step: [Test_Check__Nav]
05-02-2026 20:10:16 [ERROR]: >>> âŒ Error Details: Navigation timeout of 60000 ms exceeded
05-02-2026 20:10:31 [INFO]: >>> ğŸ–¼ï¸ Screenshot saved: C:\Rizone\Projects\nitur\logs\screenshots\FAIL_Test_Check__Nav__2026-02-05_18-10-16.png
05-02-2026 20:10:31 [WARN]: >>> âš ï¸ Moving to next target due to: Navigation timeout of 60000 ms exceeded
05-02-2026 20:10:48 [INFO]: >>> ğŸ Finished all checks.
