09-02-2026 08:00:06 [INFO]: >>> üöÄ Starting QA Automation
09-02-2026 08:00:27 [INFO]: >>> üîÑ Checking Prod_Check (prod)
09-02-2026 08:00:27 [INFO]: >>> ‚è≥ Step Started: Prod_Check__Nav
09-02-2026 08:00:34 [INFO]: >>> ‚úÖ Step Passed: Prod_Check__Nav
09-02-2026 08:00:34 [INFO]: >>> ‚è≥ Step Started: Prod_Check__Verify_Data
09-02-2026 08:03:34 [ERROR]: >>> üö© RED FLAG at step: [Prod_Check__Verify_Data]
09-02-2026 08:03:34 [ERROR]: >>> ‚ùå Error Details: Data validation failed: Timeout: Data did not load
09-02-2026 08:03:35 [INFO]: >>> üñºÔ∏è Screenshot saved: C:\Rizone\Projects\nitur\logs\screenshots\FAIL_Prod_Check__Verify_Data__2026-02-09_06-03-34.png
09-02-2026 08:03:35 [WARN]: >>> ‚ö†Ô∏è Moving on: Data validation failed: Timeout: Data did not load
09-02-2026 08:03:35 [INFO]: >>> üîÑ Checking Test_Check (test)
09-02-2026 08:03:35 [INFO]: >>> ‚è≥ Step Started: Test_Check__Nav
09-02-2026 08:03:38 [INFO]: >>> ‚úÖ Step Passed: Test_Check__Nav
09-02-2026 08:03:38 [INFO]: >>> ‚è≥ Step Started: Test_Check__Verify_Data
09-02-2026 08:06:39 [ERROR]: >>> üö© RED FLAG at step: [Test_Check__Verify_Data]
09-02-2026 08:06:39 [ERROR]: >>> ‚ùå Error Details: Data validation failed: Timeout: Data did not load
09-02-2026 08:06:39 [INFO]: >>> üñºÔ∏è Screenshot saved: C:\Rizone\Projects\nitur\logs\screenshots\FAIL_Test_Check__Verify_Data__2026-02-09_06-06-39.png
09-02-2026 08:06:39 [WARN]: >>> ‚ö†Ô∏è Moving on: Data validation failed: Timeout: Data did not load
09-02-2026 08:06:41 [INFO]: >>> üèÅ Finished all checks.
09-02-2026 08:47:24 [WARN]: >>> ‚ö†Ô∏è Cleanup warning: Command failed: taskkill /F /IM chrome.exe /T
ERROR: The process with PID 41916 (child process of PID 38244) could not be terminated.
Reason: There is no running instance of the task.

09-02-2026 08:47:24 [INFO]: >>> üöÄ Starting QA Automation
09-02-2026 08:47:27 [INFO]: >>> üîÑ Checking Prod_Check (prod)
09-02-2026 08:47:27 [INFO]: >>> ‚è≥ Step Started: Prod_Check__Nav
09-02-2026 08:47:33 [INFO]: >>> ‚úÖ Step Passed: Prod_Check__Nav
09-02-2026 08:47:33 [INFO]: >>> ‚è≥ Step Started: Prod_Check__Verify_Data
09-02-2026 08:50:34 [ERROR]: >>> üö© RED FLAG at step: [Prod_Check__Verify_Data]
09-02-2026 08:50:34 [ERROR]: >>> ‚ùå Error Details: Data validation failed: Timeout: Data did not load
09-02-2026 08:50:34 [INFO]: >>> üñºÔ∏è Screenshot saved: W:\Projects\nitur\logs\screenshots\FAIL_Prod_Check__Verify_Data__2026-02-09_06-50-34.png
09-02-2026 08:50:34 [WARN]: >>> ‚ö†Ô∏è Moving on: Data validation failed: Timeout: Data did not load
09-02-2026 08:50:34 [INFO]: >>> üîÑ Checking Test_Check (test)
09-02-2026 08:50:34 [INFO]: >>> ‚è≥ Step Started: Test_Check__Nav
09-02-2026 08:50:37 [INFO]: >>> ‚úÖ Step Passed: Test_Check__Nav
09-02-2026 08:50:37 [INFO]: >>> ‚è≥ Step Started: Test_Check__Verify_Data
09-02-2026 08:53:38 [ERROR]: >>> üö© RED FLAG at step: [Test_Check__Verify_Data]
09-02-2026 08:53:38 [ERROR]: >>> ‚ùå Error Details: Data validation failed: Timeout: Data did not load
09-02-2026 08:53:39 [INFO]: >>> üñºÔ∏è Screenshot saved: W:\Projects\nitur\logs\screenshots\FAIL_Test_Check__Verify_Data__2026-02-09_06-53-38.png
09-02-2026 08:53:39 [WARN]: >>> ‚ö†Ô∏è Moving on: Data validation failed: Timeout: Data did not load
09-02-2026 08:53:40 [INFO]: >>> üèÅ Finished all checks.
09-02-2026 08:54:05 [WARN]: >>> ‚ö†Ô∏è Cleanup warning: Command failed: taskkill /F /IM chrome.exe /T
ERROR: The process with PID 44196 (child process of PID 45064) could not be terminated.
Reason: There is no running instance of the task.

09-02-2026 08:54:05 [INFO]: >>> üöÄ Starting QA Automation
09-02-2026 08:54:08 [INFO]: >>> üîÑ Checking Prod_Check (prod)
09-02-2026 08:54:08 [INFO]: >>> ‚è≥ Step Started: Prod_Check__Nav
09-02-2026 08:54:16 [INFO]: >>> ‚úÖ Step Passed: Prod_Check__Nav
09-02-2026 08:54:16 [INFO]: >>> ‚è≥ Step Started: Prod_Check__Login
09-02-2026 08:54:16 [WARN]: >>> ‚ö†Ô∏è Login flow issue: page.$x is not a function
09-02-2026 08:54:16 [INFO]: >>> ‚úÖ Step Passed: Prod_Check__Login
09-02-2026 08:54:16 [INFO]: >>> ‚è≥ Step Started: Prod_Check__Verify_Data
09-02-2026 08:57:17 [ERROR]: >>> üö© RED FLAG at step: [Prod_Check__Verify_Data]
09-02-2026 08:57:17 [ERROR]: >>> ‚ùå Error Details: Data validation failed: Timeout: Data did not load
09-02-2026 08:57:18 [INFO]: >>> üñºÔ∏è Screenshot saved: W:\Projects\nitur\logs\screenshots\FAIL_Prod_Check__Verify_Data__2026-02-09_06-57-17.png
09-02-2026 08:57:18 [WARN]: >>> ‚ö†Ô∏è Moving on: Data validation failed: Timeout: Data did not load
09-02-2026 08:57:18 [INFO]: >>> üîÑ Checking Test_Check (test)
09-02-2026 08:57:18 [INFO]: >>> ‚è≥ Step Started: Test_Check__Nav
09-02-2026 08:57:21 [INFO]: >>> ‚úÖ Step Passed: Test_Check__Nav
09-02-2026 08:57:21 [INFO]: >>> ‚è≥ Step Started: Test_Check__Login
09-02-2026 08:57:21 [WARN]: >>> ‚ö†Ô∏è Login flow issue: page.$x is not a function
09-02-2026 08:57:21 [INFO]: >>> ‚úÖ Step Passed: Test_Check__Login
09-02-2026 08:57:21 [INFO]: >>> ‚è≥ Step Started: Test_Check__Verify_Data
09-02-2026 08:58:30 [INFO]: >>> üßπ Zombies killed.
09-02-2026 08:58:30 [INFO]: >>> üöÄ Starting QA Automation
09-02-2026 08:58:32 [INFO]: >>> üîÑ Checking Prod_Check (prod)
09-02-2026 08:58:32 [INFO]: >>> ‚è≥ Step Started: Prod_Check__Nav
09-02-2026 08:58:36 [INFO]: >>> ‚úÖ Step Passed: Prod_Check__Nav
09-02-2026 08:58:36 [INFO]: >>> ‚è≥ Step Started: Prod_Check__Login
09-02-2026 08:58:36 [INFO]: >>> üîê Checking for Login Gate...
09-02-2026 08:58:36 [INFO]: >>> üîê Login Gate detected. Starting sequence...
09-02-2026 08:58:36 [INFO]: >>> üñ±Ô∏è Clicked '◊õ◊†◊ô◊°◊î'
09-02-2026 08:58:46 [WARN]: >>> ‚ö†Ô∏è Login flow issue: Waiting for selector `//div[contains(text(), '◊ë◊ê◊û◊¶◊¢◊ï◊™ ◊°◊ô◊°◊û◊î')] | //span[contains(text(), '◊ë◊ê◊û◊¶◊¢◊ï◊™ ◊°◊ô◊°◊û◊î')]` failed
09-02-2026 08:58:47 [INFO]: >>> ‚úÖ Step Passed: Prod_Check__Login
09-02-2026 08:58:47 [INFO]: >>> ‚è≥ Step Started: Prod_Check__Verify_Data
09-02-2026 09:01:27 [WARN]: >>> ‚ö†Ô∏è Cleanup warning: Command failed: taskkill /F /IM chrome.exe /T
ERROR: The process with PID 46468 (child process of PID 28016) could not be terminated.
Reason: There is no running instance of the task.

09-02-2026 09:01:27 [INFO]: >>> üöÄ Starting QA Automation
09-02-2026 09:01:30 [INFO]: >>> üîÑ Target: Prod_Check (prod)
09-02-2026 09:01:30 [INFO]: >>> ‚è≥ Step Started: Prod_Check__Nav
09-02-2026 09:01:34 [INFO]: >>> ‚úÖ Step Passed: Prod_Check__Nav
09-02-2026 09:01:34 [INFO]: >>> ‚è≥ Step Started: Prod_Check__Login
09-02-2026 09:01:34 [INFO]: >>> üîê Starting login flow...
09-02-2026 09:01:34 [INFO]: >>> üñ±Ô∏è Clicked top-left '◊õ◊†◊ô◊°◊î'
09-02-2026 09:01:44 [ERROR]: >>> ‚ùå Login Flow Error: Waiting for selector `//div[contains(text(), '◊ë◊ê◊û◊¶◊¢◊ï◊™ ◊°◊ô◊°◊û◊î')] | //span[contains(text(), '◊ë◊ê◊û◊¶◊¢◊ï◊™ ◊°◊ô◊°◊û◊î')]` failed
09-02-2026 09:01:44 [ERROR]: >>> üö© RED FLAG at step: [Prod_Check__Login]
09-02-2026 09:01:44 [ERROR]: >>> ‚ùå Error: Waiting for selector `//div[contains(text(), '◊ë◊ê◊û◊¶◊¢◊ï◊™ ◊°◊ô◊°◊û◊î')] | //span[contains(text(), '◊ë◊ê◊û◊¶◊¢◊ï◊™ ◊°◊ô◊°◊û◊î')]` failed
09-02-2026 09:01:45 [INFO]: >>> üñºÔ∏è Screenshot saved: FAIL_Prod_Check__Login_2026-02-09_07-01-44.png
09-02-2026 09:01:45 [WARN]: >>> ‚ö†Ô∏è Target Prod_Check failed: Waiting for selector `//div[contains(text(), '◊ë◊ê◊û◊¶◊¢◊ï◊™ ◊°◊ô◊°◊û◊î')] | //span[contains(text(), '◊ë◊ê◊û◊¶◊¢◊ï◊™ ◊°◊ô◊°◊û◊î')]` failed
09-02-2026 09:01:45 [INFO]: >>> üîÑ Target: Test_Check (test)
09-02-2026 09:01:45 [INFO]: >>> ‚è≥ Step Started: Test_Check__Nav
09-02-2026 09:01:47 [INFO]: >>> ‚úÖ Step Passed: Test_Check__Nav
09-02-2026 09:01:47 [INFO]: >>> ‚è≥ Step Started: Test_Check__Login
09-02-2026 09:01:47 [INFO]: >>> üîê Starting login flow...
09-02-2026 09:01:47 [INFO]: >>> üñ±Ô∏è Clicked top-left '◊õ◊†◊ô◊°◊î'
09-02-2026 09:01:57 [ERROR]: >>> ‚ùå Login Flow Error: Waiting for selector `//div[contains(text(), '◊ë◊ê◊û◊¶◊¢◊ï◊™ ◊°◊ô◊°◊û◊î')] | //span[contains(text(), '◊ë◊ê◊û◊¶◊¢◊ï◊™ ◊°◊ô◊°◊û◊î')]` failed
09-02-2026 09:01:57 [ERROR]: >>> üö© RED FLAG at step: [Test_Check__Login]
09-02-2026 09:01:57 [ERROR]: >>> ‚ùå Error: Waiting for selector `//div[contains(text(), '◊ë◊ê◊û◊¶◊¢◊ï◊™ ◊°◊ô◊°◊û◊î')] | //span[contains(text(), '◊ë◊ê◊û◊¶◊¢◊ï◊™ ◊°◊ô◊°◊û◊î')]` failed
09-02-2026 09:01:58 [INFO]: >>> üñºÔ∏è Screenshot saved: FAIL_Test_Check__Login_2026-02-09_07-01-57.png
09-02-2026 09:01:58 [WARN]: >>> ‚ö†Ô∏è Target Test_Check failed: Waiting for selector `//div[contains(text(), '◊ë◊ê◊û◊¶◊¢◊ï◊™ ◊°◊ô◊°◊û◊î')] | //span[contains(text(), '◊ë◊ê◊û◊¶◊¢◊ï◊™ ◊°◊ô◊°◊û◊î')]` failed
09-02-2026 09:01:59 [INFO]: >>> üèÅ Finished all checks.
09-02-2026 09:03:57 [INFO]: >>> üßπ Zombies killed.
09-02-2026 09:03:57 [INFO]: >>> üöÄ Starting QA Automation
09-02-2026 09:04:00 [INFO]: >>> üîÑ Checking Prod_Check (prod)
09-02-2026 09:04:00 [INFO]: >>> ‚è≥ Step Started: Prod_Check__Nav
09-02-2026 09:04:18 [INFO]: >>> ‚úÖ Step Passed: Prod_Check__Nav
09-02-2026 09:04:18 [INFO]: >>> ‚è≥ Step Started: Prod_Check__Login
09-02-2026 09:04:18 [INFO]: >>> üîê Starting login flow...
09-02-2026 09:04:18 [INFO]: >>> üñ±Ô∏è Clicked top-left '◊õ◊†◊ô◊°◊î'
09-02-2026 09:04:20 [INFO]: >>> ‚ö° Password input already visible. Skipping tab click.
09-02-2026 09:04:20 [INFO]: >>> ‚úçÔ∏è Entering credentials...
09-02-2026 09:04:21 [ERROR]: >>> ‚ùå Login Flow Failed: No element found for selector: input[name="password"]
09-02-2026 09:04:21 [ERROR]: >>> üö© RED FLAG at step: [Prod_Check__Login]
09-02-2026 09:04:21 [ERROR]: >>> ‚ùå Error: No element found for selector: input[name="password"]
09-02-2026 09:04:22 [INFO]: >>> üñºÔ∏è Screenshot saved: FAIL_Prod_Check__Login_2026-02-09_07-04-21.png
09-02-2026 09:04:22 [WARN]: >>> ‚ö†Ô∏è Target failed: No element found for selector: input[name="password"]
09-02-2026 09:04:22 [INFO]: >>> üîÑ Checking Test_Check (test)
09-02-2026 09:04:22 [INFO]: >>> ‚è≥ Step Started: Test_Check__Nav
09-02-2026 09:04:24 [INFO]: >>> ‚úÖ Step Passed: Test_Check__Nav
09-02-2026 09:04:24 [INFO]: >>> ‚è≥ Step Started: Test_Check__Login
09-02-2026 09:04:24 [INFO]: >>> üîê Starting login flow...
09-02-2026 09:04:24 [INFO]: >>> üñ±Ô∏è Clicked top-left '◊õ◊†◊ô◊°◊î'
09-02-2026 09:04:26 [INFO]: >>> ‚ö° Password input already visible. Skipping tab click.
09-02-2026 09:04:26 [INFO]: >>> ‚úçÔ∏è Entering credentials...
09-02-2026 09:04:27 [ERROR]: >>> ‚ùå Login Flow Failed: No element found for selector: input[name="password"]
09-02-2026 09:04:27 [ERROR]: >>> üö© RED FLAG at step: [Test_Check__Login]
09-02-2026 09:04:27 [ERROR]: >>> ‚ùå Error: No element found for selector: input[name="password"]
09-02-2026 09:04:28 [INFO]: >>> üñºÔ∏è Screenshot saved: FAIL_Test_Check__Login_2026-02-09_07-04-27.png
09-02-2026 09:04:28 [WARN]: >>> ‚ö†Ô∏è Target failed: No element found for selector: input[name="password"]
09-02-2026 09:04:28 [INFO]: >>> üèÅ Finished all checks.
09-02-2026 09:09:05 [INFO]: >>> üßπ Zombies killed.
09-02-2026 09:09:05 [INFO]: >>> üöÄ Starting QA Automation
09-02-2026 09:09:08 [INFO]: >>> üîÑ Checking Prod_Check (prod)
09-02-2026 09:09:08 [INFO]: >>> ‚è≥ Step Started: Prod_Check__Nav
09-02-2026 09:09:11 [INFO]: >>> ‚úÖ Step Passed: Prod_Check__Nav
09-02-2026 09:09:11 [INFO]: >>> ‚è≥ Step Started: Prod_Check__Login
09-02-2026 09:09:11 [INFO]: >>> üîê Starting login flow...
09-02-2026 09:09:11 [INFO]: >>> üñ±Ô∏è Clicked top-left '◊õ◊†◊ô◊°◊î'
09-02-2026 09:09:13 [INFO]: >>> üñ±Ô∏è Clicked '◊ë◊ê◊û◊¶◊¢◊ï◊™ ◊°◊ô◊°◊û◊î' tab
09-02-2026 09:09:14 [INFO]: >>> ‚úçÔ∏è Entering credentials...
09-02-2026 09:09:16 [INFO]: >>> üöÄ Submitting form...
09-02-2026 09:09:16 [INFO]: >>> üñ±Ô∏è Clicked Submit (via JS)
09-02-2026 09:09:18 [INFO]: >>> ‚úÖ Modal closed successfully
09-02-2026 09:09:19 [INFO]: >>> ‚úÖ Step Passed: Prod_Check__Login
09-02-2026 09:09:19 [INFO]: >>> ‚è≥ Step Started: Prod_Check__Verify_Data
09-02-2026 09:09:29 [INFO]: >>> ‚úÖ SUCCESS on Prod_Check
09-02-2026 09:09:29 [INFO]: >>> ‚úÖ Step Passed: Prod_Check__Verify_Data
09-02-2026 09:09:29 [INFO]: >>> üîÑ Checking Test_Check (test)
09-02-2026 09:09:29 [INFO]: >>> ‚è≥ Step Started: Test_Check__Nav
09-02-2026 09:09:33 [INFO]: >>> ‚úÖ Step Passed: Test_Check__Nav
09-02-2026 09:09:33 [INFO]: >>> ‚è≥ Step Started: Test_Check__Login
09-02-2026 09:09:33 [INFO]: >>> üîê Starting login flow...
09-02-2026 09:09:33 [INFO]: >>> üñ±Ô∏è Clicked top-left '◊õ◊†◊ô◊°◊î'
09-02-2026 09:09:35 [INFO]: >>> üñ±Ô∏è Clicked '◊ë◊ê◊û◊¶◊¢◊ï◊™ ◊°◊ô◊°◊û◊î' tab
09-02-2026 09:09:36 [INFO]: >>> ‚úçÔ∏è Entering credentials...
09-02-2026 09:09:38 [INFO]: >>> üöÄ Submitting form...
09-02-2026 09:09:38 [INFO]: >>> üñ±Ô∏è Clicked Submit (via JS)
09-02-2026 09:09:40 [INFO]: >>> ‚úÖ Modal closed successfully
09-02-2026 09:09:41 [INFO]: >>> ‚úÖ Step Passed: Test_Check__Login
09-02-2026 09:09:41 [INFO]: >>> ‚è≥ Step Started: Test_Check__Verify_Data
09-02-2026 09:12:42 [ERROR]: >>> üö© RED FLAG at step: [Test_Check__Verify_Data]
09-02-2026 09:12:42 [ERROR]: >>> ‚ùå Error: Data validation failed: Text not found after timeout
09-02-2026 09:12:43 [INFO]: >>> üñºÔ∏è Screenshot saved: FAIL_Test_Check__Verify_Data_2026-02-09_07-12-42.png
09-02-2026 09:12:43 [WARN]: >>> ‚ö†Ô∏è Target failed: Data validation failed: Text not found after timeout
09-02-2026 09:12:44 [INFO]: >>> üèÅ Finished all checks.
09-02-2026 09:16:49 [INFO]: >>> üßπ Zombies killed.
09-02-2026 09:16:49 [INFO]: >>> üöÄ Starting QA Automation
09-02-2026 09:16:52 [INFO]: >>> üîÑ Checking Prod_Check (prod)
09-02-2026 09:16:52 [INFO]: >>> ‚è≥ Step Started: Prod_Check__Nav
09-02-2026 09:16:55 [INFO]: >>> ‚úÖ Step Passed: Prod_Check__Nav
09-02-2026 09:16:55 [INFO]: >>> ‚è≥ Step Started: Prod_Check__Login
09-02-2026 09:16:55 [INFO]: >>> üîê Starting login flow...
09-02-2026 09:16:56 [INFO]: >>> üñ±Ô∏è Clicked top-left '◊õ◊†◊ô◊°◊î'
09-02-2026 09:16:58 [INFO]: >>> üñ±Ô∏è Clicked '◊ë◊ê◊û◊¶◊¢◊ï◊™ ◊°◊ô◊°◊û◊î' tab
09-02-2026 09:16:59 [INFO]: >>> ‚úçÔ∏è Entering credentials...
09-02-2026 09:17:00 [INFO]: >>> üöÄ Submitting form...
09-02-2026 09:17:01 [INFO]: >>> üñ±Ô∏è Clicked Submit (via JS)
09-02-2026 09:17:03 [INFO]: >>> ‚úÖ Modal closed successfully
09-02-2026 09:17:04 [INFO]: >>> ‚úÖ Step Passed: Prod_Check__Login
09-02-2026 09:17:04 [INFO]: >>> ‚è≥ Step Started: Prod_Check__Verify_Data
09-02-2026 09:17:22 [INFO]: >>> ‚úÖ SUCCESS on Prod_Check
09-02-2026 09:17:22 [INFO]: >>> ‚úÖ Step Passed: Prod_Check__Verify_Data
09-02-2026 09:17:22 [INFO]: >>> üîÑ Checking Test_Check (test)
09-02-2026 09:17:22 [INFO]: >>> ‚è≥ Step Started: Test_Check__Nav
09-02-2026 09:17:25 [INFO]: >>> ‚úÖ Step Passed: Test_Check__Nav
09-02-2026 09:17:25 [INFO]: >>> ‚è≥ Step Started: Test_Check__Login
09-02-2026 09:17:25 [INFO]: >>> üîê Starting login flow...
09-02-2026 09:17:25 [INFO]: >>> üñ±Ô∏è Clicked top-left '◊õ◊†◊ô◊°◊î'
09-02-2026 09:17:27 [INFO]: >>> üñ±Ô∏è Clicked '◊ë◊ê◊û◊¶◊¢◊ï◊™ ◊°◊ô◊°◊û◊î' tab
09-02-2026 09:17:28 [INFO]: >>> ‚úçÔ∏è Entering credentials...
09-02-2026 09:17:29 [INFO]: >>> üöÄ Submitting form...
09-02-2026 09:17:29 [INFO]: >>> üñ±Ô∏è Clicked Submit (via JS)
09-02-2026 09:17:32 [INFO]: >>> ‚úÖ Modal closed successfully
09-02-2026 09:17:33 [INFO]: >>> ‚úÖ Step Passed: Test_Check__Login
09-02-2026 09:17:33 [INFO]: >>> ‚è≥ Step Started: Test_Check__Verify_Data
09-02-2026 09:20:33 [ERROR]: >>> üö© RED FLAG at step: [Test_Check__Verify_Data]
09-02-2026 09:20:33 [ERROR]: >>> ‚ùå Error: Data validation failed: Text not found after timeout
09-02-2026 09:20:35 [INFO]: >>> üñºÔ∏è Screenshot saved: FAIL_Test_Check__Verify_Data_2026-02-09_07-20-33.png
09-02-2026 09:20:35 [WARN]: >>> ‚ö†Ô∏è Target failed: Data validation failed: Text not found after timeout
09-02-2026 09:20:36 [INFO]: >>> üèÅ Finished all checks.
09-02-2026 09:26:52 [INFO]: >>> üßπ Zombies killed.
09-02-2026 09:26:52 [INFO]: >>> üöÄ Starting QA Automation
09-02-2026 09:26:55 [INFO]: >>> üîÑ Checking Prod_Check (prod)
09-02-2026 09:26:55 [INFO]: >>> ‚è≥ Step Started: Prod_Check__Nav
09-02-2026 09:26:59 [INFO]: >>> ‚úÖ Step Passed: Prod_Check__Nav
09-02-2026 09:26:59 [INFO]: >>> ‚è≥ Step Started: Prod_Check__Login
09-02-2026 09:26:59 [INFO]: >>> üîê Starting login flow...
09-02-2026 09:26:59 [INFO]: >>> üñ±Ô∏è Clicked top-left '◊õ◊†◊ô◊°◊î'
09-02-2026 09:27:01 [INFO]: >>> üñ±Ô∏è Clicked '◊ë◊ê◊û◊¶◊¢◊ï◊™ ◊°◊ô◊°◊û◊î' tab
09-02-2026 09:27:02 [INFO]: >>> ‚úçÔ∏è Entering credentials...
09-02-2026 09:27:04 [INFO]: >>> üöÄ Submitting form...
09-02-2026 09:27:04 [INFO]: >>> üñ±Ô∏è Clicked Submit (via JS)
09-02-2026 09:27:06 [INFO]: >>> ‚úÖ Modal closed successfully
09-02-2026 09:27:07 [INFO]: >>> ‚úÖ Step Passed: Prod_Check__Login
09-02-2026 09:27:07 [INFO]: >>> ‚è≥ Step Started: Prod_Check__Verify_Data
09-02-2026 09:27:12 [INFO]: >>> ‚úÖ SUCCESS on Prod_Check
09-02-2026 09:27:12 [INFO]: >>> ‚úÖ Step Passed: Prod_Check__Verify_Data
09-02-2026 09:27:12 [INFO]: >>> üîÑ Checking Test_Check (test)
09-02-2026 09:27:12 [INFO]: >>> ‚è≥ Step Started: Test_Check__Nav
09-02-2026 09:27:13 [INFO]: >>> ‚úÖ Step Passed: Test_Check__Nav
09-02-2026 09:27:13 [INFO]: >>> ‚è≥ Step Started: Test_Check__Login
09-02-2026 09:27:13 [INFO]: >>> üîê Starting login flow...
09-02-2026 09:27:14 [INFO]: >>> üñ±Ô∏è Clicked top-left '◊õ◊†◊ô◊°◊î'
09-02-2026 09:27:16 [INFO]: >>> üñ±Ô∏è Clicked '◊ë◊ê◊û◊¶◊¢◊ï◊™ ◊°◊ô◊°◊û◊î' tab
09-02-2026 09:27:17 [INFO]: >>> ‚úçÔ∏è Entering credentials...
09-02-2026 09:27:18 [INFO]: >>> üöÄ Submitting form...
09-02-2026 09:27:18 [INFO]: >>> üñ±Ô∏è Clicked Submit (via JS)
09-02-2026 09:27:21 [INFO]: >>> ‚úÖ Modal closed successfully
09-02-2026 09:27:22 [INFO]: >>> ‚úÖ Step Passed: Test_Check__Login
09-02-2026 09:27:22 [INFO]: >>> ‚è≥ Step Started: Test_Check__Verify_Data
09-02-2026 09:30:22 [ERROR]: >>> üö© RED FLAG at step: [Test_Check__Verify_Data]
09-02-2026 09:30:22 [ERROR]: >>> ‚ùå Error: Data validation failed: Text not found after timeout
09-02-2026 09:30:23 [INFO]: >>> üñºÔ∏è Screenshot saved: FAIL_Test_Check__Verify_Data_2026-02-09_07-30-22.png
09-02-2026 09:30:23 [WARN]: >>> ‚ö†Ô∏è Target failed: Data validation failed: Text not found after timeout
09-02-2026 09:30:24 [INFO]: >>> üèÅ Finished all checks.
09-02-2026 09:37:42 [WARN]: >>> ‚ö†Ô∏è Cleanup warning: Command failed: taskkill /F /IM chrome.exe /T
ERROR: The process with PID 47360 (child process of PID 27524) could not be terminated.
Reason: There is no running instance of the task.

09-02-2026 09:37:42 [INFO]: >>> üöÄ Starting QA Automation
09-02-2026 09:37:46 [INFO]: >>> üîÑ Checking Prod_Check (prod)
09-02-2026 09:37:46 [INFO]: >>> ‚è≥ Step Started: Prod_Check__Nav
09-02-2026 09:37:48 [INFO]: >>> ‚úÖ Step Passed: Prod_Check__Nav
09-02-2026 09:37:48 [INFO]: >>> ‚è≥ Step Started: Prod_Check__Login
09-02-2026 09:37:48 [INFO]: >>> üîê Starting login flow...
09-02-2026 09:37:51 [INFO]: >>> ‚úçÔ∏è Entering credentials...
09-02-2026 09:37:53 [INFO]: >>> üöÄ Submitting form...
09-02-2026 09:37:54 [INFO]: >>> ‚úÖ Modal closed successfully
09-02-2026 09:37:55 [INFO]: >>> ‚úÖ Step Passed: Prod_Check__Login
09-02-2026 09:37:55 [INFO]: >>> ‚è≥ Step Started: Prod_Check__Verify_Data
09-02-2026 09:38:01 [INFO]: >>> ‚úÖ SUCCESS on Prod_Check
09-02-2026 09:38:01 [INFO]: >>> ‚úÖ Step Passed: Prod_Check__Verify_Data
09-02-2026 09:38:01 [INFO]: >>> üîÑ Checking Test_Check (test)
09-02-2026 09:38:01 [INFO]: >>> ‚è≥ Step Started: Test_Check__Nav
09-02-2026 09:38:03 [INFO]: >>> ‚úÖ Step Passed: Test_Check__Nav
09-02-2026 09:38:03 [INFO]: >>> ‚è≥ Step Started: Test_Check__Login
09-02-2026 09:38:03 [INFO]: >>> üîê Starting login flow...
09-02-2026 09:38:06 [INFO]: >>> ‚úçÔ∏è Entering credentials...
09-02-2026 09:38:07 [INFO]: >>> üöÄ Submitting form...
09-02-2026 09:38:09 [INFO]: >>> ‚úÖ Modal closed successfully
09-02-2026 09:38:10 [INFO]: >>> ‚úÖ Step Passed: Test_Check__Login
09-02-2026 09:38:10 [INFO]: >>> ‚è≥ Step Started: Test_Check__Verify_Data
09-02-2026 09:41:11 [ERROR]: >>> üö© RED FLAG at step: [Test_Check__Verify_Data]
09-02-2026 09:41:11 [ERROR]: >>> ‚ùå Error: Data validation failed: Text not found after timeout
09-02-2026 09:41:13 [INFO]: >>> üñºÔ∏è Super Screenshot saved: FULL_Test_Check__Verify_Data_2026-02-09_07-41-11.png (1500px height)
09-02-2026 09:41:13 [WARN]: >>> ‚ö†Ô∏è Target failed: Data validation failed: Text not found after timeout
09-02-2026 09:41:14 [INFO]: >>> üèÅ Finished all checks.
09-02-2026 09:43:07 [INFO]: >>> üßπ Cleanup: Zombies killed.
09-02-2026 09:43:07 [INFO]: >>> üöÄ Starting QA Automation
09-02-2026 09:43:10 [INFO]: >>> üîÑ Checking Prod_Check (prod)
09-02-2026 09:43:10 [INFO]: >>> ‚è≥ Step Started: Prod_Check__Nav
09-02-2026 09:43:12 [INFO]: >>> ‚úÖ Step Passed: Prod_Check__Nav
09-02-2026 09:43:12 [INFO]: >>> ‚è≥ Step Started: Prod_Check__Login
09-02-2026 09:43:12 [INFO]: >>> üîê Starting login flow...
09-02-2026 09:43:19 [INFO]: >>> ‚úÖ Step Passed: Prod_Check__Login
09-02-2026 09:43:19 [INFO]: >>> ‚è≥ Step Started: Prod_Check__Verify_Data
09-02-2026 09:43:19 [ERROR]: >>> üö© RED FLAG at step: [Prod_Check__Verify_Data]
09-02-2026 09:43:19 [ERROR]: >>> ‚ùå Error: Execution context was destroyed, most likely because of a navigation.
09-02-2026 09:43:19 [ERROR]: >>> ‚ö†Ô∏è Screenshot failed: page.waitForTimeout is not a function
09-02-2026 09:43:19 [WARN]: >>> ‚ö†Ô∏è Target failed: Execution context was destroyed, most likely because of a navigation.
09-02-2026 09:43:19 [INFO]: >>> üîÑ Checking Test_Check (test)
09-02-2026 09:43:19 [INFO]: >>> ‚è≥ Step Started: Test_Check__Nav
09-02-2026 09:43:22 [INFO]: >>> ‚úÖ Step Passed: Test_Check__Nav
09-02-2026 09:43:22 [INFO]: >>> ‚è≥ Step Started: Test_Check__Login
09-02-2026 09:43:22 [INFO]: >>> üîê Starting login flow...
09-02-2026 09:43:28 [INFO]: >>> ‚úÖ Step Passed: Test_Check__Login
09-02-2026 09:43:28 [INFO]: >>> ‚è≥ Step Started: Test_Check__Verify_Data
09-02-2026 09:45:50 [INFO]: >>> üßπ Cleanup: Zombies killed.
09-02-2026 09:45:50 [INFO]: >>> üöÄ Starting QA Automation
09-02-2026 09:45:53 [INFO]: >>> üîÑ Checking Prod_Check (prod)
09-02-2026 09:45:53 [INFO]: >>> ‚è≥ Step Started: Prod_Check__Nav
09-02-2026 09:45:56 [INFO]: >>> ‚úÖ Step Passed: Prod_Check__Nav
09-02-2026 09:45:56 [INFO]: >>> ‚è≥ Step Started: Prod_Check__Login
09-02-2026 09:45:56 [INFO]: >>> üîê Starting login flow...
09-02-2026 09:46:00 [INFO]: >>> ‚úçÔ∏è Entering credentials...
09-02-2026 09:46:02 [INFO]: >>> üöÄ Submitting form...
09-02-2026 09:46:06 [INFO]: >>> ‚úÖ Modal closed successfully
09-02-2026 09:46:07 [INFO]: >>> ‚úÖ Step Passed: Prod_Check__Login
09-02-2026 09:46:07 [INFO]: >>> ‚è≥ Step Started: Prod_Check__Verify_Data
09-02-2026 09:46:18 [INFO]: >>> ‚úÖ SUCCESS on Prod_Check
09-02-2026 09:46:18 [INFO]: >>> ‚úÖ Step Passed: Prod_Check__Verify_Data
09-02-2026 09:46:18 [INFO]: >>> üîÑ Checking Test_Check (test)
09-02-2026 09:46:18 [INFO]: >>> ‚è≥ Step Started: Test_Check__Nav
09-02-2026 09:46:20 [INFO]: >>> ‚úÖ Step Passed: Test_Check__Nav
09-02-2026 09:46:20 [INFO]: >>> ‚è≥ Step Started: Test_Check__Login
09-02-2026 09:46:20 [INFO]: >>> üîê Starting login flow...
09-02-2026 09:46:23 [INFO]: >>> ‚úçÔ∏è Entering credentials...
09-02-2026 09:46:24 [INFO]: >>> üöÄ Submitting form...
09-02-2026 09:46:26 [INFO]: >>> ‚úÖ Modal closed successfully
09-02-2026 09:46:27 [INFO]: >>> ‚úÖ Step Passed: Test_Check__Login
09-02-2026 09:46:27 [INFO]: >>> ‚è≥ Step Started: Test_Check__Verify_Data
09-02-2026 09:49:28 [ERROR]: >>> üö© RED FLAG at step: [Test_Check__Verify_Data]
09-02-2026 09:49:28 [ERROR]: >>> ‚ùå Error: Data validation failed: Text not found after timeout
09-02-2026 09:49:31 [INFO]: >>> üñºÔ∏è Super Screenshot saved: FULL_Test_Check__Verify_Data_2026-02-09_07-49-28.png (1500px height)
09-02-2026 09:49:31 [WARN]: >>> ‚ö†Ô∏è Target failed: Data validation failed: Text not found after timeout
09-02-2026 09:49:32 [INFO]: >>> üèÅ Finished all checks.
09-02-2026 09:54:22 [WARN]: >>> ‚ö†Ô∏è Cleanup warning: Command failed: taskkill /F /IM chrome.exe /T
ERROR: The process with PID 48088 (child process of PID 16360) could not be terminated.
Reason: There is no running instance of the task.

09-02-2026 09:54:22 [INFO]: >>> üöÄ Starting QA Automation
09-02-2026 09:54:25 [INFO]: >>> üîÑ Checking Prod_Check
09-02-2026 09:54:25 [INFO]: >>> ‚è≥ Step Started: Prod_Check__Nav
09-02-2026 09:54:28 [INFO]: >>> ‚úÖ Step Passed: Prod_Check__Nav
09-02-2026 09:54:28 [INFO]: >>> ‚è≥ Step Started: Prod_Check__Login
09-02-2026 09:54:28 [INFO]: >>> üîê Starting login flow...
09-02-2026 09:54:35 [ERROR]: >>> ‚ùå Login Failed: Waiting for selector `//button[contains(., '◊ë◊ê◊û◊¶◊¢◊ï◊™ ◊°◊ô◊°◊û◊î')]` failed
09-02-2026 09:54:35 [ERROR]: >>> üö© RED FLAG at step: [Prod_Check__Login]
09-02-2026 09:54:37 [INFO]: >>> üñºÔ∏è Screenshot saved: FAIL_Prod_Check__Login_2026-02-09_07-54-35.png
09-02-2026 09:54:37 [WARN]: >>> ‚ö†Ô∏è Target failed: Waiting for selector `//button[contains(., '◊ë◊ê◊û◊¶◊¢◊ï◊™ ◊°◊ô◊°◊û◊î')]` failed
09-02-2026 09:54:37 [INFO]: >>> üîÑ Checking Test_Check
09-02-2026 09:54:37 [INFO]: >>> ‚è≥ Step Started: Test_Check__Nav
09-02-2026 09:54:40 [INFO]: >>> ‚úÖ Step Passed: Test_Check__Nav
09-02-2026 09:54:40 [INFO]: >>> ‚è≥ Step Started: Test_Check__Login
09-02-2026 09:54:40 [INFO]: >>> üîê Starting login flow...
09-02-2026 09:54:47 [ERROR]: >>> ‚ùå Login Failed: Waiting for selector `//button[contains(., '◊ë◊ê◊û◊¶◊¢◊ï◊™ ◊°◊ô◊°◊û◊î')]` failed
09-02-2026 09:54:47 [ERROR]: >>> üö© RED FLAG at step: [Test_Check__Login]
09-02-2026 09:54:49 [INFO]: >>> üñºÔ∏è Screenshot saved: FAIL_Test_Check__Login_2026-02-09_07-54-47.png
09-02-2026 09:54:49 [WARN]: >>> ‚ö†Ô∏è Target failed: Waiting for selector `//button[contains(., '◊ë◊ê◊û◊¶◊¢◊ï◊™ ◊°◊ô◊°◊û◊î')]` failed
09-02-2026 09:54:50 [INFO]: >>> üèÅ Finished checks.
09-02-2026 09:57:38 [INFO]: >>> üßπ Cleanup: Zombies killed.
09-02-2026 09:57:38 [INFO]: >>> üöÄ Starting QA Automation
09-02-2026 09:57:41 [INFO]: >>> üîÑ Checking Prod_Check (prod)
09-02-2026 09:57:41 [INFO]: >>> ‚è≥ Step Started: Prod_Check__Nav
09-02-2026 09:57:43 [INFO]: >>> ‚úÖ Step Passed: Prod_Check__Nav
09-02-2026 09:57:43 [INFO]: >>> ‚è≥ Step Started: Prod_Check__Login
09-02-2026 09:57:43 [INFO]: >>> üîê Starting login flow...
09-02-2026 09:57:47 [INFO]: >>> ‚úçÔ∏è Entering credentials...
09-02-2026 09:57:49 [INFO]: >>> üöÄ Submitting form...
09-02-2026 09:57:51 [INFO]: >>> ‚úÖ Modal closed successfully
09-02-2026 09:57:54 [INFO]: >>> ‚úÖ Step Passed: Prod_Check__Login
09-02-2026 09:57:54 [INFO]: >>> ‚è≥ Step Started: Prod_Check__Verify_Data
09-02-2026 09:58:04 [INFO]: >>> ‚úÖ SUCCESS on Prod_Check
09-02-2026 09:58:04 [INFO]: >>> ‚úÖ Step Passed: Prod_Check__Verify_Data
09-02-2026 09:58:04 [INFO]: >>> üîÑ Checking Test_Check (test)
09-02-2026 09:58:04 [INFO]: >>> ‚è≥ Step Started: Test_Check__Nav
09-02-2026 09:58:07 [INFO]: >>> ‚úÖ Step Passed: Test_Check__Nav
09-02-2026 09:58:07 [INFO]: >>> ‚è≥ Step Started: Test_Check__Login
09-02-2026 09:58:07 [INFO]: >>> üîê Starting login flow...
09-02-2026 09:58:10 [INFO]: >>> ‚úçÔ∏è Entering credentials...
09-02-2026 09:58:12 [INFO]: >>> üöÄ Submitting form...
09-02-2026 09:58:14 [INFO]: >>> ‚úÖ Modal closed successfully
09-02-2026 09:58:15 [INFO]: >>> ‚úÖ Step Passed: Test_Check__Login
09-02-2026 09:58:15 [INFO]: >>> ‚è≥ Step Started: Test_Check__Verify_Data
09-02-2026 10:01:15 [ERROR]: >>> üö© RED FLAG at step: [Test_Check__Verify_Data]
09-02-2026 10:01:15 [ERROR]: >>> ‚ùå Error: Data validation failed: Text not found after timeout
09-02-2026 10:01:18 [INFO]: >>> üñºÔ∏è Super Screenshot saved: FULL_Test_Check__Verify_Data_2026-02-09_08-01-15.png (1500px height)
09-02-2026 10:01:18 [WARN]: >>> ‚ö†Ô∏è Target failed: Data validation failed: Text not found after timeout
09-02-2026 10:01:18 [INFO]: >>> üèÅ Finished all checks.
09-02-2026 10:08:54 [INFO]: >>> üßπ Cleanup: Zombies killed.
09-02-2026 10:08:54 [INFO]: >>> üöÄ Starting QA Automation
09-02-2026 10:08:59 [INFO]: >>> üîÑ Checking Prod_Check (prod)
09-02-2026 10:08:59 [INFO]: >>> ‚è≥ Step Started: Prod_Check__Nav
09-02-2026 10:09:01 [INFO]: >>> ‚úÖ Step Passed: Prod_Check__Nav
09-02-2026 10:09:01 [INFO]: >>> ‚è≥ Step Started: Prod_Check__Login
09-02-2026 10:09:01 [INFO]: >>> üîê Starting login flow...
09-02-2026 10:09:08 [WARN]: >>> Could not find 'Password' tab button, maybe already selected?
09-02-2026 10:09:13 [ERROR]: >>> ‚ùå Login Failed: Waiting for selector `input[name="password"]` failed
09-02-2026 10:09:13 [ERROR]: >>> üö© RED FLAG at step: [Prod_Check__Login]
09-02-2026 10:09:13 [ERROR]: >>> ‚ùå Error: Waiting for selector `input[name="password"]` failed
09-02-2026 10:09:20 [INFO]: >>> üñºÔ∏è Super Screenshot saved: FULL_Prod_Check__Login_2026-02-09_08-09-13.png (2560x1500px)
09-02-2026 10:09:20 [WARN]: >>> ‚ö†Ô∏è Target failed: Waiting for selector `input[name="password"]` failed
09-02-2026 10:09:20 [INFO]: >>> üîÑ Checking Test_Check (test)
09-02-2026 10:09:20 [INFO]: >>> ‚è≥ Step Started: Test_Check__Nav
09-02-2026 10:09:23 [INFO]: >>> ‚úÖ Step Passed: Test_Check__Nav
09-02-2026 10:09:23 [INFO]: >>> ‚è≥ Step Started: Test_Check__Login
09-02-2026 10:09:23 [INFO]: >>> üîê Starting login flow...
09-02-2026 10:09:26 [INFO]: >>> ‚úçÔ∏è Entering credentials...
09-02-2026 10:09:29 [INFO]: >>> üöÄ Submitting form...
09-02-2026 10:09:32 [INFO]: >>> ‚úÖ Modal closed successfully
09-02-2026 10:09:33 [INFO]: >>> ‚úÖ Step Passed: Test_Check__Login
09-02-2026 10:09:33 [INFO]: >>> ‚è≥ Step Started: Test_Check__Verify_Data
09-02-2026 10:12:33 [ERROR]: >>> üö© RED FLAG at step: [Test_Check__Verify_Data]
09-02-2026 10:12:33 [ERROR]: >>> ‚ùå Error: Data validation failed: Text not found after timeout
09-02-2026 10:12:38 [INFO]: >>> üñºÔ∏è Super Screenshot saved: FULL_Test_Check__Verify_Data_2026-02-09_08-12-33.png (2560x1500px)
09-02-2026 10:12:38 [WARN]: >>> ‚ö†Ô∏è Target failed: Data validation failed: Text not found after timeout
09-02-2026 10:12:39 [INFO]: >>> üèÅ Finished all checks.
09-02-2026 10:17:56 [WARN]: >>> ‚ö†Ô∏è Cleanup warning: Command failed: taskkill /F /IM chrome.exe /T
ERROR: The process with PID 38388 (child process of PID 43792) could not be terminated.
Reason: There is no running instance of the task.

09-02-2026 10:17:56 [INFO]: >>> üöÄ Starting QA Automation
09-02-2026 10:17:59 [INFO]: >>> üîÑ Checking Prod_Check (prod)
09-02-2026 10:17:59 [INFO]: >>> ‚è≥ Step Started: Prod_Check__Nav
09-02-2026 10:18:03 [INFO]: >>> ‚úÖ Step Passed: Prod_Check__Nav
09-02-2026 10:18:03 [INFO]: >>> ‚è≥ Step Started: Prod_Check__Login
09-02-2026 10:18:03 [INFO]: >>> üîê Starting login flow...
09-02-2026 10:18:07 [INFO]: >>> ‚úçÔ∏è Entering credentials...
09-02-2026 10:18:09 [INFO]: >>> üöÄ Submitting form...
09-02-2026 10:18:11 [INFO]: >>> ‚úÖ Modal closed successfully
09-02-2026 10:18:12 [INFO]: >>> ‚úÖ Step Passed: Prod_Check__Login
09-02-2026 10:18:12 [INFO]: >>> ‚è≥ Step Started: Prod_Check__Verify_Data
09-02-2026 10:18:19 [INFO]: >>> ‚úÖ SUCCESS on Prod_Check
09-02-2026 10:18:19 [INFO]: >>> ‚úÖ Step Passed: Prod_Check__Verify_Data
09-02-2026 10:18:19 [INFO]: >>> üîÑ Checking Test_Check (test)
09-02-2026 10:18:19 [INFO]: >>> ‚è≥ Step Started: Test_Check__Nav
09-02-2026 10:18:21 [INFO]: >>> ‚úÖ Step Passed: Test_Check__Nav
09-02-2026 10:18:21 [INFO]: >>> ‚è≥ Step Started: Test_Check__Login
09-02-2026 10:18:21 [INFO]: >>> üîê Starting login flow...
09-02-2026 10:18:25 [INFO]: >>> ‚úçÔ∏è Entering credentials...
09-02-2026 10:18:26 [INFO]: >>> üöÄ Submitting form...
09-02-2026 10:18:27 [INFO]: >>> ‚úÖ Modal closed successfully
09-02-2026 10:18:28 [INFO]: >>> ‚úÖ Step Passed: Test_Check__Login
09-02-2026 10:18:28 [INFO]: >>> ‚è≥ Step Started: Test_Check__Verify_Data
09-02-2026 10:21:29 [ERROR]: >>> üö© RED FLAG at step: [Test_Check__Verify_Data]
09-02-2026 10:21:29 [ERROR]: >>> ‚ùå Error: Data validation failed: Text not found after timeout
09-02-2026 10:21:33 [INFO]: >>> üìê Calculated dimensions: 3000x2000px
09-02-2026 10:21:36 [INFO]: >>> üñºÔ∏è Super Screenshot saved: FULL_Test_Check__Verify_Data_2026-02-09_08-21-29.png (3000x2000px)
09-02-2026 10:21:36 [WARN]: >>> ‚ö†Ô∏è Target failed: Data validation failed: Text not found after timeout
09-02-2026 10:21:36 [INFO]: >>> üèÅ Finished all checks.
09-02-2026 11:00:09 [INFO]: >>> üöÄ Starting QA Automation
09-02-2026 11:00:25 [INFO]: >>> üîÑ Checking Prod_Check (prod)
09-02-2026 11:00:25 [INFO]: >>> ‚è≥ Step Started: Prod_Check__Nav
09-02-2026 11:00:29 [INFO]: >>> ‚úÖ Step Passed: Prod_Check__Nav
09-02-2026 11:00:29 [INFO]: >>> ‚è≥ Step Started: Prod_Check__Login
09-02-2026 11:00:29 [INFO]: >>> üîê Starting login flow...
09-02-2026 11:00:37 [INFO]: >>> ‚úçÔ∏è Entering credentials...
09-02-2026 11:00:41 [INFO]: >>> üöÄ Submitting form...
09-02-2026 11:00:43 [INFO]: >>> ‚úÖ Modal closed successfully
09-02-2026 11:00:44 [INFO]: >>> ‚úÖ Step Passed: Prod_Check__Login
09-02-2026 11:00:44 [INFO]: >>> ‚è≥ Step Started: Prod_Check__Verify_Data
09-02-2026 11:00:53 [INFO]: >>> ‚úÖ SUCCESS on Prod_Check
09-02-2026 11:00:53 [INFO]: >>> ‚úÖ Step Passed: Prod_Check__Verify_Data
09-02-2026 11:00:53 [INFO]: >>> üîÑ Checking Test_Check (test)
09-02-2026 11:00:53 [INFO]: >>> ‚è≥ Step Started: Test_Check__Nav
09-02-2026 11:00:56 [INFO]: >>> ‚úÖ Step Passed: Test_Check__Nav
09-02-2026 11:00:56 [INFO]: >>> ‚è≥ Step Started: Test_Check__Login
09-02-2026 11:00:56 [INFO]: >>> üîê Starting login flow...
09-02-2026 11:01:00 [INFO]: >>> ‚úçÔ∏è Entering credentials...
09-02-2026 11:01:04 [INFO]: >>> üöÄ Submitting form...
09-02-2026 11:01:06 [INFO]: >>> ‚úÖ Modal closed successfully
09-02-2026 11:01:07 [INFO]: >>> ‚úÖ Step Passed: Test_Check__Login
09-02-2026 11:01:07 [INFO]: >>> ‚è≥ Step Started: Test_Check__Verify_Data
09-02-2026 11:04:07 [ERROR]: >>> üö© RED FLAG at step: [Test_Check__Verify_Data]
09-02-2026 11:04:07 [ERROR]: >>> ‚ùå Error: Data validation failed: Text not found after timeout
09-02-2026 11:04:11 [INFO]: >>> üìê Calculated dimensions: 3000x2000px
09-02-2026 11:04:13 [INFO]: >>> üñºÔ∏è Super Screenshot saved: FULL_Test_Check__Verify_Data_2026-02-09_09-04-07.png (3000x2000px)
09-02-2026 11:04:13 [WARN]: >>> ‚ö†Ô∏è Target failed: Data validation failed: Text not found after timeout
09-02-2026 11:04:17 [INFO]: >>> üèÅ Finished all checks.
09-02-2026 11:23:54 [INFO]: >>> üßπ Cleanup: Zombies killed.
09-02-2026 11:23:54 [INFO]: >>> üöÄ Starting QA Automation (Logic V2)
09-02-2026 11:23:58 [INFO]: >>> üîÑ Checking Prod_Check (prod)
09-02-2026 11:23:58 [INFO]: >>> ‚è≥ Step Started: Prod_Check__Nav
09-02-2026 11:24:00 [INFO]: >>> ‚úÖ Step Passed: Prod_Check__Nav
09-02-2026 11:24:00 [INFO]: >>> ‚è≥ Step Started: Prod_Check__Login
09-02-2026 11:24:04 [INFO]: >>> ‚úçÔ∏è Entering credentials...
09-02-2026 11:24:10 [INFO]: >>> ‚úÖ Step Passed: Prod_Check__Login
09-02-2026 11:24:10 [INFO]: >>> ‚è≥ Step Started: Prod_Check__Verify_Data
09-02-2026 11:24:16 [INFO]: >>> ‚úÖ SUCCESS on Prod_Check
09-02-2026 11:24:16 [INFO]: >>> ‚úÖ Step Passed: Prod_Check__Verify_Data
09-02-2026 11:24:16 [INFO]: >>> üîÑ Checking Test_Check (test)
09-02-2026 11:24:16 [INFO]: >>> ‚è≥ Step Started: Test_Check__Nav
09-02-2026 11:24:19 [INFO]: >>> ‚úÖ Step Passed: Test_Check__Nav
09-02-2026 11:24:19 [INFO]: >>> ‚è≥ Step Started: Test_Check__Login
09-02-2026 11:24:23 [INFO]: >>> ‚úçÔ∏è Entering credentials...
09-02-2026 11:24:26 [INFO]: >>> ‚úÖ Step Passed: Test_Check__Login
09-02-2026 11:24:26 [INFO]: >>> ‚è≥ Step Started: Test_Check__Verify_Data
09-02-2026 11:27:27 [ERROR]: >>> üö© RED FLAG at step: [Test_Check__Verify_Data]
09-02-2026 11:27:27 [ERROR]: >>> ‚ùå Error: Data validation failed: '7570727' not found
09-02-2026 11:27:28 [INFO]: >>> üñºÔ∏è Natural Screenshot saved: FAIL_Test_Check__Verify_Data_2026-02-09_09-27-27.png
09-02-2026 11:27:28 [INFO]: >>> üìß Alert email sent successfully via Courier. ID: 1-6989a881-6ab568b4561a0abb8d96de5c
09-02-2026 11:27:28 [WARN]: >>> ‚ö†Ô∏è Target failed: Data validation failed: '7570727' not found
09-02-2026 11:27:31 [INFO]: >>> üèÅ Finished all checks.
09-02-2026 11:34:24 [INFO]: >>> üßπ Cleanup: Zombies killed.
09-02-2026 11:34:24 [INFO]: >>> üöÄ Starting QA Automation
09-02-2026 11:34:26 [INFO]: >>> üîÑ Checking Prod_Check (prod)
09-02-2026 11:34:26 [INFO]: >>> ‚è≥ Step Started: Prod_Check__Nav
09-02-2026 11:34:28 [INFO]: >>> ‚úÖ Step Passed: Prod_Check__Nav
09-02-2026 11:34:28 [INFO]: >>> ‚è≥ Step Started: Prod_Check__Login
09-02-2026 11:34:28 [INFO]: >>> üîê Starting login flow...
09-02-2026 11:34:31 [INFO]: >>> ‚úçÔ∏è Entering credentials...
09-02-2026 11:34:34 [INFO]: >>> üöÄ Submitting form...
09-02-2026 11:34:36 [INFO]: >>> ‚úÖ Modal closed successfully
09-02-2026 11:34:37 [INFO]: >>> ‚úÖ Step Passed: Prod_Check__Login
09-02-2026 11:34:37 [INFO]: >>> ‚è≥ Step Started: Prod_Check__Verify_Data
09-02-2026 11:34:46 [INFO]: >>> ‚úÖ SUCCESS on Prod_Check
09-02-2026 11:34:46 [INFO]: >>> ‚úÖ Step Passed: Prod_Check__Verify_Data
09-02-2026 11:34:46 [INFO]: >>> üîÑ Checking Test_Check (test)
09-02-2026 11:34:46 [INFO]: >>> ‚è≥ Step Started: Test_Check__Nav
09-02-2026 11:34:48 [INFO]: >>> ‚úÖ Step Passed: Test_Check__Nav
09-02-2026 11:34:48 [INFO]: >>> ‚è≥ Step Started: Test_Check__Login
09-02-2026 11:34:48 [INFO]: >>> üîê Starting login flow...
09-02-2026 11:34:51 [INFO]: >>> ‚úçÔ∏è Entering credentials...
09-02-2026 11:34:53 [INFO]: >>> üöÄ Submitting form...
09-02-2026 11:34:54 [INFO]: >>> ‚úÖ Modal closed successfully
09-02-2026 11:34:55 [INFO]: >>> ‚úÖ Step Passed: Test_Check__Login
09-02-2026 11:34:55 [INFO]: >>> ‚è≥ Step Started: Test_Check__Verify_Data
09-02-2026 11:37:56 [ERROR]: >>> üö© RED FLAG at step: [Test_Check__Verify_Data]
09-02-2026 11:37:56 [ERROR]: >>> ‚ùå Error: Data validation failed: Text not found after timeout
09-02-2026 11:37:57 [INFO]: >>> üñºÔ∏è Laptop-style Screenshot saved: FAIL_Test_Check__Verify_Data_2026-02-09_09-37-56.png
09-02-2026 11:37:57 [WARN]: >>> üîï SIMULATION: Would have sent email to alert-rizone-automazia@rishonlezion.muni.il,itamara@rishonlezion.muni.il,davidgb@rishonlezion.muni.il,ofirl@rishonlezion.muni.il
09-02-2026 11:37:57 [WARN]: >>> üîï Title:  ◊ê◊ô ◊ó◊ñ◊®◊™ ◊û◊ô◊ì◊¢ ◊ë◊û◊û◊©◊ß◊ô ◊ê◊ï◊ò◊ï◊û◊¶◊ô◊î ◊ë◊°◊ë◊ô◊ë◊™ ◊î◊ò◊°◊ò ‚ö†Ô∏è
09-02-2026 11:37:57 [WARN]: >>> ‚ö†Ô∏è Target failed: Data validation failed: Text not found after timeout
09-02-2026 11:38:00 [INFO]: >>> üèÅ Finished all checks.
09-02-2026 11:47:17 [INFO]: >>> üßπ Cleanup: Zombies killed.
09-02-2026 11:47:17 [INFO]: >>> üöÄ Starting QA Automation
09-02-2026 11:47:20 [INFO]: >>> üîÑ Checking Prod_Check (prod)
09-02-2026 11:47:20 [INFO]: >>> ‚è≥ Step Started: Prod_Check__Nav
09-02-2026 11:47:22 [INFO]: >>> ‚úÖ Step Passed: Prod_Check__Nav
09-02-2026 11:47:22 [INFO]: >>> ‚è≥ Step Started: Prod_Check__Login
09-02-2026 11:47:22 [INFO]: >>> üîê Starting login flow...
09-02-2026 11:47:25 [INFO]: >>> ‚úçÔ∏è Entering credentials...
09-02-2026 11:47:27 [INFO]: >>> üöÄ Submitting form...
09-02-2026 11:47:30 [INFO]: >>> ‚úÖ Modal closed successfully
09-02-2026 11:47:31 [INFO]: >>> ‚úÖ Step Passed: Prod_Check__Login
09-02-2026 11:47:31 [INFO]: >>> ‚è≥ Step Started: Prod_Check__Verify_Data
09-02-2026 11:47:35 [INFO]: >>> ‚úÖ SUCCESS on Prod_Check
09-02-2026 11:47:35 [INFO]: >>> ‚úÖ Step Passed: Prod_Check__Verify_Data
09-02-2026 11:47:35 [INFO]: >>> üîÑ Checking Test_Check (test)
09-02-2026 11:47:35 [INFO]: >>> ‚è≥ Step Started: Test_Check__Nav
09-02-2026 11:47:37 [INFO]: >>> ‚úÖ Step Passed: Test_Check__Nav
09-02-2026 11:47:37 [INFO]: >>> ‚è≥ Step Started: Test_Check__Login
09-02-2026 11:47:37 [INFO]: >>> üîê Starting login flow...
09-02-2026 11:47:40 [INFO]: >>> ‚úçÔ∏è Entering credentials...
09-02-2026 11:47:41 [INFO]: >>> üöÄ Submitting form...
09-02-2026 11:47:43 [INFO]: >>> ‚úÖ Modal closed successfully
09-02-2026 11:47:44 [INFO]: >>> ‚úÖ Step Passed: Test_Check__Login
09-02-2026 11:47:44 [INFO]: >>> ‚è≥ Step Started: Test_Check__Verify_Data
09-02-2026 11:50:45 [ERROR]: >>> üö© RED FLAG at step: [Test_Check__Verify_Data]
09-02-2026 11:50:45 [ERROR]: >>> ‚ùå Error: Data validation failed: Text not found after timeout
09-02-2026 11:50:47 [INFO]: >>> üñºÔ∏è Standard Screenshot saved: FAIL_Test_Check__Verify_Data_2026-02-09_09-50-45.png
09-02-2026 11:50:48 [INFO]: >>> üìß Alert email sent. ID: 1-6989adf8-4231238b127b225f46c46f56
09-02-2026 11:50:48 [WARN]: >>> ‚ö†Ô∏è Target failed: Data validation failed: Text not found after timeout
09-02-2026 11:50:51 [INFO]: >>> üèÅ Finished all checks.
09-02-2026 11:54:00 [INFO]: >>> üöÄ Starting RiZone QA Automation
09-02-2026 11:54:03 [INFO]: >>> üîÑ Checking Prod_Check
09-02-2026 11:54:03 [INFO]: >>> ‚è≥ Step Started: Prod_Check__Nav
09-02-2026 11:54:05 [INFO]: >>> ‚úÖ Step Passed: Prod_Check__Nav
09-02-2026 11:54:05 [INFO]: >>> ‚è≥ Step Started: Prod_Check__Login
09-02-2026 11:54:05 [INFO]: >>> üîê Starting login flow...
09-02-2026 11:54:12 [INFO]: >>> ‚úÖ Step Passed: Prod_Check__Login
09-02-2026 11:54:12 [INFO]: >>> ‚è≥ Step Started: Prod_Check__Verify_Data
09-02-2026 11:54:12 [ERROR]: >>> üö© RED FLAG at step: [Prod_Check__Verify_Data]
09-02-2026 11:54:12 [INFO]: >>> üñºÔ∏è Screenshot saved (1280x800): FAIL_Prod_Check__Verify_Data_2026-02-09_09-54-12.png
09-02-2026 11:54:12 [WARN]: >>> üîï SIMULATION: Would send email to alert-rizone-automazia@rishonlezion.muni.il,itamara@rishonlezion.muni.il,davidgb@rishonlezion.muni.il,ofirl@rishonlezion.muni.il
09-02-2026 11:54:12 [WARN]: >>> ‚ö†Ô∏è Target failed: Execution context was destroyed, most likely because of a navigation.
09-02-2026 11:54:12 [INFO]: >>> üîÑ Checking Test_Check
09-02-2026 11:54:12 [INFO]: >>> ‚è≥ Step Started: Test_Check__Nav
09-02-2026 11:54:16 [INFO]: >>> ‚úÖ Step Passed: Test_Check__Nav
09-02-2026 11:54:16 [INFO]: >>> ‚è≥ Step Started: Test_Check__Login
09-02-2026 11:54:16 [INFO]: >>> üîê Starting login flow...
09-02-2026 11:54:22 [INFO]: >>> ‚úÖ Step Passed: Test_Check__Login
09-02-2026 11:54:22 [INFO]: >>> ‚è≥ Step Started: Test_Check__Verify_Data
09-02-2026 11:57:23 [ERROR]: >>> üö© RED FLAG at step: [Test_Check__Verify_Data]
09-02-2026 11:57:25 [INFO]: >>> üñºÔ∏è Screenshot saved (1280x800): FAIL_Test_Check__Verify_Data_2026-02-09_09-57-23.png
09-02-2026 11:57:25 [WARN]: >>> üîï SIMULATION: Would send email to alert-rizone-automazia@rishonlezion.muni.il,itamara@rishonlezion.muni.il,davidgb@rishonlezion.muni.il,ofirl@rishonlezion.muni.il
09-02-2026 11:57:25 [WARN]: >>> ‚ö†Ô∏è Target failed: Text not found after timeout
09-02-2026 12:00:54 [INFO]: >>> üöÄ Starting RiZone QA Automation
09-02-2026 12:00:57 [INFO]: >>> üîÑ Checking Prod_Check (prod)
09-02-2026 12:00:57 [INFO]: >>> ‚è≥ Step Started: Prod_Check__Nav
09-02-2026 12:00:59 [INFO]: >>> ‚úÖ Step Passed: Prod_Check__Nav
09-02-2026 12:00:59 [INFO]: >>> ‚è≥ Step Started: Prod_Check__Login
09-02-2026 12:00:59 [INFO]: >>> üîê Starting login flow...
09-02-2026 12:01:05 [INFO]: >>> ‚úÖ Step Passed: Prod_Check__Login
09-02-2026 12:01:05 [INFO]: >>> ‚è≥ Step Started: Prod_Check__Verify_Data
09-02-2026 12:01:05 [INFO]: >>> ‚è≥ Waiting for heavy data to load...
09-02-2026 12:01:13 [INFO]: >>> ‚úÖ SUCCESS on Prod_Check
09-02-2026 12:01:13 [INFO]: >>> ‚úÖ Step Passed: Prod_Check__Verify_Data
09-02-2026 12:01:13 [INFO]: >>> üîÑ Checking Test_Check (test)
09-02-2026 12:01:13 [INFO]: >>> ‚è≥ Step Started: Test_Check__Nav
09-02-2026 12:01:15 [INFO]: >>> ‚úÖ Step Passed: Test_Check__Nav
09-02-2026 12:01:15 [INFO]: >>> ‚è≥ Step Started: Test_Check__Login
09-02-2026 12:01:15 [INFO]: >>> üîê Starting login flow...
09-02-2026 12:01:22 [INFO]: >>> ‚úÖ Step Passed: Test_Check__Login
09-02-2026 12:01:22 [INFO]: >>> ‚è≥ Step Started: Test_Check__Verify_Data
09-02-2026 12:01:22 [INFO]: >>> ‚è≥ Waiting for heavy data to load...
09-02-2026 12:04:29 [ERROR]: >>> üö© RED FLAG at step: [Test_Check__Verify_Data]
09-02-2026 12:04:29 [INFO]: >>> üñºÔ∏è Screenshot saved: FAIL_Test_Check__Verify_Data_2026-02-09_10-04-29.png
09-02-2026 12:04:29 [WARN]: >>> üîï SIMULATION: Would send email to alert-rizone-automazia@rishonlezion.muni.il,itamara@rishonlezion.muni.il,davidgb@rishonlezion.muni.il,ofirl@rishonlezion.muni.il
09-02-2026 12:04:29 [WARN]: >>> ‚ö†Ô∏è Target failed: Data validation failed: Expected text not found after full timeout
